#
# A fatal error has been detected by the Java Runtime Environment:
#
#  SIGSEGV (0xb) at pc=0x00007f8ebc1f53b8, pid=21172, tid=0x00007f8eb9b7c700
#
# JRE version: OpenJDK Runtime Environment (8.0_162-b12) (build 1.8.0_162-b12)
# Java VM: OpenJDK 64-Bit Server VM (25.162-b12 mixed mode linux-amd64 compressed oops)
# Problematic frame:
# V  [libjvm.so+0x6b73b8]
#
# Core dump written. Default location: /home/vogel/Documents/pse/PSE/server/treff_server/core or core.21172
#
# If you would like to submit a bug report, please visit:
#   http://bugreport.java.com/bugreport/crash.jsp
#

---------------  T H R E A D  ---------------

Current thread (0x00007f8eb4026000):  GCTaskThread [stack: 0x00007f8eb9a7d000,0x00007f8eb9b7d000] [id=21176]

siginfo: si_signo: 11 (SIGSEGV), si_code: 1 (SEGV_MAPERR), si_addr: 0x0000000000000100

Registers:
RAX=0x0000000000000000, RBX=0x00007f8eb9b7bd30, RCX=0x00007f8eb9b7bd50, RDX=0x0000000000000000
RSP=0x00007f8eb9b7b670, RBP=0x00007f8eb9b7b6a0, RSI=0x00007f8eb9b7bd30, RDI=0x0000000000000000
R8 =0x0000000100004f18, R9 =0x0000000000000003, R10=0x00000000d930857d, R11=0x0000000000000068
R12=0x0000000000000000, R13=0x0000000000000000, R14=0x0000000000000000, R15=0x00007f8eb9b7bd30
RIP=0x00007f8ebc1f53b8, EFLAGS=0x0000000000010202, CSGSFS=0x002b000000000033, ERR=0x0000000000000004
  TRAPNO=0x000000000000000e

Top of Stack: (sp=0x00007f8eb9b7b670)
0x00007f8eb9b7b670:   00007f8ea48f78c0 00007f8eb9b7bd30
0x00007f8eb9b7b680:   00007f8e44006800 00007f8eb4054be0
0x00007f8eb9b7b690:   0000000000000000 00007f8eb9b7bd50
0x00007f8eb9b7b6a0:   00007f8eb9b7bd20 00007f8ebc574ea8
0x00007f8eb9b7b6b0:   00007f8eb4026000 00007f8eb9b7b6c0
0x00007f8eb9b7b6c0:   00007f8ea48f7a28 00007f8ea50004e7
0x00007f8eb9b7b6d0:   00007f8ea50003d0 0000000000000000
0x00007f8eb9b7b6e0:   00007f8ea48f7a90 00007f8ea48f7a28
0x00007f8eb9b7b6f0:   00007f8ea48f7a28 00007f8ea50004e7
0x00007f8eb9b7b700:   00007f8ea50003d0 0000000000000000
0x00007f8eb9b7b710:   00007f8ea48f7a90 00007f8ea48f7a28
0x00007f8eb9b7b720:   0000000000000000 0000000000000000
0x00007f8eb9b7b730:   0000000000000000 0000000000000000
0x00007f8eb9b7b740:   0000000000000000 0000000000000000
0x00007f8eb9b7b750:   0000000000000000 0000000000000000
0x00007f8eb9b7b760:   0000000000000000 0000000000000000
0x00007f8eb9b7b770:   00007f8ea48f7a18 00007f8ea48f7a18
0x00007f8eb9b7b780:   0000000000000000 0000000000000000
0x00007f8eb9b7b790:   0000000000000000 0000000000000000
0x00007f8eb9b7b7a0:   0000000000000000 0000000000000000
0x00007f8eb9b7b7b0:   0000000000000000 0000000000000000
0x00007f8eb9b7b7c0:   0000000000000000 0000000000000000
0x00007f8eb9b7b7d0:   0000000000000000 0000000000000000
0x00007f8eb9b7b7e0:   0000000000000000 0000000000000000
0x00007f8eb9b7b7f0:   0000000000000000 0000000000000000
0x00007f8eb9b7b800:   0000000000000000 0000000000000000
0x00007f8eb9b7b810:   0000000000000000 0000000000000000
0x00007f8eb9b7b820:   0000000000000000 0000000000000000
0x00007f8eb9b7b830:   0000000000000000 0000000000000000
0x00007f8eb9b7b840:   0000000000000000 0000000000000000
0x00007f8eb9b7b850:   0000000000000000 0000000000000000
0x00007f8eb9b7b860:   0000000000000000 0000000000000000 

Instructions: (pc=0x00007f8ebc1f53b8)
0x00007f8ebc1f5398:   41 55 41 54 49 89 fd 53 49 89 f7 48 83 ec 08 66
0x00007f8ebc1f53a8:   0f 1f 84 00 00 00 00 00 4d 89 ec 0f 1f 44 00 00
0x00007f8ebc1f53b8:   41 8b b4 24 00 01 00 00 85 f6 7e 68 4d 8d 74 24
0x00007f8ebc1f53c8:   f8 bb 01 00 00 00 66 90 49 8b 44 dc f8 48 85 c0 

Register to memory mapping:

RAX=0x0000000000000000 is an unknown value
RBX=0x00007f8eb9b7bd30 is an unknown value
RCX=0x00007f8eb9b7bd50 is an unknown value
RDX=0x0000000000000000 is an unknown value
RSP=0x00007f8eb9b7b670 is an unknown value
RBP=0x00007f8eb9b7b6a0 is an unknown value
RSI=0x00007f8eb9b7bd30 is an unknown value
RDI=0x0000000000000000 is an unknown value
R8 =0x0000000100004f18 is pointing into metadata
R9 =0x0000000000000003 is an unknown value
R10=0x00000000d930857d is an unknown value
R11=0x0000000000000068 is an unknown value
R12=0x0000000000000000 is an unknown value
R13=0x0000000000000000 is an unknown value
R14=0x0000000000000000 is an unknown value
R15=0x00007f8eb9b7bd30 is an unknown value


Stack: [0x00007f8eb9a7d000,0x00007f8eb9b7d000],  sp=0x00007f8eb9b7b670,  free space=1017k
Native frames: (J=compiled Java code, j=interpreted, Vv=VM code, C=native code)
V  [libjvm.so+0x6b73b8]
V  [libjvm.so+0xa36ea8]
V  [libjvm.so+0x953b46]
V  [libjvm.so+0x5b3b86]
V  [libjvm.so+0x8d8432]


---------------  P R O C E S S  ---------------

Java Threads: ( => current thread )
  0x00007f8e44006800 JavaThread "Exec Stream Pumper" daemon [_thread_blocked, id=21364, stack(0x00007f8e6f3f6000,0x00007f8e6f4f7000)]
  0x00007f8e44005000 JavaThread "Exec Stream Pumper" daemon [_thread_blocked, id=21363, stack(0x00007f8e6f4f7000,0x00007f8e6f5f8000)]
  0x00007f8e44003000 JavaThread "Exec Stream Pumper" daemon [_thread_in_native, id=21362, stack(0x00007f8e6f5f8000,0x00007f8e6f6f9000)]
  0x00007f8e44002000 JavaThread "process reaper" daemon [_thread_in_native, id=21361, stack(0x00007f8e94025000,0x00007f8e9405e000)]
  0x00007f8eb45d9000 JavaThread "Exec Default Executor" [_thread_blocked, id=21359, stack(0x00007f8e6f6f9000,0x00007f8e6f7fa000)]
  0x00007f8e54049000 JavaThread "Exec Stream Pumper" daemon [_thread_in_native, id=21332, stack(0x00007f8e6f8fb000,0x00007f8e6f9fc000)]
  0x00007f8e54048800 JavaThread "Exec Stream Pumper" daemon [_thread_in_native, id=21331, stack(0x00007f8e6f7fa000,0x00007f8e6f8fb000)]
  0x00007f8eb45d8000 JavaThread "Exec Default Executor" [_thread_blocked, id=21329, stack(0x00007f8e6f9fc000,0x00007f8e6fafd000)]
  0x00007f8e54042800 JavaThread "process reaper" daemon [_thread_in_native, id=21209, stack(0x00007f8ea4033000,0x00007f8ea406c000)]
  0x00007f8eb4389000 JavaThread "Service Thread" daemon [_thread_blocked, id=21198, stack(0x00007f8e6fdfe000,0x00007f8e6feff000)]
  0x00007f8eb4363800 JavaThread "C1 CompilerThread2" daemon [_thread_blocked, id=21197, stack(0x00007f8e6ff00000,0x00007f8e70000000)]
  0x00007f8eb435d000 JavaThread "C2 CompilerThread1" daemon [_thread_blocked, id=21196, stack(0x00007f8e9405f000,0x00007f8e9415f000)]
  0x00007f8eb435a800 JavaThread "C2 CompilerThread0" daemon [_thread_blocked, id=21195, stack(0x00007f8e94160000,0x00007f8e94260000)]
  0x00007f8e78001000 JavaThread "JDWP Command Reader" daemon [_thread_in_native, id=21194, stack(0x00007f8ea40ee000,0x00007f8ea41ef000)]
  0x00007f8eb4194000 JavaThread "JDWP Event Helper Thread" daemon [_thread_blocked, id=21193, stack(0x00007f8ea41ef000,0x00007f8ea42f0000)]
  0x00007f8eb4190800 JavaThread "JDWP Transport Listener: dt_socket" daemon [_thread_blocked, id=21190, stack(0x00007f8ea42f0000,0x00007f8ea43f1000)]
  0x00007f8eb4183000 JavaThread "Signal Dispatcher" daemon [_thread_blocked, id=21189, stack(0x00007f8ea45f6000,0x00007f8ea46f7000)]
  0x00007f8eb4151800 JavaThread "Finalizer" daemon [_thread_blocked, id=21188, stack(0x00007f8ea46f7000,0x00007f8ea47f8000)]
  0x00007f8eb414d000 JavaThread "Reference Handler" daemon [_thread_blocked, id=21187, stack(0x00007f8ea47f8000,0x00007f8ea48f9000)]
  0x00007f8eb4011000 JavaThread "main" [_thread_blocked, id=21174, stack(0x00007f8ebd7b3000,0x00007f8ebd8b3000)]

Other Threads:
  0x00007f8eb4145000 VMThread [stack: 0x00007f8ea48fa000,0x00007f8ea49fa000] [id=21180]
  0x00007f8eb4393800 WatcherThread [stack: 0x00007f8e6fcfe000,0x00007f8e6fdfe000] [id=21199]

=>0x00007f8eb4026000 (exited) GCTaskThread [stack: 0x00007f8eb9a7d000,0x00007f8eb9b7d000] [id=21176]

VM state:at safepoint (normal execution)

VM Mutex/Monitor currently owned by a thread:  ([mutex/lock_event])
[0x00007f8eb400e520] Threads_lock - owner thread: 0x00007f8eb4145000
[0x00007f8eb400ea20] Heap_lock - owner thread: 0x00007f8e44005000

Heap:
 PSYoungGen      total 36864K, used 35907K [0x00000000d6f00000, 0x00000000d9800000, 0x0000000100000000)
  eden space 31744K, 100% used [0x00000000d6f00000,0x00000000d8e00000,0x00000000d8e00000)
  from space 5120K, 81% used [0x00000000d8e00000,0x00000000d9210fb8,0x00000000d9300000)
  to   space 5120K, 24% used [0x00000000d9300000,0x00000000d943c010,0x00000000d9800000)
 ParOldGen       total 84992K, used 16K [0x0000000084c00000, 0x0000000089f00000, 0x00000000d6f00000)
  object space 84992K, 0% used [0x0000000084c00000,0x0000000084c04000,0x0000000089f00000)
 Metaspace       used 10805K, capacity 11028K, committed 11264K, reserved 1058816K
  class space    used 1139K, capacity 1220K, committed 1280K, reserved 1048576K

Card table byte_map: [0x00007f8eb9e0f000,0x00007f8eba1ea000] byte_map_base: 0x00007f8eb99e9000

Marking Bits: (ParMarkBitMap*) 0x00007f8ebcaa50c0
 Begin Bits: [0x00007f8e94260000, 0x00007f8e96130000)
 End Bits:   [0x00007f8e96130000, 0x00007f8e98000000)

Polling page: 0x00007f8ebd8e4000

CodeCache: size=245760Kb used=3330Kb max_used=3341Kb free=242429Kb
 bounds [0x00007f8ea5000000, 0x00007f8ea5350000, 0x00007f8eb4000000]
 total_blobs=1122 nmethods=807 adapters=238
 compilation: enabled

Compilation events (10 events):
Event: 12.661 Thread 0x00007f8eb4363800 nmethod 803 0x00007f8ea5341450 code [0x00007f8ea5341600, 0x00007f8ea5341c38]
Event: 12.787 Thread 0x00007f8eb435a800  804       4       java.io.FilterInputStream::read (9 bytes)
Event: 12.791 Thread 0x00007f8eb435a800 nmethod 804 0x00007f8ea53441d0 code [0x00007f8ea5344360, 0x00007f8ea5344b68]
Event: 12.860 Thread 0x00007f8eb435d000  805       4       java.util.LinkedList$ListItr::hasNext (20 bytes)
Event: 12.861 Thread 0x00007f8eb435d000 nmethod 805 0x00007f8ea533f9d0 code [0x00007f8ea533fb20, 0x00007f8ea533fbd8]
Event: 12.903 Thread 0x00007f8eb4363800  806       3       java.lang.ProcessEnvironment$ExternalData::<init> (15 bytes)
Event: 12.903 Thread 0x00007f8eb4363800 nmethod 806 0x00007f8ea533f5d0 code [0x00007f8ea533f740, 0x00007f8ea533f910]
Event: 12.903 Thread 0x00007f8eb4363800  807       3       java.lang.String::getBytes (14 bytes)
Event: 12.903 Thread 0x00007f8eb4363800 nmethod 807 0x00007f8ea5341090 code [0x00007f8ea5341200, 0x00007f8ea53413a8]
Event: 12.903 Thread 0x00007f8eb4363800  808   !   3       java.lang.StringCoding::encode (64 bytes)

GC Heap History (3 events):
Event: 1.020 GC heap before
{Heap before GC invocations=1 (full 0):
 PSYoungGen      total 36864K, used 31744K [0x00000000d6f00000, 0x00000000d9800000, 0x0000000100000000)
  eden space 31744K, 100% used [0x00000000d6f00000,0x00000000d8e00000,0x00000000d8e00000)
  from space 5120K, 0% used [0x00000000d9300000,0x00000000d9300000,0x00000000d9800000)
  to   space 5120K, 0% used [0x00000000d8e00000,0x00000000d8e00000,0x00000000d9300000)
 ParOldGen       total 84992K, used 0K [0x0000000084c00000, 0x0000000089f00000, 0x00000000d6f00000)
  object space 84992K, 0% used [0x0000000084c00000,0x0000000084c00000,0x0000000089f00000)
 Metaspace       used 7810K, capacity 7926K, committed 8064K, reserved 1056768K
  class space    used 818K, capacity 849K, committed 896K, reserved 1048576K
Event: 1.026 GC heap after
Heap after GC invocations=1 (full 0):
 PSYoungGen      total 36864K, used 4163K [0x00000000d6f00000, 0x00000000d9800000, 0x0000000100000000)
  eden space 31744K, 0% used [0x00000000d6f00000,0x00000000d6f00000,0x00000000d8e00000)
  from space 5120K, 81% used [0x00000000d8e00000,0x00000000d9210fb8,0x00000000d9300000)
  to   space 5120K, 0% used [0x00000000d9300000,0x00000000d9300000,0x00000000d9800000)
 ParOldGen       total 84992K, used 8K [0x0000000084c00000, 0x0000000089f00000, 0x00000000d6f00000)
  object space 84992K, 0% used [0x0000000084c00000,0x0000000084c02000,0x0000000089f00000)
 Metaspace       used 7810K, capacity 7926K, committed 8064K, reserved 1056768K
  class space    used 818K, capacity 849K, committed 896K, reserved 1048576K
}
Event: 12.905 GC heap before
{Heap before GC invocations=2 (full 0):
 PSYoungGen      total 36864K, used 35907K [0x00000000d6f00000, 0x00000000d9800000, 0x0000000100000000)
  eden space 31744K, 100% used [0x00000000d6f00000,0x00000000d8e00000,0x00000000d8e00000)
  from space 5120K, 81% used [0x00000000d8e00000,0x00000000d9210fb8,0x00000000d9300000)
  to   space 5120K, 0% used [0x00000000d9300000,0x00000000d9300000,0x00000000d9800000)
 ParOldGen       total 84992K, used 8K [0x0000000084c00000, 0x0000000089f00000, 0x00000000d6f00000)
  object space 84992K, 0% used [0x0000000084c00000,0x0000000084c02000,0x0000000089f00000)
 Metaspace       used 10805K, capacity 11028K, committed 11264K, reserved 1058816K
  class space    used 1139K, capacity 1220K, committed 1280K, reserved 1048576K

Deoptimization events (5 events):
Event: 1.132 Thread 0x00007f8eb4011000 Uncommon trap: reason=unstable_if action=reinterpret pc=0x00007f8ea5194dd0 method=java.lang.String.indexOf([CII[CIII)I @ 3
Event: 5.043 Thread 0x00007f8e5404a000 Uncommon trap: reason=class_check action=maybe_recompile pc=0x00007f8ea52a263c method=java.io.FilterInputStream.read([B)I @ 5
Event: 5.043 Thread 0x00007f8e54049000 Uncommon trap: reason=class_check action=maybe_recompile pc=0x00007f8ea52a263c method=java.io.FilterInputStream.read([B)I @ 5
Event: 5.080 Thread 0x00007f8e54049000 Uncommon trap: reason=class_check action=maybe_recompile pc=0x00007f8ea52a263c method=java.io.FilterInputStream.read([B)I @ 5
Event: 5.190 Thread 0x00007f8e5404a000 Uncommon trap: reason=class_check action=maybe_recompile pc=0x00007f8ea52a263c method=java.io.FilterInputStream.read([B)I @ 5

Classes redefined (0 events):
No events

Internal exceptions (10 events):
Event: 0.366 Thread 0x00007f8eb4011000 Exception <a 'java/security/PrivilegedActionException'> (0x00000000d732b4a0) thrown at [/build/java8-openjdk/src/jdk8u-jdk8u162-b12/hotspot/src/share/vm/prims/jvm.cpp, line 1390]
Event: 0.366 Thread 0x00007f8eb4011000 Exception <a 'java/security/PrivilegedActionException'> (0x00000000d732b6b0) thrown at [/build/java8-openjdk/src/jdk8u-jdk8u162-b12/hotspot/src/share/vm/prims/jvm.cpp, line 1390]
Event: 0.367 Thread 0x00007f8eb4011000 Exception <a 'java/security/PrivilegedActionException'> (0x00000000d732d550) thrown at [/build/java8-openjdk/src/jdk8u-jdk8u162-b12/hotspot/src/share/vm/prims/jvm.cpp, line 1390]
Event: 0.367 Thread 0x00007f8eb4011000 Exception <a 'java/security/PrivilegedActionException'> (0x00000000d732d760) thrown at [/build/java8-openjdk/src/jdk8u-jdk8u162-b12/hotspot/src/share/vm/prims/jvm.cpp, line 1390]
Event: 0.367 Thread 0x00007f8eb4011000 Exception <a 'java/security/PrivilegedActionException'> (0x00000000d732e1c0) thrown at [/build/java8-openjdk/src/jdk8u-jdk8u162-b12/hotspot/src/share/vm/prims/jvm.cpp, line 1390]
Event: 0.367 Thread 0x00007f8eb4011000 Exception <a 'java/security/PrivilegedActionException'> (0x00000000d732e3d0) thrown at [/build/java8-openjdk/src/jdk8u-jdk8u162-b12/hotspot/src/share/vm/prims/jvm.cpp, line 1390]
Event: 1.081 Thread 0x00007f8eb4011000 Exception <a 'java/lang/NoClassDefFoundError': org/slf4j/impl/StaticLoggerBinder> (0x00000000d74547c8) thrown at [/build/java8-openjdk/src/jdk8u-jdk8u162-b12/hotspot/src/share/vm/classfile/systemDictionary.cpp, line 199]
Event: 1.123 Thread 0x00007f8eb4011000 Exception <a 'java/lang/NoClassDefFoundError': org/apache/log4j/Priority> (0x00000000d76a4480) thrown at [/build/java8-openjdk/src/jdk8u-jdk8u162-b12/hotspot/src/share/vm/classfile/systemDictionary.cpp, line 199]
Event: 4.983 Thread 0x00007f8eb45d7000 Exception <a 'java/lang/NoSuchFieldError': method resolution failed> (0x00000000d88eb358) thrown at [/build/java8-openjdk/src/jdk8u-jdk8u162-b12/hotspot/src/share/vm/prims/methodHandles.cpp, line 1167]
Event: 4.985 Thread 0x00007f8eb45d7000 Exception <a 'java/lang/NoSuchFieldError': method resolution failed> (0x00000000d88f99a8) thrown at [/build/java8-openjdk/src/jdk8u-jdk8u162-b12/hotspot/src/share/vm/prims/methodHandles.cpp, line 1167]

Events (10 events):
Event: 12.901 Thread 0x00007f8eb4011000 DEOPT PACKING pc=0x00007f8ea516c0f4 sp=0x00007f8ebd8afb30
Event: 12.901 Thread 0x00007f8eb4011000 DEOPT UNPACKING pc=0x00007f8ea50474c4 sp=0x00007f8ebd8af970 mode 1
Event: 12.902 Thread 0x00007f8eb45d9000 Thread added: 0x00007f8eb45d9000
Event: 12.902 Executing VM operation: RevokeBias
Event: 12.902 Executing VM operation: RevokeBias done
Event: 12.903 Thread 0x00007f8e44002000 Thread added: 0x00007f8e44002000
Event: 12.903 Thread 0x00007f8e44003000 Thread added: 0x00007f8e44003000
Event: 12.904 Thread 0x00007f8e44005000 Thread added: 0x00007f8e44005000
Event: 12.904 Executing VM operation: ParallelGCFailedAllocation
Event: 12.904 Thread 0x00007f8e44006800 Thread added: 0x00007f8e44006800


Dynamic libraries:
84c00000-89f00000 rw-p 00000000 00:00 0 
89f00000-d6f00000 ---p 00000000 00:00 0 
d6f00000-d9800000 rw-p 00000000 00:00 0 
d9800000-100000000 ---p 00000000 00:00 0 
100000000-100140000 rw-p 00000000 00:00 0 
100140000-140000000 ---p 00000000 00:00 0 
56414d370000-56414d371000 r-xp 00000000 fe:02 8660245                    /usr/lib/jvm/java-8-openjdk/jre/bin/java
56414d570000-56414d571000 r--p 00000000 fe:02 8660245                    /usr/lib/jvm/java-8-openjdk/jre/bin/java
56414d571000-56414d572000 rw-p 00001000 fe:02 8660245                    /usr/lib/jvm/java-8-openjdk/jre/bin/java
56414edef000-56414ee10000 rw-p 00000000 00:00 0                          [heap]
7f8e34000000-7f8e34021000 rw-p 00000000 00:00 0 
7f8e34021000-7f8e38000000 ---p 00000000 00:00 0 
7f8e3c000000-7f8e3c021000 rw-p 00000000 00:00 0 
7f8e3c021000-7f8e40000000 ---p 00000000 00:00 0 
7f8e40000000-7f8e40021000 rw-p 00000000 00:00 0 
7f8e40021000-7f8e44000000 ---p 00000000 00:00 0 
7f8e44000000-7f8e44021000 rw-p 00000000 00:00 0 
7f8e44021000-7f8e48000000 ---p 00000000 00:00 0 
7f8e48000000-7f8e48021000 rw-p 00000000 00:00 0 
7f8e48021000-7f8e4c000000 ---p 00000000 00:00 0 
7f8e4c000000-7f8e4c021000 rw-p 00000000 00:00 0 
7f8e4c021000-7f8e50000000 ---p 00000000 00:00 0 
7f8e50000000-7f8e50021000 rw-p 00000000 00:00 0 
7f8e50021000-7f8e54000000 ---p 00000000 00:00 0 
7f8e54000000-7f8e540fb000 rw-p 00000000 00:00 0 
7f8e540fb000-7f8e58000000 ---p 00000000 00:00 0 
7f8e58000000-7f8e58021000 rw-p 00000000 00:00 0 
7f8e58021000-7f8e5c000000 ---p 00000000 00:00 0 
7f8e5c000000-7f8e5c021000 rw-p 00000000 00:00 0 
7f8e5c021000-7f8e60000000 ---p 00000000 00:00 0 
7f8e60000000-7f8e60021000 rw-p 00000000 00:00 0 
7f8e60021000-7f8e64000000 ---p 00000000 00:00 0 
7f8e64000000-7f8e64237000 rw-p 00000000 00:00 0 
7f8e64237000-7f8e68000000 ---p 00000000 00:00 0 
7f8e68000000-7f8e684d4000 rw-p 00000000 00:00 0 
7f8e684d4000-7f8e6c000000 ---p 00000000 00:00 0 
7f8e6f3f6000-7f8e6f3f9000 ---p 00000000 00:00 0 
7f8e6f3f9000-7f8e6f4f7000 rw-p 00000000 00:00 0 
7f8e6f4f7000-7f8e6f4fa000 ---p 00000000 00:00 0 
7f8e6f4fa000-7f8e6f5f8000 rw-p 00000000 00:00 0 
7f8e6f5f8000-7f8e6f5fb000 ---p 00000000 00:00 0 
7f8e6f5fb000-7f8e6f6f9000 rw-p 00000000 00:00 0 
7f8e6f6f9000-7f8e6f6fc000 ---p 00000000 00:00 0 
7f8e6f6fc000-7f8e6f7fa000 rw-p 00000000 00:00 0 
7f8e6f7fa000-7f8e6f7fd000 ---p 00000000 00:00 0 
7f8e6f7fd000-7f8e6f8fb000 rw-p 00000000 00:00 0 
7f8e6f8fb000-7f8e6f8fe000 ---p 00000000 00:00 0 
7f8e6f8fe000-7f8e6f9fc000 rw-p 00000000 00:00 0 
7f8e6f9fc000-7f8e6f9ff000 ---p 00000000 00:00 0 
7f8e6f9ff000-7f8e6fcbd000 rw-p 00000000 00:00 0 
7f8e6fcbd000-7f8e6fcfd000 ---p 00000000 00:00 0 
7f8e6fcfd000-7f8e6fcfe000 ---p 00000000 00:00 0 
7f8e6fcfe000-7f8e6fdfe000 rw-p 00000000 00:00 0 
7f8e6fdfe000-7f8e6fe01000 ---p 00000000 00:00 0 
7f8e6fe01000-7f8e6feff000 rw-p 00000000 00:00 0 
7f8e6feff000-7f8e6ff00000 ---p 00000000 00:00 0 
7f8e6ff00000-7f8e6ff03000 ---p 00000000 00:00 0 
7f8e6ff03000-7f8e70000000 rw-p 00000000 00:00 0 
7f8e70000000-7f8e70021000 rw-p 00000000 00:00 0 
7f8e70021000-7f8e74000000 ---p 00000000 00:00 0 
7f8e74000000-7f8e7423f000 rw-p 00000000 00:00 0 
7f8e7423f000-7f8e78000000 ---p 00000000 00:00 0 
7f8e78000000-7f8e78021000 rw-p 00000000 00:00 0 
7f8e78021000-7f8e7c000000 ---p 00000000 00:00 0 
7f8e7c000000-7f8e7c021000 rw-p 00000000 00:00 0 
7f8e7c021000-7f8e80000000 ---p 00000000 00:00 0 
7f8e80000000-7f8e80021000 rw-p 00000000 00:00 0 
7f8e80021000-7f8e84000000 ---p 00000000 00:00 0 
7f8e84000000-7f8e84021000 rw-p 00000000 00:00 0 
7f8e84021000-7f8e88000000 ---p 00000000 00:00 0 
7f8e88000000-7f8e88021000 rw-p 00000000 00:00 0 
7f8e88021000-7f8e8c000000 ---p 00000000 00:00 0 
7f8e8c000000-7f8e8c021000 rw-p 00000000 00:00 0 
7f8e8c021000-7f8e90000000 ---p 00000000 00:00 0 
7f8e90000000-7f8e90021000 rw-p 00000000 00:00 0 
7f8e90021000-7f8e94000000 ---p 00000000 00:00 0 
7f8e94025000-7f8e94028000 ---p 00000000 00:00 0 
7f8e94028000-7f8e9405e000 rw-p 00000000 00:00 0 
7f8e9405e000-7f8e9405f000 ---p 00000000 00:00 0 
7f8e9405f000-7f8e94062000 ---p 00000000 00:00 0 
7f8e94062000-7f8e9415f000 rw-p 00000000 00:00 0 
7f8e9415f000-7f8e94160000 ---p 00000000 00:00 0 
7f8e94160000-7f8e94163000 ---p 00000000 00:00 0 
7f8e94163000-7f8e98000000 rw-p 00000000 00:00 0 
7f8e98000000-7f8e98021000 rw-p 00000000 00:00 0 
7f8e98021000-7f8e9c000000 ---p 00000000 00:00 0 
7f8e9c000000-7f8e9c021000 rw-p 00000000 00:00 0 
7f8e9c021000-7f8ea0000000 ---p 00000000 00:00 0 
7f8ea0000000-7f8ea0021000 rw-p 00000000 00:00 0 
7f8ea0021000-7f8ea4000000 ---p 00000000 00:00 0 
7f8ea4033000-7f8ea4036000 ---p 00000000 00:00 0 
7f8ea4036000-7f8ea406c000 rw-p 00000000 00:00 0 
7f8ea406c000-7f8ea4073000 r--s 0005e000 fe:02 6032687                    /opt/intellij-idea-ultimate-edition/lib/asm-all.jar
7f8ea4073000-7f8ea4075000 r--s 00003000 fe:02 6032832                    /opt/intellij-idea-ultimate-edition/lib/rt/debugger-agent.jar
7f8ea4075000-7f8ea4077000 r--s 0000a000 fe:02 8915268                    /opt/intellij-idea-ultimate-edition/plugins/Groovy/lib/agent/gragent.jar
7f8ea4077000-7f8ea4079000 r--s 00009000 fe:02 9971722                    /home/vogel/.gradle/caches/modules-2/files-2.1/org.slf4j/slf4j-api/1.7.22/a1c83373863cec7ae8d89dc1c5722d8cb6ec0309/slf4j-api-1.7.22.jar
7f8ea4079000-7f8ea407b000 r--s 0000e000 fe:02 9971734                    /home/vogel/.gradle/caches/modules-2/files-2.1/commons-logging/commons-logging/1.2/4bfc12adfe4842bf07b657f0369c4cb522955686/commons-logging-1.2.jar
7f8ea407b000-7f8ea407f000 r--s 0000c000 fe:02 7218912                    /home/vogel/.gradle/caches/modules-2/files-2.1/javax.validation/validation-api/1.1.0.Final/8613ae82954779d518631e05daa73a6a954817d5/validation-api-1.1.0.Final.jar
7f8ea407f000-7f8ea4083000 r--s 00019000 fe:02 7218910                    /home/vogel/.gradle/caches/modules-2/files-2.1/org.aspectj/aspectjrt/1.8.0/302d0fe0abba26bbf5f31c3cd5337b3125c744e3/aspectjrt-1.8.0.jar
7f8ea4083000-7f8ea4099000 r--s 000fb000 fe:02 9971732                    /home/vogel/.gradle/caches/modules-2/files-2.1/org.springframework/spring-core/4.3.6.RELEASE/690da099c3c2d2536210f0fd06ff3f336de43ad9/spring-core-4.3.6.RELEASE.jar
7f8ea4099000-7f8ea409d000 r--s 0002f000 fe:02 9971730                    /home/vogel/.gradle/caches/modules-2/files-2.1/commons-io/commons-io/2.5/2852e6e05fbb95076fc091f6d1780f1f8fe35e0f/commons-io-2.5.jar
7f8ea409d000-7f8ea40a4000 r--s 00064000 fe:02 9971728                    /home/vogel/.gradle/caches/modules-2/files-2.1/org.apache.commons/commons-lang3/3.4/5fe28b9518e58819180a43a850fbc0dd24b7c050/commons-lang3-3.4.jar
7f8ea40a4000-7f8ea40a6000 r--s 0000c000 fe:02 9971726                    /home/vogel/.gradle/caches/modules-2/files-2.1/org.apache.commons/commons-exec/1.3/8dfb9facd0830a27b1b5f29f84593f0aeee7773b/commons-exec-1.3.jar
7f8ea40a6000-7f8ea40b6000 r--s 000a8000 fe:02 9971724                    /home/vogel/.gradle/caches/modules-2/files-2.1/org.apache.commons/commons-collections4/4.1/a4cf4688fe1c7e3a63aa636cc96d013af537768e/commons-collections4-4.1.jar
7f8ea40b6000-7f8ea40b8000 r--s 00011000 fe:02 7218908                    /home/vogel/.gradle/caches/modules-2/files-2.1/com.jcabi/jcabi-aspects/0.17.1/2d9bac51d83b7fc46b0aad27a5327b1fdd58db61/jcabi-aspects-0.17.1.jar
7f8ea40b8000-7f8ea40bc000 r--s 007d3000 fe:02 9971720                    /home/vogel/.gradle/caches/modules-2/files-2.1/ch.vorburger.mariaDB4j/mariaDB4j-db-mac64/10.1.9/ea3899ee7639f5c0e24cd3100243d18564087d21/mariaDB4j-db-mac64-10.1.9.jar
7f8ea40bc000-7f8ea40be000 r--s 0076b000 fe:02 9971718                    /home/vogel/.gradle/caches/modules-2/files-2.1/ch.vorburger.mariaDB4j/mariaDB4j-db-win32/10.1.20/c65aaf852c9ec7199649a7fab494797ebff6055a/mariaDB4j-db-win32-10.1.20.jar
7f8ea40be000-7f8ea40c2000 r--s 02964000 fe:02 9971716                    /home/vogel/.gradle/caches/modules-2/files-2.1/ch.vorburger.mariaDB4j/mariaDB4j-db-linux64/10.1.13/1bde3f6f545249ac32a98bd459669b50a5c9fe0c/mariaDB4j-db-linux64-10.1.13.jar
7f8ea40c2000-7f8ea40c4000 r--s 0000c000 fe:02 9971714                    /home/vogel/.gradle/caches/modules-2/files-2.1/ch.vorburger.mariaDB4j/mariaDB4j-core/2.2.3/74b4a5e035c3a0e583852852e277609a6f0e909a/mariaDB4j-core-2.2.3.jar
7f8ea40c4000-7f8ea40c6000 r--s 00009000 fe:02 5640741                    /home/vogel/.gradle/caches/modules-2/files-2.1/org.hamcrest/hamcrest-core/1.3/42a25dc3219429f0e5d060061f71acb49bf010a0/hamcrest-core-1.3.jar
7f8ea40c6000-7f8ea40e4000 r--s 00110000 fe:02 9972760                    /home/vogel/.gradle/caches/modules-2/files-2.1/org.mockito/mockito-all/1.10.19/539df70269cc254a58cccc5d8e43286b4a73bf30/mockito-all-1.10.19.jar
7f8ea40e4000-7f8ea40e6000 r--s 00003000 fe:02 9971712                    /home/vogel/.gradle/caches/modules-2/files-2.1/ch.vorburger.mariaDB4j/mariaDB4j/2.2.3/85e7be5e374935bc81cb408211644422e607af29/mariaDB4j-2.2.3.jar
7f8ea40e6000-7f8ea40ee000 r--s 00045000 fe:02 5640711                    /home/vogel/.gradle/caches/modules-2/files-2.1/junit/junit/4.12/2973d150c0dc1fefe998f834810d68f278ea58ec/junit-4.12.jar
7f8ea40ee000-7f8ea40f1000 ---p 00000000 00:00 0 
7f8ea40f1000-7f8ea41ef000 rw-p 00000000 00:00 0 
7f8ea41ef000-7f8ea41f2000 ---p 00000000 00:00 0 
7f8ea41f2000-7f8ea42f0000 rw-p 00000000 00:00 0 
7f8ea42f0000-7f8ea42f3000 ---p 00000000 00:00 0 
7f8ea42f3000-7f8ea43f1000 rw-p 00000000 00:00 0 
7f8ea43f1000-7f8ea43f5000 r-xp 00000000 fe:02 8660327                    /usr/lib/jvm/java-8-openjdk/jre/lib/amd64/libdt_socket.so
7f8ea43f5000-7f8ea45f4000 ---p 00004000 fe:02 8660327                    /usr/lib/jvm/java-8-openjdk/jre/lib/amd64/libdt_socket.so
7f8ea45f4000-7f8ea45f5000 r--p 00003000 fe:02 8660327                    /usr/lib/jvm/java-8-openjdk/jre/lib/amd64/libdt_socket.so
7f8ea45f5000-7f8ea45f6000 rw-p 00004000 fe:02 8660327                    /usr/lib/jvm/java-8-openjdk/jre/lib/amd64/libdt_socket.so
7f8ea45f6000-7f8ea45f9000 ---p 00000000 00:00 0 
7f8ea45f9000-7f8ea46f7000 rw-p 00000000 00:00 0 
7f8ea46f7000-7f8ea46fa000 ---p 00000000 00:00 0 
7f8ea46fa000-7f8ea47f8000 rw-p 00000000 00:00 0 
7f8ea47f8000-7f8ea47fb000 ---p 00000000 00:00 0 
7f8ea47fb000-7f8ea48f9000 rw-p 00000000 00:00 0 
7f8ea48f9000-7f8ea48fa000 ---p 00000000 00:00 0 
7f8ea48fa000-7f8ea5000000 rw-p 00000000 00:00 0 
7f8ea5000000-7f8ea5350000 rwxp 00000000 00:00 0 
7f8ea5350000-7f8eb4000000 ---p 00000000 00:00 0 
7f8eb4000000-7f8eb45e1000 rw-p 00000000 00:00 0 
7f8eb45e1000-7f8eb8000000 ---p 00000000 00:00 0 
7f8eb8000000-7f8eb8003000 r--s 0000e000 fe:02 9719172                    /home/vogel/.gradle/caches/modules-2/files-2.1/com.fasterxml.jackson.core/jackson-annotations/2.9.0/7c10d545325e3a6e72e06381afe469fd40eb701/jackson-annotations-2.9.0.jar
7f8eb8003000-7f8eb895a000 rw-p 00000000 00:00 0 
7f8eb895a000-7f8eb8b29000 r--s 03c2b000 fe:02 8660287                    /usr/lib/jvm/java-8-openjdk/jre/lib/rt.jar
7f8eb8b29000-7f8eb9779000 rw-p 00000000 00:00 0 
7f8eb9779000-7f8eb977a000 ---p 00000000 00:00 0 
7f8eb977a000-7f8eb987a000 rw-p 00000000 00:00 0 
7f8eb987a000-7f8eb987b000 ---p 00000000 00:00 0 
7f8eb987b000-7f8eb997b000 rw-p 00000000 00:00 0 
7f8eb997b000-7f8eb997c000 ---p 00000000 00:00 0 
7f8eb997c000-7f8eb9a7c000 rw-p 00000000 00:00 0 
7f8eb9a7c000-7f8eb9a7d000 ---p 00000000 00:00 0 
7f8eb9a7d000-7f8eb9ba7000 rw-p 00000000 00:00 0 
7f8eb9ba7000-7f8eb9e0f000 ---p 00000000 00:00 0 
7f8eb9e0f000-7f8eb9e39000 rw-p 00000000 00:00 0 
7f8eb9e39000-7f8eba0a0000 ---p 00000000 00:00 0 
7f8eba0a0000-7f8eba0b5000 rw-p 00000000 00:00 0 
7f8eba0b5000-7f8eba1e9000 ---p 00000000 00:00 0 
7f8eba1e9000-7f8eba1f8000 rw-p 00000000 00:00 0 
7f8eba1f8000-7f8eba5aa000 ---p 00000000 00:00 0 
7f8eba5aa000-7f8eba5b2000 r-xp 00000000 fe:02 8660347                    /usr/lib/jvm/java-8-openjdk/jre/lib/amd64/libzip.so
7f8eba5b2000-7f8eba7b1000 ---p 00008000 fe:02 8660347                    /usr/lib/jvm/java-8-openjdk/jre/lib/amd64/libzip.so
7f8eba7b1000-7f8eba7b2000 r--p 00007000 fe:02 8660347                    /usr/lib/jvm/java-8-openjdk/jre/lib/amd64/libzip.so
7f8eba7b2000-7f8eba7b3000 rw-p 00008000 fe:02 8660347                    /usr/lib/jvm/java-8-openjdk/jre/lib/amd64/libzip.so
7f8eba7b3000-7f8eba7be000 r-xp 00000000 fe:02 8521894                    /usr/lib/libnss_files-2.26.so
7f8eba7be000-7f8eba9bd000 ---p 0000b000 fe:02 8521894                    /usr/lib/libnss_files-2.26.so
7f8eba9bd000-7f8eba9be000 r--p 0000a000 fe:02 8521894                    /usr/lib/libnss_files-2.26.so
7f8eba9be000-7f8eba9bf000 rw-p 0000b000 fe:02 8521894                    /usr/lib/libnss_files-2.26.so
7f8eba9bf000-7f8eba9c5000 rw-p 00000000 00:00 0 
7f8eba9c5000-7f8eba9cf000 r-xp 00000000 fe:02 8660345                    /usr/lib/jvm/java-8-openjdk/jre/lib/amd64/libinstrument.so
7f8eba9cf000-7f8ebabce000 ---p 0000a000 fe:02 8660345                    /usr/lib/jvm/java-8-openjdk/jre/lib/amd64/libinstrument.so
7f8ebabce000-7f8ebabcf000 r--p 00009000 fe:02 8660345                    /usr/lib/jvm/java-8-openjdk/jre/lib/amd64/libinstrument.so
7f8ebabcf000-7f8ebabd0000 rw-p 0000a000 fe:02 8660345                    /usr/lib/jvm/java-8-openjdk/jre/lib/amd64/libinstrument.so
7f8ebabd0000-7f8ebad6b000 r--p 00000000 fe:02 8559258                    /usr/lib/locale/locale-archive
7f8ebad6b000-7f8ebad6d000 r-xp 00000000 fe:02 8660332                    /usr/lib/jvm/java-8-openjdk/jre/lib/amd64/libnpt.so
7f8ebad6d000-7f8ebaf6d000 ---p 00002000 fe:02 8660332                    /usr/lib/jvm/java-8-openjdk/jre/lib/amd64/libnpt.so
7f8ebaf6d000-7f8ebaf6e000 r--p 00002000 fe:02 8660332                    /usr/lib/jvm/java-8-openjdk/jre/lib/amd64/libnpt.so
7f8ebaf6e000-7f8ebaf6f000 rw-p 00003000 fe:02 8660332                    /usr/lib/jvm/java-8-openjdk/jre/lib/amd64/libnpt.so
7f8ebaf6f000-7f8ebafaa000 r-xp 00000000 fe:02 8660294                    /usr/lib/jvm/java-8-openjdk/jre/lib/amd64/libjdwp.so
7f8ebafaa000-7f8ebb1a9000 ---p 0003b000 fe:02 8660294                    /usr/lib/jvm/java-8-openjdk/jre/lib/amd64/libjdwp.so
7f8ebb1a9000-7f8ebb1aa000 r--p 0003a000 fe:02 8660294                    /usr/lib/jvm/java-8-openjdk/jre/lib/amd64/libjdwp.so
7f8ebb1aa000-7f8ebb1ab000 rw-p 0003b000 fe:02 8660294                    /usr/lib/jvm/java-8-openjdk/jre/lib/amd64/libjdwp.so
7f8ebb1ab000-7f8ebb1d9000 r-xp 00000000 fe:02 8660323                    /usr/lib/jvm/java-8-openjdk/jre/lib/amd64/libjava.so
7f8ebb1d9000-7f8ebb3d8000 ---p 0002e000 fe:02 8660323                    /usr/lib/jvm/java-8-openjdk/jre/lib/amd64/libjava.so
7f8ebb3d8000-7f8ebb3d9000 r--p 0002d000 fe:02 8660323                    /usr/lib/jvm/java-8-openjdk/jre/lib/amd64/libjava.so
7f8ebb3d9000-7f8ebb3db000 rw-p 0002e000 fe:02 8660323                    /usr/lib/jvm/java-8-openjdk/jre/lib/amd64/libjava.so
7f8ebb3db000-7f8ebb3e8000 r-xp 00000000 fe:02 8660300                    /usr/lib/jvm/java-8-openjdk/jre/lib/amd64/libverify.so
7f8ebb3e8000-7f8ebb5e7000 ---p 0000d000 fe:02 8660300                    /usr/lib/jvm/java-8-openjdk/jre/lib/amd64/libverify.so
7f8ebb5e7000-7f8ebb5e9000 r--p 0000c000 fe:02 8660300                    /usr/lib/jvm/java-8-openjdk/jre/lib/amd64/libverify.so
7f8ebb5e9000-7f8ebb5ea000 rw-p 0000e000 fe:02 8660300                    /usr/lib/jvm/java-8-openjdk/jre/lib/amd64/libverify.so
7f8ebb5ea000-7f8ebb5f1000 r-xp 00000000 fe:02 8521883                    /usr/lib/librt-2.26.so
7f8ebb5f1000-7f8ebb7f0000 ---p 00007000 fe:02 8521883                    /usr/lib/librt-2.26.so
7f8ebb7f0000-7f8ebb7f1000 r--p 00006000 fe:02 8521883                    /usr/lib/librt-2.26.so
7f8ebb7f1000-7f8ebb7f2000 rw-p 00007000 fe:02 8521883                    /usr/lib/librt-2.26.so
7f8ebb7f2000-7f8ebb93d000 r-xp 00000000 fe:02 8521888                    /usr/lib/libm-2.26.so
7f8ebb93d000-7f8ebbb3c000 ---p 0014b000 fe:02 8521888                    /usr/lib/libm-2.26.so
7f8ebbb3c000-7f8ebbb3d000 r--p 0014a000 fe:02 8521888                    /usr/lib/libm-2.26.so
7f8ebbb3d000-7f8ebbb3e000 rw-p 0014b000 fe:02 8521888                    /usr/lib/libm-2.26.so
7f8ebbb3e000-7f8ebc7d6000 r-xp 00000000 fe:02 8660352                    /usr/lib/jvm/java-8-openjdk/jre/lib/amd64/server/libjvm.so
7f8ebc7d6000-7f8ebc9d5000 ---p 00c98000 fe:02 8660352                    /usr/lib/jvm/java-8-openjdk/jre/lib/amd64/server/libjvm.so
7f8ebc9d5000-7f8ebca69000 r--p 00c97000 fe:02 8660352                    /usr/lib/jvm/java-8-openjdk/jre/lib/amd64/server/libjvm.so
7f8ebca69000-7f8ebca91000 rw-p 00d2b000 fe:02 8660352                    /usr/lib/jvm/java-8-openjdk/jre/lib/amd64/server/libjvm.so
7f8ebca91000-7f8ebcac2000 rw-p 00000000 00:00 0 
7f8ebcac2000-7f8ebcc70000 r-xp 00000000 fe:02 8521959                    /usr/lib/libc-2.26.so
7f8ebcc70000-7f8ebce6f000 ---p 001ae000 fe:02 8521959                    /usr/lib/libc-2.26.so
7f8ebce6f000-7f8ebce73000 r--p 001ad000 fe:02 8521959                    /usr/lib/libc-2.26.so
7f8ebce73000-7f8ebce75000 rw-p 001b1000 fe:02 8521959                    /usr/lib/libc-2.26.so
7f8ebce75000-7f8ebce79000 rw-p 00000000 00:00 0 
7f8ebce79000-7f8ebce7c000 r-xp 00000000 fe:02 8521890                    /usr/lib/libdl-2.26.so
7f8ebce7c000-7f8ebd07b000 ---p 00003000 fe:02 8521890                    /usr/lib/libdl-2.26.so
7f8ebd07b000-7f8ebd07c000 r--p 00002000 fe:02 8521890                    /usr/lib/libdl-2.26.so
7f8ebd07c000-7f8ebd07d000 rw-p 00003000 fe:02 8521890                    /usr/lib/libdl-2.26.so
7f8ebd07d000-7f8ebd08b000 r-xp 00000000 fe:02 8660351                    /usr/lib/jvm/java-8-openjdk/jre/lib/amd64/jli/libjli.so
7f8ebd08b000-7f8ebd28a000 ---p 0000e000 fe:02 8660351                    /usr/lib/jvm/java-8-openjdk/jre/lib/amd64/jli/libjli.so
7f8ebd28a000-7f8ebd28b000 r--p 0000d000 fe:02 8660351                    /usr/lib/jvm/java-8-openjdk/jre/lib/amd64/jli/libjli.so
7f8ebd28b000-7f8ebd28c000 rw-p 0000e000 fe:02 8660351                    /usr/lib/jvm/java-8-openjdk/jre/lib/amd64/jli/libjli.so
7f8ebd28c000-7f8ebd2a2000 r-xp 00000000 fe:02 8532446                    /usr/lib/libz.so.1.2.11
7f8ebd2a2000-7f8ebd4a1000 ---p 00016000 fe:02 8532446                    /usr/lib/libz.so.1.2.11
7f8ebd4a1000-7f8ebd4a2000 r--p 00015000 fe:02 8532446                    /usr/lib/libz.so.1.2.11
7f8ebd4a2000-7f8ebd4a3000 rw-p 00016000 fe:02 8532446                    /usr/lib/libz.so.1.2.11
7f8ebd4a3000-7f8ebd4bc000 r-xp 00000000 fe:02 8521979                    /usr/lib/libpthread-2.26.so
7f8ebd4bc000-7f8ebd6bb000 ---p 00019000 fe:02 8521979                    /usr/lib/libpthread-2.26.so
7f8ebd6bb000-7f8ebd6bc000 r--p 00018000 fe:02 8521979                    /usr/lib/libpthread-2.26.so
7f8ebd6bc000-7f8ebd6bd000 rw-p 00019000 fe:02 8521979                    /usr/lib/libpthread-2.26.so
7f8ebd6bd000-7f8ebd6c1000 rw-p 00000000 00:00 0 
7f8ebd6c1000-7f8ebd6e6000 r-xp 00000000 fe:02 8521960                    /usr/lib/ld-2.26.so
7f8ebd6e6000-7f8ebd6e7000 r--s 00009000 fe:02 7084286                    /home/vogel/.gradle/caches/modules-2/files-2.1/com.jcabi/jcabi-log/0.14.3/104b227745ac9800f076667e06f60db6d32f89dd/jcabi-log-0.14.3.jar
7f8ebd6e7000-7f8ebd6fa000 r--s 00136000 fe:02 8391305                    /home/vogel/.gradle/caches/modules-2/files-2.1/com.fasterxml.jackson.core/jackson-databind/2.9.4/498bbc3b94f566982c7f7c6d4d303fce365529be/jackson-databind-2.9.4.jar
7f8ebd6fa000-7f8ebd6fe000 r--s 0004b000 fe:02 7870462                    /home/vogel/.gradle/caches/modules-2/files-2.1/com.fasterxml.jackson.core/jackson-core/2.9.4/a9a71ec1aa37da47db168fede9a4a5fb5e374320/jackson-core-2.9.4.jar
7f8ebd6fe000-7f8ebd705000 r--s 0004b000 fe:02 5641268                    /home/vogel/.gradle/caches/modules-2/files-2.1/commons-codec/commons-codec/1.11/3acb4705652e16236558f0f4f2192cc33c3bd189/commons-codec-1.11.jar
7f8ebd705000-7f8ebd71d000 r--s 001d3000 fe:02 4590006                    /home/vogel/.gradle/caches/modules-2/files-2.1/mysql/mysql-connector-java/8.0.8-dmr/2b1c562057c48d99ac71d1dea7c8ccebe1e43812/mysql-connector-java-8.0.8-dmr.jar
7f8ebd71d000-7f8ebd730000 r--s 00346000 fe:02 8660279                    /usr/lib/jvm/java-8-openjdk/jre/lib/resources.jar
7f8ebd730000-7f8ebd7b2000 rw-p 00000000 00:00 0 
7f8ebd7b2000-7f8ebd7b3000 ---p 00000000 00:00 0 
7f8ebd7b3000-7f8ebd7b6000 ---p 00000000 00:00 0 
7f8ebd7b6000-7f8ebd8b7000 rw-p 00000000 00:00 0 
7f8ebd8b7000-7f8ebd8b8000 r--s 0000c000 fe:02 5640709                    /home/vogel/.gradle/caches/modules-2/files-2.1/org.hamcrest/hamcrest-library/1.3/4785a3c21320980282f9f33d0d1264a69040538f/hamcrest-library-1.3.jar
7f8ebd8b8000-7f8ebd8b9000 r--s 00004000 fe:02 7084284                    /home/vogel/.gradle/caches/modules-2/files-2.1/com.jcabi/jcabi-matchers/1.3/4a6442cfadc6f2d4e8def087e32c4f9948044aa5/jcabi-matchers-1.3.jar
7f8ebd8b9000-7f8ebd8bc000 r--s 00015000 fe:02 9971708                    /home/vogel/.gradle/caches/modules-2/files-2.1/commons-dbutils/commons-dbutils/1.7/a2d6e515aa87e5d38f6b3003e70b13c1b1f19ca0/commons-dbutils-1.7.jar
7f8ebd8bc000-7f8ebd8bf000 r--s 00011000 fe:02 9584974                    /home/vogel/.gradle/caches/modules-2/files-2.1/org.glassfish/javax.json/1.0.2/e8a419fdc37481f2b54c6b711eb36708b70a204b/javax.json-1.0.2.jar
7f8ebd8bf000-7f8ebd8c0000 r--s 00004000 fe:02 4589819                    /home/vogel/.gradle/caches/modules-2/files-2.1/javax.json/javax.json-api/1.0/a74939ecbf7294b40accb4048929577f5ddcee2/javax.json-api-1.0.jar
7f8ebd8c0000-7f8ebd8c2000 r--s 00007000 fe:02 10094437                   /home/vogel/.gradle/caches/modules-2/files-2.1/javax.websocket/javax.websocket-api/1.0/fc843b649d4a1dcb0497669d262befa3918c7ba8/javax.websocket-api-1.0.jar
7f8ebd8c2000-7f8ebd8c5000 r--s 00015000 fe:02 10094435                   /home/vogel/.gradle/caches/modules-2/files-2.1/javax.servlet/javax.servlet-api/3.1.0/3cd63d075497751784b2fa84be59432f4905bf7c/javax.servlet-api-3.1.0.jar
7f8ebd8c5000-7f8ebd8c6000 r--s 00000000 fe:02 8660268                    /usr/lib/jvm/java-8-openjdk/jre/lib/management-agent.jar
7f8ebd8c6000-7f8ebd8cb000 r--s 0009d000 fe:02 8660269                    /usr/lib/jvm/java-8-openjdk/jre/lib/jsse.jar
7f8ebd8cb000-7f8ebd8ce000 r--s 00015000 fe:02 8660276                    /usr/lib/jvm/java-8-openjdk/jre/lib/jce.jar
7f8ebd8ce000-7f8ebd8d3000 r--s 002f9000 fe:02 8660277                    /usr/lib/jvm/java-8-openjdk/jre/lib/charsets.jar
7f8ebd8d3000-7f8ebd8d4000 r--s 00008000 fe:02 6691859                    /opt/intellij-idea-ultimate-edition/plugins/junit/lib/junit5-rt.jar
7f8ebd8d4000-7f8ebd8d7000 r--s 0001f000 fe:02 6691861                    /opt/intellij-idea-ultimate-edition/plugins/junit/lib/junit-rt.jar
7f8ebd8d7000-7f8ebd8d9000 r--s 0001a000 fe:02 6032698                    /opt/intellij-idea-ultimate-edition/lib/idea_rt.jar
7f8ebd8d9000-7f8ebd8db000 r--s 00001000 fe:02 6032835                    /opt/intellij-idea-ultimate-edition/lib/rt/debugger-agent-storage.jar
7f8ebd8db000-7f8ebd8e3000 rw-s 00000000 00:29 178878                     /tmp/hsperfdata_vogel/21172
7f8ebd8e3000-7f8ebd8e4000 rw-p 00000000 00:00 0 
7f8ebd8e4000-7f8ebd8e5000 ---p 00000000 00:00 0 
7f8ebd8e5000-7f8ebd8e6000 r--p 00024000 fe:02 8521960                    /usr/lib/ld-2.26.so
7f8ebd8e6000-7f8ebd8e7000 rw-p 00025000 fe:02 8521960                    /usr/lib/ld-2.26.so
7f8ebd8e7000-7f8ebd8e8000 rw-p 00000000 00:00 0 
7ffe61f84000-7ffe61fa6000 rw-p 00000000 00:00 0                          [stack]
7ffe61fde000-7ffe61fe1000 r--p 00000000 00:00 0                          [vvar]
7ffe61fe1000-7ffe61fe3000 r-xp 00000000 00:00 0                          [vdso]

VM Arguments:
jvm_args: -agentlib:jdwp=transport=dt_socket,address=127.0.0.1:32975,suspend=y,server=n -ea -Didea.test.cyclic.buffer.size=1048576 -javaagent:/opt/intellij-idea-ultimate-edition/plugins/Groovy/lib/agent/gragent.jar -javaagent:/opt/intellij-idea-ultimate-edition/lib/rt/debugger-agent.jar=/tmp/capture.props -Dfile.encoding=UTF-8 
java_command: com.intellij.rt.execution.junit.JUnitStarter -ideVersion5 -junit4 org.pispeb.treff_server.commands.RegisterCommandTest,usernameInUse
java_class_path (initial): /opt/intellij-idea-ultimate-edition/lib/idea_rt.jar:/opt/intellij-idea-ultimate-edition/plugins/junit/lib/junit-rt.jar:/opt/intellij-idea-ultimate-edition/plugins/junit/lib/junit5-rt.jar:/usr/lib/jvm/default-runtime/jre/lib/charsets.jar:/usr/lib/jvm/default-runtime/jre/lib/ext/cldrdata.jar:/usr/lib/jvm/default-runtime/jre/lib/ext/dnsns.jar:/usr/lib/jvm/default-runtime/jre/lib/ext/jaccess.jar:/usr/lib/jvm/default-runtime/jre/lib/ext/localedata.jar:/usr/lib/jvm/default-runtime/jre/lib/ext/nashorn.jar:/usr/lib/jvm/default-runtime/jre/lib/ext/sunec.jar:/usr/lib/jvm/default-runtime/jre/lib/ext/sunjce_provider.jar:/usr/lib/jvm/default-runtime/jre/lib/ext/sunpkcs11.jar:/usr/lib/jvm/default-runtime/jre/lib/ext/zipfs.jar:/usr/lib/jvm/default-runtime/jre/lib/jce.jar:/usr/lib/jvm/default-runtime/jre/lib/jsse.jar:/usr/lib/jvm/default-runtime/jre/lib/management-agent.jar:/usr/lib/jvm/default-runtime/jre/lib/resources.jar:/usr/lib/jvm/default-runtime/jre/lib/rt.jar:/home/vogel/Documents/pse/PSE/server/treff_server/out/test/classes:/home/vogel/Documents/pse/PSE/server/treff_server/out/production/classes:/home/vogel/Documents/pse/PSE/server/treff_server/out/production/resources:/home/vogel/.gradle/caches/modules-2/files-2.1/javax.servlet/javax.servlet-api/3.1.0/3cd63d075497751784b2fa84be59432f4905bf7c/javax.servlet-api-3.1.0.jar:/home/vogel/.gradle/caches/modules-2/files-2.1/javax.websocket/javax.websocket-api/1.0/fc843b649d4a1dcb0497669d262befa3918c7ba8/javax.websocket-api-1.0.jar:/home/vogel/.gradle/caches/modules-2/files-2.1/javax.json/javax.json-api/1.0/a74939ecbf7294b40accb4048929577f5ddcee2/javax.json-api-1.0.jar:/home/vogel/.gradle/caches/modules-2/files-2.1/org.glassfish/javax.json/1.0.2/e8a419fdc37481f2b54c6b711eb36708b70a204b/javax.json-1.0.2.jar:/home/vogel/.gradle/caches/modules-2/files-2.1/mysql/mysql-connector-java/8.0.8-dmr/2b1c562057c48d99ac71d1dea7c8ccebe1e43812/mysql-connector-java-8.0.8-dmr.jar:/home/vogel/.gradle/caches/modules-2/fil
Launcher Type: SUN_STANDARD

Environment Variables:
PATH=/usr/local/bin:/usr/local/sbin:/usr/bin:/usr/lib/jvm/default/bin:/usr/bin/site_perl:/usr/bin/vendor_perl:/usr/bin/core_perl:/opt/staruml/
USERNAME=vogel
SHELL=/bin/bash
DISPLAY=:0

Signal Handlers:
SIGSEGV: [libjvm.so+0xa9e370], sa_mask[0]=11111111011111111101111111111110, sa_flags=SA_RESTART|SA_SIGINFO
SIGBUS: [libjvm.so+0xa9e370], sa_mask[0]=11111111011111111101111111111110, sa_flags=SA_RESTART|SA_SIGINFO
SIGFPE: [libjvm.so+0x8d66a0], sa_mask[0]=11111111011111111101111111111110, sa_flags=SA_RESTART|SA_SIGINFO
SIGPIPE: [libjvm.so+0x8d66a0], sa_mask[0]=11111111011111111101111111111110, sa_flags=SA_RESTART|SA_SIGINFO
SIGXFSZ: [libjvm.so+0x8d66a0], sa_mask[0]=11111111011111111101111111111110, sa_flags=SA_RESTART|SA_SIGINFO
SIGILL: [libjvm.so+0x8d66a0], sa_mask[0]=11111111011111111101111111111110, sa_flags=SA_RESTART|SA_SIGINFO
SIGUSR1: SIG_DFL, sa_mask[0]=00000000000000000000000000000000, sa_flags=none
SIGUSR2: [libjvm.so+0x8d6550], sa_mask[0]=00100000000000000000000000000000, sa_flags=SA_RESTART|SA_SIGINFO
SIGHUP: [libjvm.so+0x8d6a00], sa_mask[0]=11111111011111111101111111111110, sa_flags=SA_RESTART|SA_SIGINFO
SIGINT: [libjvm.so+0x8d6a00], sa_mask[0]=11111111011111111101111111111110, sa_flags=SA_RESTART|SA_SIGINFO
SIGTERM: [libjvm.so+0x8d6a00], sa_mask[0]=11111111011111111101111111111110, sa_flags=SA_RESTART|SA_SIGINFO
SIGQUIT: [libjvm.so+0x8d6a00], sa_mask[0]=11111111011111111101111111111110, sa_flags=SA_RESTART|SA_SIGINFO


---------------  S Y S T E M  ---------------

OS:NAME="Arch Linux"
PRETTY_NAME="Arch Linux"
ID=arch
ID_LIKE=archlinux
ANSI_COLOR="0;36"
HOME_URL="https://www.archlinux.org/"
SUPPORT_URL="https://bbs.archlinux.org/"
BUG_REPORT_URL="https://bugs.archlinux.org/"

uname:Linux 4.15.6-1-ARCH #1 SMP PREEMPT Sun Feb 25 12:53:23 UTC 2018 x86_64
libc:glibc 2.26 NPTL 2.26 
rlimit: STACK 8192k, CORE infinity, NPROC 30906, NOFILE 4096, AS infinity
load average:0.62 0.75 0.74

/proc/meminfo:
MemTotal:        8076180 kB
MemFree:         3782168 kB
MemAvailable:    4801628 kB
Buffers:           84656 kB
Cached:          1552408 kB
SwapCached:            0 kB
Active:          3019004 kB
Inactive:        1032088 kB
Active(anon):    2539708 kB
Inactive(anon):   304688 kB
Active(file):     479296 kB
Inactive(file):   727400 kB
Unevictable:           0 kB
Mlocked:               0 kB
SwapTotal:       8388604 kB
SwapFree:        8388604 kB
Dirty:              3472 kB
Writeback:             0 kB
AnonPages:       2414112 kB
Mapped:           335536 kB
Shmem:            430372 kB
Slab:             111920 kB
SReclaimable:      74380 kB
SUnreclaim:        37540 kB
KernelStack:       10912 kB
PageTables:        40420 kB
NFS_Unstable:          0 kB
Bounce:                0 kB
WritebackTmp:          0 kB
CommitLimit:    12426692 kB
Committed_AS:    7073956 kB
VmallocTotal:   34359738367 kB
VmallocUsed:           0 kB
VmallocChunk:          0 kB
HardwareCorrupted:     0 kB
AnonHugePages:         0 kB
ShmemHugePages:        0 kB
ShmemPmdMapped:        0 kB
HugePages_Total:       0
HugePages_Free:        0
HugePages_Rsvd:        0
HugePages_Surp:        0
Hugepagesize:       2048 kB
DirectMap4k:      137840 kB
DirectMap2M:     8155136 kB


CPU:total 4 (initial active 4) (2 cores per cpu, 2 threads per core) family 6 model 58 stepping 9, cmov, cx8, fxsr, mmx, sse, sse2, sse3, ssse3, sse4.1, sse4.2, popcnt, avx, aes, clmul, erms, ht, tsc, tscinvbit, tscinv

/proc/cpuinfo:
processor	: 0
vendor_id	: GenuineIntel
cpu family	: 6
model		: 58
model name	: Intel(R) Core(TM) i5-3210M CPU @ 2.50GHz
stepping	: 9
microcode	: 0x15
cpu MHz		: 2893.533
cache size	: 3072 KB
physical id	: 0
siblings	: 4
core id		: 0
cpu cores	: 2
apicid		: 0
initial apicid	: 0
fpu		: yes
fpu_exception	: yes
cpuid level	: 13
wp		: yes
flags		: fpu vme de pse tsc msr pae mce cx8 apic sep mtrr pge mca cmov pat pse36 clflush dts acpi mmx fxsr sse sse2 ss ht tm pbe syscall nx rdtscp lm constant_tsc arch_perfmon pebs bts rep_good nopl xtopology nonstop_tsc cpuid aperfmperf pni pclmulqdq dtes64 monitor ds_cpl vmx est tm2 ssse3 cx16 xtpr pdcm pcid sse4_1 sse4_2 x2apic popcnt tsc_deadline_timer aes xsave avx f16c rdrand lahf_lm cpuid_fault pti tpr_shadow vnmi flexpriority ept vpid fsgsbase smep erms xsaveopt dtherm ida arat pln pts
bugs		: cpu_meltdown spectre_v1 spectre_v2
bogomips	: 4988.82
clflush size	: 64
cache_alignment	: 64
address sizes	: 36 bits physical, 48 bits virtual
power management:

processor	: 1
vendor_id	: GenuineIntel
cpu family	: 6
model		: 58
model name	: Intel(R) Core(TM) i5-3210M CPU @ 2.50GHz
stepping	: 9
microcode	: 0x15
cpu MHz		: 2893.515
cache size	: 3072 KB
physical id	: 0
siblings	: 4
core id		: 1
cpu cores	: 2
apicid		: 2
initial apicid	: 2
fpu		: yes
fpu_exception	: yes
cpuid level	: 13
wp		: yes
flags		: fpu vme de pse tsc msr pae mce cx8 apic sep mtrr pge mca cmov pat pse36 clflush dts acpi mmx fxsr sse sse2 ss ht tm pbe syscall nx rdtscp lm constant_tsc arch_perfmon pebs bts rep_good nopl xtopology nonstop_tsc cpuid aperfmperf pni pclmulqdq dtes64 monitor ds_cpl vmx est tm2 ssse3 cx16 xtpr pdcm pcid sse4_1 sse4_2 x2apic popcnt tsc_deadline_timer aes xsave avx f16c rdrand lahf_lm cpuid_fault pti tpr_shadow vnmi flexpriority ept vpid fsgsbase smep erms xsaveopt dtherm ida arat pln pts
bugs		: cpu_meltdown spectre_v1 spectre_v2
bogomips	: 4988.82
clflush size	: 64
cache_alignment	: 64
address sizes	: 36 bits physical, 48 bits virtual
power management:

processor	: 2
vendor_id	: GenuineIntel
cpu family	: 6
model		: 58
model name	: Intel(R) Core(TM) i5-3210M CPU @ 2.50GHz
stepping	: 9
microcode	: 0x15
cpu MHz		: 2893.514
cache size	: 3072 KB
physical id	: 0
siblings	: 4
core id		: 0
cpu cores	: 2
apicid		: 1
initial apicid	: 1
fpu		: yes
fpu_exception	: yes
cpuid level	: 13
wp		: yes
flags		: fpu vme de pse tsc msr pae mce cx8 apic sep mtrr pge mca cmov pat pse36 clflush dts acpi mmx fxsr sse sse2 ss ht tm pbe syscall nx rdtscp lm constant_tsc arch_perfmon pebs bts rep_good nopl xtopology nonstop_tsc cpuid aperfmperf pni pclmulqdq dtes64 monitor ds_cpl vmx est tm2 ssse3 cx16 xtpr pdcm pcid sse4_1 sse4_2 x2apic popcnt tsc_deadline_timer aes xsave avx f16c rdrand lahf_lm cpuid_fault pti tpr_shadow vnmi flexpriority ept vpid fsgsbase smep erms xsaveopt dtherm ida arat pln pts
bugs		: cpu_meltdown spectre_v1 spectre_v2
bogomips	: 4988.82
clflush size	: 64
cache_alignment	: 64
address sizes	: 36 bits physical, 48 bits virtual
power management:

processor	: 3
vendor_id	: GenuineIntel
cpu family	: 6
model		: 58
model name	: Intel(R) Core(TM) i5-3210M CPU @ 2.50GHz
stepping	: 9
microcode	: 0x15
cpu MHz		: 2893.514
cache size	: 3072 KB
physical id	: 0
siblings	: 4
core id		: 1
cpu cores	: 2
apicid		: 3
initial apicid	: 3
fpu		: yes
fpu_exception	: yes
cpuid level	: 13
wp		: yes
flags		: fpu vme de pse tsc msr pae mce cx8 apic sep mtrr pge mca cmov pat pse36 clflush dts acpi mmx fxsr sse sse2 ss ht tm pbe syscall nx rdtscp lm constant_tsc arch_perfmon pebs bts rep_good nopl xtopology nonstop_tsc cpuid aperfmperf pni pclmulqdq dtes64 monitor ds_cpl vmx est tm2 ssse3 cx16 xtpr pdcm pcid sse4_1 sse4_2 x2apic popcnt tsc_deadline_timer aes xsave avx f16c rdrand lahf_lm cpuid_fault pti tpr_shadow vnmi flexpriority ept vpid fsgsbase smep erms xsaveopt dtherm ida arat pln pts
bugs		: cpu_meltdown spectre_v1 spectre_v2
bogomips	: 4988.82
clflush size	: 64
cache_alignment	: 64
address sizes	: 36 bits physical, 48 bits virtual
power management:



Memory: 4k page, physical 8076180k(3781920k free), swap 8388604k(8388604k free)

vm_info: OpenJDK 64-Bit Server VM (25.162-b12) for linux-amd64 JRE (1.8.0_162-b12), built on Feb 27 2018 12:14:51 by "builduser" with gcc 7.3.0

time: Thu Mar  1 22:03:10 2018
elapsed time: 12 seconds (0d 0h 0m 12s)

