#
# A fatal error has been detected by the Java Runtime Environment:
#
#  SIGSEGV (0xb) at pc=0x00007f8e9c7de3b8, pid=22452, tid=0x00007f8e9a43d700
#
# JRE version: OpenJDK Runtime Environment (8.0_162-b12) (build 1.8.0_162-b12)
# Java VM: OpenJDK 64-Bit Server VM (25.162-b12 mixed mode linux-amd64 compressed oops)
# Problematic frame:
# V  [libjvm.so+0x6b73b8]
#
# Core dump written. Default location: /home/vogel/Documents/pse/PSE/server/treff_server/core or core.22452
#
# If you would like to submit a bug report, please visit:
#   http://bugreport.java.com/bugreport/crash.jsp
#

---------------  T H R E A D  ---------------

Current thread (0x00007f8e94028800):  GCTaskThread [stack: 0x00007f8e9a33e000,0x00007f8e9a43e000] [id=22463]

siginfo: si_signo: 11 (SIGSEGV), si_code: 1 (SEGV_MAPERR), si_addr: 0x0000000000000100

Registers:
RAX=0x0000000000000000, RBX=0x00007f8e9a43cd30, RCX=0x00007f8e9a43cd50, RDX=0x0000000000000000
RSP=0x00007f8e9a43c670, RBP=0x00007f8e9a43c6a0, RSI=0x00007f8e9a43cd30, RDI=0x0000000000000000
R8 =0x0000000000000009, R9 =0x0000000000000003, R10=0x00000000860e4cfd, R11=0x0000000000000030
R12=0x0000000000000000, R13=0x0000000000000000, R14=0x0000000000000000, R15=0x00007f8e9a43cd30
RIP=0x00007f8e9c7de3b8, EFLAGS=0x0000000000010202, CSGSFS=0x002b000000000033, ERR=0x0000000000000004
  TRAPNO=0x000000000000000e

Top of Stack: (sp=0x00007f8e9a43c670)
0x00007f8e9a43c670:   00007f8e9de99120 00007f8e9a43cd30
0x00007f8e9a43c680:   00007f8e2800a800 00007f8e94051f30
0x00007f8e9a43c690:   0000000000000000 00007f8e9a43cd50
0x00007f8e9a43c6a0:   00007f8e9a43cd20 00007f8e9cb5dea8
0x00007f8e9a43c6b0:   00007f8e94028800 00007f8e9a43c6c0
0x00007f8e9a43c6c0:   00007f8e9de9a998 00007f8e850004e7
0x00007f8e9a43c6d0:   00007f8e850003d0 0000000000000000
0x00007f8e9a43c6e0:   00007f8e9de9aa30 00007f8e9de9a9c8
0x00007f8e9a43c6f0:   00007f8e9de9a998 00007f8e850004e7
0x00007f8e9a43c700:   00007f8e850003d0 0000000000000000
0x00007f8e9a43c710:   00007f8e9de9aa30 00007f8e9de9a9c8
0x00007f8e9a43c720:   0000000000000000 0000000000000000
0x00007f8e9a43c730:   0000000000000000 0000000000000000
0x00007f8e9a43c740:   0000000000000000 0000000000000000
0x00007f8e9a43c750:   0000000000000000 0000000000000000
0x00007f8e9a43c760:   0000000000000000 0000000000000000
0x00007f8e9a43c770:   00007f8e9de9a988 00007f8e9de9a988
0x00007f8e9a43c780:   0000000000000000 0000000000000000
0x00007f8e9a43c790:   0000000000000000 0000000000000000
0x00007f8e9a43c7a0:   0000000000000000 0000000000000000
0x00007f8e9a43c7b0:   0000000000000000 0000000000000000
0x00007f8e9a43c7c0:   0000000000000000 0000000000000000
0x00007f8e9a43c7d0:   0000000000000000 0000000000000000
0x00007f8e9a43c7e0:   0000000000000000 0000000000000000
0x00007f8e9a43c7f0:   0000000000000000 0000000000000000
0x00007f8e9a43c800:   0000000000000000 0000000000000000
0x00007f8e9a43c810:   0000000000000000 0000000000000000
0x00007f8e9a43c820:   0000000000000000 0000000000000000
0x00007f8e9a43c830:   0000000000000000 0000000000000000
0x00007f8e9a43c840:   0000000000000000 0000000000000000
0x00007f8e9a43c850:   0000000000000000 0000000000000000
0x00007f8e9a43c860:   0000000000000000 0000000000000000 

Instructions: (pc=0x00007f8e9c7de3b8)
0x00007f8e9c7de398:   41 55 41 54 49 89 fd 53 49 89 f7 48 83 ec 08 66
0x00007f8e9c7de3a8:   0f 1f 84 00 00 00 00 00 4d 89 ec 0f 1f 44 00 00
0x00007f8e9c7de3b8:   41 8b b4 24 00 01 00 00 85 f6 7e 68 4d 8d 74 24
0x00007f8e9c7de3c8:   f8 bb 01 00 00 00 66 90 49 8b 44 dc f8 48 85 c0 

Register to memory mapping:

RAX=0x0000000000000000 is an unknown value
RBX=0x00007f8e9a43cd30 is an unknown value
RCX=0x00007f8e9a43cd50 is an unknown value
RDX=0x0000000000000000 is an unknown value
RSP=0x00007f8e9a43c670 is an unknown value
RBP=0x00007f8e9a43c6a0 is an unknown value
RSI=0x00007f8e9a43cd30 is an unknown value
RDI=0x0000000000000000 is an unknown value
R8 =0x0000000000000009 is an unknown value
R9 =0x0000000000000003 is an unknown value
R10=0x00000000860e4cfd is pointing into object: 0x00000000860e4cf0
java.lang.String 
 - klass: 'java/lang/String'
R11=0x0000000000000030 is an unknown value
R12=0x0000000000000000 is an unknown value
R13=0x0000000000000000 is an unknown value
R14=0x0000000000000000 is an unknown value
R15=0x00007f8e9a43cd30 is an unknown value


Stack: [0x00007f8e9a33e000,0x00007f8e9a43e000],  sp=0x00007f8e9a43c670,  free space=1017k
Native frames: (J=compiled Java code, j=interpreted, Vv=VM code, C=native code)
V  [libjvm.so+0x6b73b8]
V  [libjvm.so+0xa36ea8]
V  [libjvm.so+0x953b46]
V  [libjvm.so+0x5b3b86]
V  [libjvm.so+0x8d8432]


---------------  P R O C E S S  ---------------

Java Threads: ( => current thread )
  0x00007f8e2800a800 JavaThread "Exec Stream Pumper" daemon [_thread_blocked, id=23694, stack(0x00007f8e27162000,0x00007f8e27263000)]
  0x00007f8e28007800 JavaThread "Exec Stream Pumper" daemon [_thread_blocked, id=23693, stack(0x00007f8e7c05e000,0x00007f8e7c15f000)]
  0x00007f8e28007000 JavaThread "Exec Stream Pumper" daemon [_thread_in_native, id=23692, stack(0x00007f8e27eff000,0x00007f8e28000000)]
  0x00007f8e94896000 JavaThread "Exec Default Executor" [_thread_blocked, id=23690, stack(0x00007f8e7c15f000,0x00007f8e7c260000)]
  0x00007f8e94284000 JavaThread "Abandoned connection cleanup thread" daemon [_thread_blocked, id=22641, stack(0x00007f8e84128000,0x00007f8e84229000)]
  0x00007f8e30001800 JavaThread "process reaper" daemon [_thread_in_native, id=22635, stack(0x00007f8e840ef000,0x00007f8e84128000)]
  0x00007f8e40038800 JavaThread "Exec Stream Pumper" daemon [_thread_in_native, id=22606, stack(0x00007f8e84229000,0x00007f8e8432a000)]
  0x00007f8e40037800 JavaThread "Exec Stream Pumper" daemon [_thread_in_native, id=22605, stack(0x00007f8e8432a000,0x00007f8e8442b000)]
  0x00007f8e945ae000 JavaThread "Exec Default Executor" [_thread_blocked, id=22603, stack(0x00007f8e8442b000,0x00007f8e8452c000)]
  0x00007f8e40035000 JavaThread "process reaper" daemon [_thread_in_native, id=22483, stack(0x00007f8e84752000,0x00007f8e8478b000)]
  0x00007f8e941bd000 JavaThread "Service Thread" daemon [_thread_blocked, id=22472, stack(0x00007f8e848e3000,0x00007f8e849e4000)]
  0x00007f8e941ba000 JavaThread "C1 CompilerThread2" daemon [_thread_blocked, id=22471, stack(0x00007f8e849e5000,0x00007f8e84ae5000)]
  0x00007f8e941b8000 JavaThread "C2 CompilerThread1" daemon [_thread_blocked, id=22470, stack(0x00007f8e84ae6000,0x00007f8e84be6000)]
  0x00007f8e941b6000 JavaThread "C2 CompilerThread0" daemon [_thread_blocked, id=22469, stack(0x00007f8e84be7000,0x00007f8e84ce7000)]
  0x00007f8e941b4800 JavaThread "Monitor Ctrl-Break" daemon [_thread_in_native, id=22468, stack(0x00007f8e84eff000,0x00007f8e85000000)]
  0x00007f8e94181800 JavaThread "Signal Dispatcher" daemon [_thread_blocked, id=22467, stack(0x00007f8e98022000,0x00007f8e98123000)]
  0x00007f8e9414e800 JavaThread "Finalizer" daemon [_thread_blocked, id=22466, stack(0x00007f8e982be000,0x00007f8e983bf000)]
  0x00007f8e9414a000 JavaThread "Reference Handler" daemon [_thread_blocked, id=22465, stack(0x00007f8e983bf000,0x00007f8e984c0000)]
  0x00007f8e9400e800 JavaThread "main" [_thread_blocked, id=22453, stack(0x00007f8e9dd9c000,0x00007f8e9de9c000)]

Other Threads:
  0x00007f8e94142800 VMThread [stack: 0x00007f8e984c1000,0x00007f8e985c1000] [id=22464]
  0x00007f8e941bf800 WatcherThread [stack: 0x00007f8e847e3000,0x00007f8e848e3000] [id=22473]

=>0x00007f8e94028800 (exited) GCTaskThread [stack: 0x00007f8e9a33e000,0x00007f8e9a43e000] [id=22463]

VM state:at safepoint (normal execution)

VM Mutex/Monitor currently owned by a thread:  ([mutex/lock_event])
[0x00007f8e9400b6d0] Threads_lock - owner thread: 0x00007f8e94142800
[0x00007f8e9400bbd0] Heap_lock - owner thread: 0x00007f8e28007800

Heap:
 PSYoungGen      total 73216K, used 68099K [0x00000000d6f00000, 0x00000000dc200000, 0x0000000100000000)
  eden space 61440K, 100% used [0x00000000d6f00000,0x00000000dab00000,0x00000000dab00000)
  from space 11776K, 56% used [0x00000000db680000,0x00000000dbd00c60,0x00000000dc200000)
  to   space 11776K, 26% used [0x00000000dab00000,0x00000000dae0ca70,0x00000000db680000)
 ParOldGen       total 84992K, used 23329K [0x0000000084c00000, 0x0000000089f00000, 0x00000000d6f00000)
  object space 84992K, 27% used [0x0000000084c00000,0x00000000862c87a8,0x0000000089f00000)
 Metaspace       used 17043K, capacity 17366K, committed 17536K, reserved 1064960K
  class space    used 1800K, capacity 1897K, committed 1920K, reserved 1048576K

Card table byte_map: [0x00007f8e9a9d3000,0x00007f8e9adae000] byte_map_base: 0x00007f8e9a5ad000

Marking Bits: (ParMarkBitMap*) 0x00007f8e9d08e0c0
 Begin Bits: [0x00007f8e7c260000, 0x00007f8e7e130000)
 End Bits:   [0x00007f8e7e130000, 0x00007f8e80000000)

Polling page: 0x00007f8e9decd000

CodeCache: size=245760Kb used=7886Kb max_used=7905Kb free=237873Kb
 bounds [0x00007f8e85000000, 0x00007f8e857d0000, 0x00007f8e94000000]
 total_blobs=2769 nmethods=2374 adapters=309
 compilation: enabled

Compilation events (10 events):
Event: 21.130 Thread 0x00007f8e941ba000 nmethod 2652 0x00007f8e857b4610 code [0x00007f8e857b4780, 0x00007f8e857b49d0]
Event: 21.130 Thread 0x00007f8e941ba000 2653       3       org.apache.commons.exec.CommandLine::getExecutable (12 bytes)
Event: 21.131 Thread 0x00007f8e941ba000 nmethod 2653 0x00007f8e857b3dd0 code [0x00007f8e857b3f80, 0x00007f8e857b4418]
Event: 21.140 Thread 0x00007f8e941b8000 nmethod 2650 0x00007f8e857ba150 code [0x00007f8e857ba340, 0x00007f8e857bb260]
Event: 21.140 Thread 0x00007f8e941b8000 2651       4       java.lang.Integer::<init> (10 bytes)
Event: 21.140 Thread 0x00007f8e941b8000 nmethod 2651 0x00007f8e856dee50 code [0x00007f8e856defa0, 0x00007f8e856deff8]
Event: 21.153 Thread 0x00007f8e941b6000 nmethod 2644 0x00007f8e857bfd50 code [0x00007f8e857c0080, 0x00007f8e857c2620]
Event: 21.332 Thread 0x00007f8e941ba000 2654       1       java.lang.ThreadLocal::getMap (5 bytes)
Event: 21.332 Thread 0x00007f8e941ba000 nmethod 2654 0x00007f8e857b1010 code [0x00007f8e857b1160, 0x00007f8e857b1270]
Event: 21.432 Thread 0x00007f8e941b8000 2655       4       java.util.HashMap$HashIterator::<init> (79 bytes)

GC Heap History (10 events):
Event: 15.084 GC heap after
Heap after GC invocations=4 (full 0):
 PSYoungGen      total 36864K, used 5108K [0x00000000d6f00000, 0x00000000d9800000, 0x0000000100000000)
  eden space 31744K, 0% used [0x00000000d6f00000,0x00000000d6f00000,0x00000000d8e00000)
  from space 5120K, 99% used [0x00000000d9300000,0x00000000d97fd1e0,0x00000000d9800000)
  to   space 5120K, 0% used [0x00000000d8e00000,0x00000000d8e00000,0x00000000d9300000)
 ParOldGen       total 84992K, used 13201K [0x0000000084c00000, 0x0000000089f00000, 0x00000000d6f00000)
  object space 84992K, 15% used [0x0000000084c00000,0x00000000858e47f0,0x0000000089f00000)
 Metaspace       used 16073K, capacity 16366K, committed 16512K, reserved 1064960K
  class space    used 1755K, capacity 1851K, committed 1920K, reserved 1048576K
}
Event: 16.019 GC heap before
{Heap before GC invocations=5 (full 0):
 PSYoungGen      total 36864K, used 36852K [0x00000000d6f00000, 0x00000000d9800000, 0x0000000100000000)
  eden space 31744K, 100% used [0x00000000d6f00000,0x00000000d8e00000,0x00000000d8e00000)
  from space 5120K, 99% used [0x00000000d9300000,0x00000000d97fd1e0,0x00000000d9800000)
  to   space 5120K, 0% used [0x00000000d8e00000,0x00000000d8e00000,0x00000000d9300000)
 ParOldGen       total 84992K, used 13201K [0x0000000084c00000, 0x0000000089f00000, 0x00000000d6f00000)
  object space 84992K, 15% used [0x0000000084c00000,0x00000000858e47f0,0x0000000089f00000)
 Metaspace       used 16243K, capacity 16522K, committed 16768K, reserved 1064960K
  class space    used 1758K, capacity 1855K, committed 1920K, reserved 1048576K
Event: 16.032 GC heap after
Heap after GC invocations=5 (full 0):
 PSYoungGen      total 36352K, used 5109K [0x00000000d6f00000, 0x00000000da580000, 0x0000000100000000)
  eden space 31232K, 0% used [0x00000000d6f00000,0x00000000d6f00000,0x00000000d8d80000)
  from space 5120K, 99% used [0x00000000d8e00000,0x00000000d92fd6a0,0x00000000d9300000)
  to   space 12288K, 0% used [0x00000000d9980000,0x00000000d9980000,0x00000000da580000)
 ParOldGen       total 84992K, used 18167K [0x0000000084c00000, 0x0000000089f00000, 0x00000000d6f00000)
  object space 84992K, 21% used [0x0000000084c00000,0x0000000085dbdd58,0x0000000089f00000)
 Metaspace       used 16243K, capacity 16522K, committed 16768K, reserved 1064960K
  class space    used 1758K, capacity 1855K, committed 1920K, reserved 1048576K
}
Event: 17.323 GC heap before
{Heap before GC invocations=6 (full 0):
 PSYoungGen      total 36352K, used 36341K [0x00000000d6f00000, 0x00000000da580000, 0x0000000100000000)
  eden space 31232K, 100% used [0x00000000d6f00000,0x00000000d8d80000,0x00000000d8d80000)
  from space 5120K, 99% used [0x00000000d8e00000,0x00000000d92fd6a0,0x00000000d9300000)
  to   space 12288K, 0% used [0x00000000d9980000,0x00000000d9980000,0x00000000da580000)
 ParOldGen       total 84992K, used 18167K [0x0000000084c00000, 0x0000000089f00000, 0x00000000d6f00000)
  object space 84992K, 21% used [0x0000000084c00000,0x0000000085dbdd58,0x0000000089f00000)
 Metaspace       used 16443K, capacity 16822K, committed 17024K, reserved 1064960K
  class space    used 1769K, capacity 1887K, committed 1920K, reserved 1048576K
Event: 17.335 GC heap after
Heap after GC invocations=6 (full 0):
 PSYoungGen      total 42496K, used 9302K [0x00000000d6f00000, 0x00000000da500000, 0x0000000100000000)
  eden space 30720K, 0% used [0x00000000d6f00000,0x00000000d6f00000,0x00000000d8d00000)
  from space 11776K, 78% used [0x00000000d9980000,0x00000000da295b80,0x00000000da500000)
  to   space 12288K, 0% used [0x00000000d8d00000,0x00000000d8d00000,0x00000000d9900000)
 ParOldGen       total 84992K, used 18175K [0x0000000084c00000, 0x0000000089f00000, 0x00000000d6f00000)
  object space 84992K, 21% used [0x0000000084c00000,0x0000000085dbfd58,0x0000000089f00000)
 Metaspace       used 16443K, capacity 16822K, committed 17024K, reserved 1064960K
  class space    used 1769K, capacity 1887K, committed 1920K, reserved 1048576K
}
Event: 18.214 GC heap before
{Heap before GC invocations=7 (full 0):
 PSYoungGen      total 42496K, used 40022K [0x00000000d6f00000, 0x00000000da500000, 0x0000000100000000)
  eden space 30720K, 100% used [0x00000000d6f00000,0x00000000d8d00000,0x00000000d8d00000)
  from space 11776K, 78% used [0x00000000d9980000,0x00000000da295b80,0x00000000da500000)
  to   space 12288K, 0% used [0x00000000d8d00000,0x00000000d8d00000,0x00000000d9900000)
 ParOldGen       total 84992K, used 18175K [0x0000000084c00000, 0x0000000089f00000, 0x00000000d6f00000)
  object space 84992K, 21% used [0x0000000084c00000,0x0000000085dbfd58,0x0000000089f00000)
 Metaspace       used 16690K, capacity 17032K, committed 17280K, reserved 1064960K
  class space    used 1793K, capacity 1892K, committed 1920K, reserved 1048576K
Event: 18.233 GC heap after
Heap after GC invocations=7 (full 0):
 PSYoungGen      total 43008K, used 8934K [0x00000000d6f00000, 0x00000000dc200000, 0x0000000100000000)
  eden space 30720K, 0% used [0x00000000d6f00000,0x00000000d6f00000,0x00000000d8d00000)
  from space 12288K, 72% used [0x00000000d8d00000,0x00000000d95b9a28,0x00000000d9900000)
  to   space 11776K, 0% used [0x00000000db680000,0x00000000db680000,0x00000000dc200000)
 ParOldGen       total 84992K, used 19368K [0x0000000084c00000, 0x0000000089f00000, 0x00000000d6f00000)
  object space 84992K, 22% used [0x0000000084c00000,0x0000000085eea138,0x0000000089f00000)
 Metaspace       used 16690K, capacity 17032K, committed 17280K, reserved 1064960K
  class space    used 1793K, capacity 1892K, committed 1920K, reserved 1048576K
}
Event: 19.415 GC heap before
{Heap before GC invocations=8 (full 0):
 PSYoungGen      total 43008K, used 39654K [0x00000000d6f00000, 0x00000000dc200000, 0x0000000100000000)
  eden space 30720K, 100% used [0x00000000d6f00000,0x00000000d8d00000,0x00000000d8d00000)
  from space 12288K, 72% used [0x00000000d8d00000,0x00000000d95b9a28,0x00000000d9900000)
  to   space 11776K, 0% used [0x00000000db680000,0x00000000db680000,0x00000000dc200000)
 ParOldGen       total 84992K, used 19368K [0x0000000084c00000, 0x0000000089f00000, 0x00000000d6f00000)
  object space 84992K, 22% used [0x0000000084c00000,0x0000000085eea138,0x0000000089f00000)
 Metaspace       used 16981K, capacity 17302K, committed 17536K, reserved 1064960K
  class space    used 1799K, capacity 1897K, committed 1920K, reserved 1048576K
Event: 19.433 GC heap after
Heap after GC invocations=8 (full 0):
 PSYoungGen      total 73216K, used 6659K [0x00000000d6f00000, 0x00000000dc200000, 0x0000000100000000)
  eden space 61440K, 0% used [0x00000000d6f00000,0x00000000d6f00000,0x00000000dab00000)
  from space 11776K, 56% used [0x00000000db680000,0x00000000dbd00c60,0x00000000dc200000)
  to   space 11776K, 0% used [0x00000000dab00000,0x00000000dab00000,0x00000000db680000)
 ParOldGen       total 84992K, used 21520K [0x0000000084c00000, 0x0000000089f00000, 0x00000000d6f00000)
  object space 84992K, 25% used [0x0000000084c00000,0x0000000086104108,0x0000000089f00000)
 Metaspace       used 16981K, capacity 17302K, committed 17536K, reserved 1064960K
  class space    used 1799K, capacity 1897K, committed 1920K, reserved 1048576K
}
Event: 21.433 GC heap before
{Heap before GC invocations=9 (full 0):
 PSYoungGen      total 73216K, used 68099K [0x00000000d6f00000, 0x00000000dc200000, 0x0000000100000000)
  eden space 61440K, 100% used [0x00000000d6f00000,0x00000000dab00000,0x00000000dab00000)
  from space 11776K, 56% used [0x00000000db680000,0x00000000dbd00c60,0x00000000dc200000)
  to   space 11776K, 0% used [0x00000000dab00000,0x00000000dab00000,0x00000000db680000)
 ParOldGen       total 84992K, used 21520K [0x0000000084c00000, 0x0000000089f00000, 0x00000000d6f00000)
  object space 84992K, 25% used [0x0000000084c00000,0x0000000086104108,0x0000000089f00000)
 Metaspace       used 17043K, capacity 17366K, committed 17536K, reserved 1064960K
  class space    used 1800K, capacity 1897K, committed 1920K, reserved 1048576K

Deoptimization events (10 events):
Event: 13.976 Thread 0x00007f8e28009000 Uncommon trap: reason=bimorphic action=maybe_recompile pc=0x00007f8e8532cf94 method=java.io.FilterInputStream.read([B)I @ 5
Event: 15.248 Thread 0x00007f8e9400e800 Uncommon trap: reason=bimorphic action=maybe_recompile pc=0x00007f8e854833f0 method=java.util.HashMap.putVal(ILjava/lang/Object;Ljava/lang/Object;ZZ)Ljava/lang/Object; @ 203
Event: 15.248 Thread 0x00007f8e9400e800 Uncommon trap: reason=bimorphic action=maybe_recompile pc=0x00007f8e854833f0 method=java.util.HashMap.putVal(ILjava/lang/Object;Ljava/lang/Object;ZZ)Ljava/lang/Object; @ 203
Event: 18.149 Thread 0x00007f8e9400e800 Uncommon trap: reason=null_check action=make_not_entrant pc=0x00007f8e856b2220 method=com.mysql.cj.jdbc.JdbcPropertySetImpl.postInitialization()V @ 47
Event: 18.166 Thread 0x00007f8e9400e800 Uncommon trap: reason=class_check action=maybe_recompile pc=0x00007f8e851b0078 method=java.lang.Class.enumConstantDirectory()Ljava/util/Map; @ 84
Event: 18.166 Thread 0x00007f8e9400e800 Uncommon trap: reason=class_check action=maybe_recompile pc=0x00007f8e851b0078 method=java.lang.Class.enumConstantDirectory()Ljava/util/Map; @ 84
Event: 18.171 Thread 0x00007f8e9400e800 Uncommon trap: reason=null_check action=make_not_entrant pc=0x00007f8e85654ae4 method=com.mysql.cj.jdbc.JdbcPropertySetImpl.postInitialization()V @ 47
Event: 18.173 Thread 0x00007f8e9400e800 Uncommon trap: reason=unstable_if action=reinterpret pc=0x00007f8e8561a028 method=com.mysql.cj.core.MysqlCharset.getMatchingJavaEncoding(Ljava/lang/String;)Ljava/lang/String; @ 20
Event: 18.241 Thread 0x00007f8e9400e800 Uncommon trap: reason=unstable_if action=reinterpret pc=0x00007f8e853a48e4 method=com.mysql.cj.core.MysqlCharset.getMatchingJavaEncoding(Ljava/lang/String;)Ljava/lang/String; @ 20
Event: 21.081 Thread 0x00007f8e9400e800 Uncommon trap: reason=predicate action=maybe_recompile pc=0x00007f8e857b03e8 method=java.lang.String.regionMatches(ZILjava/lang/String;II)Z @ 63

Classes redefined (0 events):
No events

Internal exceptions (10 events):
Event: 13.687 Thread 0x00007f8e9400e800 Exception <a 'java/lang/NoSuchMethodError': java.lang.Object.lambda$identity$2(Ljava/lang/Object;)Ljava/lang/Object;> (0x00000000d87a6cf8) thrown at [/build/java8-openjdk/src/jdk8u-jdk8u162-b12/hotspot/src/share/vm/interpreter/linkResolver.cpp, line 620]
Event: 13.974 Thread 0x00007f8e9400e800 Exception <a 'java/lang/reflect/InvocationTargetException'> (0x00000000d7785ef8) thrown at [/build/java8-openjdk/src/jdk8u-jdk8u162-b12/hotspot/src/share/vm/runtime/reflection.cpp, line 1092]
Event: 14.634 Thread 0x00007f8e9400e800 Exception <a 'java/lang/reflect/InvocationTargetException'> (0x00000000d8844fa8) thrown at [/build/java8-openjdk/src/jdk8u-jdk8u162-b12/hotspot/src/share/vm/runtime/reflection.cpp, line 1092]
Event: 15.271 Thread 0x00007f8e9400e800 Exception <a 'java/lang/reflect/InvocationTargetException'> (0x00000000d7c13a20) thrown at [/build/java8-openjdk/src/jdk8u-jdk8u162-b12/hotspot/src/share/vm/runtime/reflection.cpp, line 1092]
Event: 15.917 Thread 0x00007f8e9400e800 Exception <a 'java/lang/reflect/InvocationTargetException'> (0x00000000d8d14158) thrown at [/build/java8-openjdk/src/jdk8u-jdk8u162-b12/hotspot/src/share/vm/runtime/reflection.cpp, line 1092]
Event: 16.484 Thread 0x00007f8e9400e800 Exception <a 'java/lang/reflect/InvocationTargetException'> (0x00000000d7d18310) thrown at [/build/java8-openjdk/src/jdk8u-jdk8u162-b12/hotspot/src/share/vm/runtime/reflection.cpp, line 1092]
Event: 17.020 Thread 0x00007f8e9400e800 Exception <a 'java/lang/reflect/InvocationTargetException'> (0x00000000d8ab15b8) thrown at [/build/java8-openjdk/src/jdk8u-jdk8u162-b12/hotspot/src/share/vm/runtime/reflection.cpp, line 1092]
Event: 18.149 Thread 0x00007f8e9400e800 Implicit null exception at 0x00007f8e856b1608 to 0x00007f8e856b2215
Event: 18.171 Thread 0x00007f8e9400e800 Implicit null exception at 0x00007f8e8565460c to 0x00007f8e85654ad5
Event: 18.267 Thread 0x00007f8e9400e800 Exception <a 'java/lang/reflect/InvocationTargetException'> (0x00000000d710b760) thrown at [/build/java8-openjdk/src/jdk8u-jdk8u162-b12/hotspot/src/share/vm/runtime/reflection.cpp, line 1092]

Events (10 events):
Event: 21.337 Thread 0x00007f8e28007800 Thread exited: 0x00007f8e28007800
Event: 21.337 Thread 0x00007f8e28007000 Thread exited: 0x00007f8e28007000
Event: 21.337 Thread 0x00007f8e28007000 Thread added: 0x00007f8e28007000
Event: 21.337 Thread 0x00007f8e28007000 Thread exited: 0x00007f8e28007000
Event: 21.337 Thread 0x00007f8e94896000 Thread exited: 0x00007f8e94896000
Event: 21.432 Thread 0x00007f8e94896000 Thread added: 0x00007f8e94896000
Event: 21.433 Thread 0x00007f8e28007000 Thread added: 0x00007f8e28007000
Event: 21.433 Thread 0x00007f8e28007800 Thread added: 0x00007f8e28007800
Event: 21.433 Thread 0x00007f8e2800a800 Thread added: 0x00007f8e2800a800
Event: 21.433 Executing VM operation: ParallelGCFailedAllocation


Dynamic libraries:
84c00000-89f00000 rw-p 00000000 00:00 0 
89f00000-d6f00000 ---p 00000000 00:00 0 
d6f00000-dc200000 rw-p 00000000 00:00 0 
dc200000-100000000 ---p 00000000 00:00 0 
100000000-1001e0000 rw-p 00000000 00:00 0 
1001e0000-140000000 ---p 00000000 00:00 0 
5568e5b68000-5568e5b69000 r-xp 00000000 fe:02 8660245                    /usr/lib/jvm/java-8-openjdk/jre/bin/java
5568e5d68000-5568e5d69000 r--p 00000000 fe:02 8660245                    /usr/lib/jvm/java-8-openjdk/jre/bin/java
5568e5d69000-5568e5d6a000 rw-p 00001000 fe:02 8660245                    /usr/lib/jvm/java-8-openjdk/jre/bin/java
5568e6099000-5568e60ba000 rw-p 00000000 00:00 0                          [heap]
7f8e18000000-7f8e18021000 rw-p 00000000 00:00 0 
7f8e18021000-7f8e1c000000 ---p 00000000 00:00 0 
7f8e20000000-7f8e20021000 rw-p 00000000 00:00 0 
7f8e20021000-7f8e24000000 ---p 00000000 00:00 0 
7f8e26f62000-7f8e270a2000 rw-p 00000000 00:00 0 
7f8e270a2000-7f8e27162000 ---p 00000000 00:00 0 
7f8e27162000-7f8e27165000 ---p 00000000 00:00 0 
7f8e27165000-7f8e27463000 rw-p 00000000 00:00 0 
7f8e27463000-7f8e27476000 r-xp 00000000 fe:02 8521884                    /usr/lib/libresolv-2.26.so
7f8e27476000-7f8e27676000 ---p 00013000 fe:02 8521884                    /usr/lib/libresolv-2.26.so
7f8e27676000-7f8e27677000 r--p 00013000 fe:02 8521884                    /usr/lib/libresolv-2.26.so
7f8e27677000-7f8e27678000 rw-p 00014000 fe:02 8521884                    /usr/lib/libresolv-2.26.so
7f8e27678000-7f8e2767a000 rw-p 00000000 00:00 0 
7f8e2767a000-7f8e2767f000 r-xp 00000000 fe:02 8521895                    /usr/lib/libnss_dns-2.26.so
7f8e2767f000-7f8e2787e000 ---p 00005000 fe:02 8521895                    /usr/lib/libnss_dns-2.26.so
7f8e2787e000-7f8e2787f000 r--p 00004000 fe:02 8521895                    /usr/lib/libnss_dns-2.26.so
7f8e2787f000-7f8e27880000 rw-p 00005000 fe:02 8521895                    /usr/lib/libnss_dns-2.26.so
7f8e27880000-7f8e278bc000 r-xp 00000000 fe:02 8562461                    /usr/lib/libnss_resolve.so.2
7f8e278bc000-7f8e27abb000 ---p 0003c000 fe:02 8562461                    /usr/lib/libnss_resolve.so.2
7f8e27abb000-7f8e27abe000 r--p 0003b000 fe:02 8562461                    /usr/lib/libnss_resolve.so.2
7f8e27abe000-7f8e27abf000 rw-p 0003e000 fe:02 8562461                    /usr/lib/libnss_resolve.so.2
7f8e27abf000-7f8e27afc000 r-xp 00000000 fe:02 8562460                    /usr/lib/libnss_mymachines.so.2
7f8e27afc000-7f8e27cfb000 ---p 0003d000 fe:02 8562460                    /usr/lib/libnss_mymachines.so.2
7f8e27cfb000-7f8e27cfe000 r--p 0003c000 fe:02 8562460                    /usr/lib/libnss_mymachines.so.2
7f8e27cfe000-7f8e27cff000 rw-p 0003f000 fe:02 8562460                    /usr/lib/libnss_mymachines.so.2
7f8e27cff000-7f8e27eff000 rw-p 00000000 00:00 0 
7f8e27eff000-7f8e27f02000 ---p 00000000 00:00 0 
7f8e27f02000-7f8e28000000 rw-p 00000000 00:00 0 
7f8e28000000-7f8e28021000 rw-p 00000000 00:00 0 
7f8e28021000-7f8e2c000000 ---p 00000000 00:00 0 
7f8e2c000000-7f8e2c021000 rw-p 00000000 00:00 0 
7f8e2c021000-7f8e30000000 ---p 00000000 00:00 0 
7f8e30000000-7f8e30021000 rw-p 00000000 00:00 0 
7f8e30021000-7f8e34000000 ---p 00000000 00:00 0 
7f8e34000000-7f8e34021000 rw-p 00000000 00:00 0 
7f8e34021000-7f8e38000000 ---p 00000000 00:00 0 
7f8e38000000-7f8e38021000 rw-p 00000000 00:00 0 
7f8e38021000-7f8e3c000000 ---p 00000000 00:00 0 
7f8e3c000000-7f8e3c021000 rw-p 00000000 00:00 0 
7f8e3c021000-7f8e40000000 ---p 00000000 00:00 0 
7f8e40000000-7f8e40046000 rw-p 00000000 00:00 0 
7f8e40046000-7f8e44000000 ---p 00000000 00:00 0 
7f8e44000000-7f8e44021000 rw-p 00000000 00:00 0 
7f8e44021000-7f8e48000000 ---p 00000000 00:00 0 
7f8e48000000-7f8e48021000 rw-p 00000000 00:00 0 
7f8e48021000-7f8e4c000000 ---p 00000000 00:00 0 
7f8e4c000000-7f8e4c021000 rw-p 00000000 00:00 0 
7f8e4c021000-7f8e50000000 ---p 00000000 00:00 0 
7f8e50000000-7f8e504bf000 rw-p 00000000 00:00 0 
7f8e504bf000-7f8e54000000 ---p 00000000 00:00 0 
7f8e54000000-7f8e545e3000 rw-p 00000000 00:00 0 
7f8e545e3000-7f8e58000000 ---p 00000000 00:00 0 
7f8e58000000-7f8e5803a000 rw-p 00000000 00:00 0 
7f8e5803a000-7f8e5c000000 ---p 00000000 00:00 0 
7f8e5c000000-7f8e5c501000 rw-p 00000000 00:00 0 
7f8e5c501000-7f8e60000000 ---p 00000000 00:00 0 
7f8e60000000-7f8e60021000 rw-p 00000000 00:00 0 
7f8e60021000-7f8e64000000 ---p 00000000 00:00 0 
7f8e64000000-7f8e64021000 rw-p 00000000 00:00 0 
7f8e64021000-7f8e68000000 ---p 00000000 00:00 0 
7f8e68000000-7f8e68021000 rw-p 00000000 00:00 0 
7f8e68021000-7f8e6c000000 ---p 00000000 00:00 0 
7f8e6c000000-7f8e6c021000 rw-p 00000000 00:00 0 
7f8e6c021000-7f8e70000000 ---p 00000000 00:00 0 
7f8e70000000-7f8e70021000 rw-p 00000000 00:00 0 
7f8e70021000-7f8e74000000 ---p 00000000 00:00 0 
7f8e74000000-7f8e74021000 rw-p 00000000 00:00 0 
7f8e74021000-7f8e78000000 ---p 00000000 00:00 0 
7f8e78000000-7f8e78021000 rw-p 00000000 00:00 0 
7f8e78021000-7f8e7c000000 ---p 00000000 00:00 0 
7f8e7c05e000-7f8e7c061000 ---p 00000000 00:00 0 
7f8e7c061000-7f8e7c15f000 rw-p 00000000 00:00 0 
7f8e7c15f000-7f8e7c162000 ---p 00000000 00:00 0 
7f8e7c162000-7f8e80000000 rw-p 00000000 00:00 0 
7f8e80000000-7f8e80021000 rw-p 00000000 00:00 0 
7f8e80021000-7f8e84000000 ---p 00000000 00:00 0 
7f8e840ef000-7f8e840f2000 ---p 00000000 00:00 0 
7f8e840f2000-7f8e84128000 rw-p 00000000 00:00 0 
7f8e84128000-7f8e8412b000 ---p 00000000 00:00 0 
7f8e8412b000-7f8e84229000 rw-p 00000000 00:00 0 
7f8e84229000-7f8e8422c000 ---p 00000000 00:00 0 
7f8e8422c000-7f8e8432a000 rw-p 00000000 00:00 0 
7f8e8432a000-7f8e8432d000 ---p 00000000 00:00 0 
7f8e8432d000-7f8e8442b000 rw-p 00000000 00:00 0 
7f8e8442b000-7f8e8442e000 ---p 00000000 00:00 0 
7f8e8442e000-7f8e8472c000 rw-p 00000000 00:00 0 
7f8e84748000-7f8e8474d000 r--s 0009d000 fe:02 8660269                    /usr/lib/jvm/java-8-openjdk/jre/lib/jsse.jar
7f8e8474d000-7f8e84752000 r--s 002f9000 fe:02 8660277                    /usr/lib/jvm/java-8-openjdk/jre/lib/charsets.jar
7f8e84752000-7f8e84755000 ---p 00000000 00:00 0 
7f8e84755000-7f8e8478b000 rw-p 00000000 00:00 0 
7f8e8478b000-7f8e8478d000 r--s 00009000 fe:02 9971722                    /home/vogel/.gradle/caches/modules-2/files-2.1/org.slf4j/slf4j-api/1.7.22/a1c83373863cec7ae8d89dc1c5722d8cb6ec0309/slf4j-api-1.7.22.jar
7f8e8478d000-7f8e8478f000 r--s 0000e000 fe:02 9971734                    /home/vogel/.gradle/caches/modules-2/files-2.1/commons-logging/commons-logging/1.2/4bfc12adfe4842bf07b657f0369c4cb522955686/commons-logging-1.2.jar
7f8e8478f000-7f8e84793000 r--s 0000c000 fe:02 7218912                    /home/vogel/.gradle/caches/modules-2/files-2.1/javax.validation/validation-api/1.1.0.Final/8613ae82954779d518631e05daa73a6a954817d5/validation-api-1.1.0.Final.jar
7f8e84793000-7f8e84797000 r--s 00019000 fe:02 7218910                    /home/vogel/.gradle/caches/modules-2/files-2.1/org.aspectj/aspectjrt/1.8.0/302d0fe0abba26bbf5f31c3cd5337b3125c744e3/aspectjrt-1.8.0.jar
7f8e84797000-7f8e847ad000 r--s 000fb000 fe:02 9971732                    /home/vogel/.gradle/caches/modules-2/files-2.1/org.springframework/spring-core/4.3.6.RELEASE/690da099c3c2d2536210f0fd06ff3f336de43ad9/spring-core-4.3.6.RELEASE.jar
7f8e847ad000-7f8e847b4000 r--s 00064000 fe:02 9971728                    /home/vogel/.gradle/caches/modules-2/files-2.1/org.apache.commons/commons-lang3/3.4/5fe28b9518e58819180a43a850fbc0dd24b7c050/commons-lang3-3.4.jar
7f8e847b4000-7f8e847c4000 r--s 000a8000 fe:02 9971724                    /home/vogel/.gradle/caches/modules-2/files-2.1/org.apache.commons/commons-collections4/4.1/a4cf4688fe1c7e3a63aa636cc96d013af537768e/commons-collections4-4.1.jar
7f8e847c4000-7f8e847e2000 r--s 00110000 fe:02 9972760                    /home/vogel/.gradle/caches/modules-2/files-2.1/org.mockito/mockito-all/1.10.19/539df70269cc254a58cccc5d8e43286b4a73bf30/mockito-all-1.10.19.jar
7f8e847e2000-7f8e847e3000 ---p 00000000 00:00 0 
7f8e847e3000-7f8e848e3000 rw-p 00000000 00:00 0 
7f8e848e3000-7f8e848e6000 ---p 00000000 00:00 0 
7f8e848e6000-7f8e849e4000 rw-p 00000000 00:00 0 
7f8e849e4000-7f8e849e5000 ---p 00000000 00:00 0 
7f8e849e5000-7f8e849e8000 ---p 00000000 00:00 0 
7f8e849e8000-7f8e84ae5000 rw-p 00000000 00:00 0 
7f8e84ae5000-7f8e84ae6000 ---p 00000000 00:00 0 
7f8e84ae6000-7f8e84ae9000 ---p 00000000 00:00 0 
7f8e84ae9000-7f8e84be6000 rw-p 00000000 00:00 0 
7f8e84be6000-7f8e84be7000 ---p 00000000 00:00 0 
7f8e84be7000-7f8e84bea000 ---p 00000000 00:00 0 
7f8e84bea000-7f8e84ce7000 rw-p 00000000 00:00 0 
7f8e84ce7000-7f8e84cfd000 r-xp 00000000 fe:02 8660308                    /usr/lib/jvm/java-8-openjdk/jre/lib/amd64/libnet.so
7f8e84cfd000-7f8e84efd000 ---p 00016000 fe:02 8660308                    /usr/lib/jvm/java-8-openjdk/jre/lib/amd64/libnet.so
7f8e84efd000-7f8e84efe000 r--p 00016000 fe:02 8660308                    /usr/lib/jvm/java-8-openjdk/jre/lib/amd64/libnet.so
7f8e84efe000-7f8e84eff000 rw-p 00017000 fe:02 8660308                    /usr/lib/jvm/java-8-openjdk/jre/lib/amd64/libnet.so
7f8e84eff000-7f8e84f02000 ---p 00000000 00:00 0 
7f8e84f02000-7f8e85000000 rw-p 00000000 00:00 0 
7f8e85000000-7f8e857d0000 rwxp 00000000 00:00 0 
7f8e857d0000-7f8e94000000 ---p 00000000 00:00 0 
7f8e94000000-7f8e94a01000 rw-p 00000000 00:00 0 
7f8e94a01000-7f8e98000000 ---p 00000000 00:00 0 
7f8e98001000-7f8e98005000 r--s 0002f000 fe:02 9971730                    /home/vogel/.gradle/caches/modules-2/files-2.1/commons-io/commons-io/2.5/2852e6e05fbb95076fc091f6d1780f1f8fe35e0f/commons-io-2.5.jar
7f8e98005000-7f8e98007000 r--s 0000c000 fe:02 9971726                    /home/vogel/.gradle/caches/modules-2/files-2.1/org.apache.commons/commons-exec/1.3/8dfb9facd0830a27b1b5f29f84593f0aeee7773b/commons-exec-1.3.jar
7f8e98007000-7f8e98009000 r--s 00011000 fe:02 7218908                    /home/vogel/.gradle/caches/modules-2/files-2.1/com.jcabi/jcabi-aspects/0.17.1/2d9bac51d83b7fc46b0aad27a5327b1fdd58db61/jcabi-aspects-0.17.1.jar
7f8e98009000-7f8e9800d000 r--s 007d3000 fe:02 9971720                    /home/vogel/.gradle/caches/modules-2/files-2.1/ch.vorburger.mariaDB4j/mariaDB4j-db-mac64/10.1.9/ea3899ee7639f5c0e24cd3100243d18564087d21/mariaDB4j-db-mac64-10.1.9.jar
7f8e9800d000-7f8e9800f000 r--s 0076b000 fe:02 9971718                    /home/vogel/.gradle/caches/modules-2/files-2.1/ch.vorburger.mariaDB4j/mariaDB4j-db-win32/10.1.20/c65aaf852c9ec7199649a7fab494797ebff6055a/mariaDB4j-db-win32-10.1.20.jar
7f8e9800f000-7f8e98013000 r--s 02964000 fe:02 9971716                    /home/vogel/.gradle/caches/modules-2/files-2.1/ch.vorburger.mariaDB4j/mariaDB4j-db-linux64/10.1.13/1bde3f6f545249ac32a98bd459669b50a5c9fe0c/mariaDB4j-db-linux64-10.1.13.jar
7f8e98013000-7f8e98015000 r--s 0000c000 fe:02 9971714                    /home/vogel/.gradle/caches/modules-2/files-2.1/ch.vorburger.mariaDB4j/mariaDB4j-core/2.2.3/74b4a5e035c3a0e583852852e277609a6f0e909a/mariaDB4j-core-2.2.3.jar
7f8e98015000-7f8e98016000 r--s 00009000 fe:02 7084286                    /home/vogel/.gradle/caches/modules-2/files-2.1/com.jcabi/jcabi-log/0.14.3/104b227745ac9800f076667e06f60db6d32f89dd/jcabi-log-0.14.3.jar
7f8e98016000-7f8e98018000 r--s 00009000 fe:02 5640741                    /home/vogel/.gradle/caches/modules-2/files-2.1/org.hamcrest/hamcrest-core/1.3/42a25dc3219429f0e5d060061f71acb49bf010a0/hamcrest-core-1.3.jar
7f8e98018000-7f8e9801a000 r--s 00003000 fe:02 9971712                    /home/vogel/.gradle/caches/modules-2/files-2.1/ch.vorburger.mariaDB4j/mariaDB4j/2.2.3/85e7be5e374935bc81cb408211644422e607af29/mariaDB4j-2.2.3.jar
7f8e9801a000-7f8e98022000 r--s 00045000 fe:02 5640711                    /home/vogel/.gradle/caches/modules-2/files-2.1/junit/junit/4.12/2973d150c0dc1fefe998f834810d68f278ea58ec/junit-4.12.jar
7f8e98022000-7f8e98025000 ---p 00000000 00:00 0 
7f8e98025000-7f8e98123000 rw-p 00000000 00:00 0 
7f8e98123000-7f8e982be000 r--p 00000000 fe:02 8559258                    /usr/lib/locale/locale-archive
7f8e982be000-7f8e982c1000 ---p 00000000 00:00 0 
7f8e982c1000-7f8e983bf000 rw-p 00000000 00:00 0 
7f8e983bf000-7f8e983c2000 ---p 00000000 00:00 0 
7f8e983c2000-7f8e984c0000 rw-p 00000000 00:00 0 
7f8e984c0000-7f8e984c1000 ---p 00000000 00:00 0 
7f8e984c1000-7f8e9951e000 rw-p 00000000 00:00 0 
7f8e9951e000-7f8e996ed000 r--s 03c2b000 fe:02 8660287                    /usr/lib/jvm/java-8-openjdk/jre/lib/rt.jar
7f8e996ed000-7f8e9a33d000 rw-p 00000000 00:00 0 
7f8e9a33d000-7f8e9a33e000 ---p 00000000 00:00 0 
7f8e9a33e000-7f8e9a43e000 rw-p 00000000 00:00 0 
7f8e9a43e000-7f8e9a43f000 ---p 00000000 00:00 0 
7f8e9a43f000-7f8e9a53f000 rw-p 00000000 00:00 0 
7f8e9a53f000-7f8e9a540000 ---p 00000000 00:00 0 
7f8e9a540000-7f8e9a640000 rw-p 00000000 00:00 0 
7f8e9a640000-7f8e9a641000 ---p 00000000 00:00 0 
7f8e9a641000-7f8e9a76b000 rw-p 00000000 00:00 0 
7f8e9a76b000-7f8e9a9d3000 ---p 00000000 00:00 0 
7f8e9a9d3000-7f8e9a9fd000 rw-p 00000000 00:00 0 
7f8e9a9fd000-7f8e9ac64000 ---p 00000000 00:00 0 
7f8e9ac64000-7f8e9ac8e000 rw-p 00000000 00:00 0 
7f8e9ac8e000-7f8e9adad000 ---p 00000000 00:00 0 
7f8e9adad000-7f8e9adce000 rw-p 00000000 00:00 0 
7f8e9adce000-7f8e9b16e000 ---p 00000000 00:00 0 
7f8e9b16e000-7f8e9b176000 r-xp 00000000 fe:02 8660347                    /usr/lib/jvm/java-8-openjdk/jre/lib/amd64/libzip.so
7f8e9b176000-7f8e9b375000 ---p 00008000 fe:02 8660347                    /usr/lib/jvm/java-8-openjdk/jre/lib/amd64/libzip.so
7f8e9b375000-7f8e9b376000 r--p 00007000 fe:02 8660347                    /usr/lib/jvm/java-8-openjdk/jre/lib/amd64/libzip.so
7f8e9b376000-7f8e9b377000 rw-p 00008000 fe:02 8660347                    /usr/lib/jvm/java-8-openjdk/jre/lib/amd64/libzip.so
7f8e9b377000-7f8e9b382000 r-xp 00000000 fe:02 8521894                    /usr/lib/libnss_files-2.26.so
7f8e9b382000-7f8e9b581000 ---p 0000b000 fe:02 8521894                    /usr/lib/libnss_files-2.26.so
7f8e9b581000-7f8e9b582000 r--p 0000a000 fe:02 8521894                    /usr/lib/libnss_files-2.26.so
7f8e9b582000-7f8e9b583000 rw-p 0000b000 fe:02 8521894                    /usr/lib/libnss_files-2.26.so
7f8e9b583000-7f8e9b589000 rw-p 00000000 00:00 0 
7f8e9b589000-7f8e9b593000 r-xp 00000000 fe:02 8660345                    /usr/lib/jvm/java-8-openjdk/jre/lib/amd64/libinstrument.so
7f8e9b593000-7f8e9b792000 ---p 0000a000 fe:02 8660345                    /usr/lib/jvm/java-8-openjdk/jre/lib/amd64/libinstrument.so
7f8e9b792000-7f8e9b793000 r--p 00009000 fe:02 8660345                    /usr/lib/jvm/java-8-openjdk/jre/lib/amd64/libinstrument.so
7f8e9b793000-7f8e9b794000 rw-p 0000a000 fe:02 8660345                    /usr/lib/jvm/java-8-openjdk/jre/lib/amd64/libinstrument.so
7f8e9b794000-7f8e9b7c2000 r-xp 00000000 fe:02 8660323                    /usr/lib/jvm/java-8-openjdk/jre/lib/amd64/libjava.so
7f8e9b7c2000-7f8e9b9c1000 ---p 0002e000 fe:02 8660323                    /usr/lib/jvm/java-8-openjdk/jre/lib/amd64/libjava.so
7f8e9b9c1000-7f8e9b9c2000 r--p 0002d000 fe:02 8660323                    /usr/lib/jvm/java-8-openjdk/jre/lib/amd64/libjava.so
7f8e9b9c2000-7f8e9b9c4000 rw-p 0002e000 fe:02 8660323                    /usr/lib/jvm/java-8-openjdk/jre/lib/amd64/libjava.so
7f8e9b9c4000-7f8e9b9d1000 r-xp 00000000 fe:02 8660300                    /usr/lib/jvm/java-8-openjdk/jre/lib/amd64/libverify.so
7f8e9b9d1000-7f8e9bbd0000 ---p 0000d000 fe:02 8660300                    /usr/lib/jvm/java-8-openjdk/jre/lib/amd64/libverify.so
7f8e9bbd0000-7f8e9bbd2000 r--p 0000c000 fe:02 8660300                    /usr/lib/jvm/java-8-openjdk/jre/lib/amd64/libverify.so
7f8e9bbd2000-7f8e9bbd3000 rw-p 0000e000 fe:02 8660300                    /usr/lib/jvm/java-8-openjdk/jre/lib/amd64/libverify.so
7f8e9bbd3000-7f8e9bbda000 r-xp 00000000 fe:02 8521883                    /usr/lib/librt-2.26.so
7f8e9bbda000-7f8e9bdd9000 ---p 00007000 fe:02 8521883                    /usr/lib/librt-2.26.so
7f8e9bdd9000-7f8e9bdda000 r--p 00006000 fe:02 8521883                    /usr/lib/librt-2.26.so
7f8e9bdda000-7f8e9bddb000 rw-p 00007000 fe:02 8521883                    /usr/lib/librt-2.26.so
7f8e9bddb000-7f8e9bf26000 r-xp 00000000 fe:02 8521888                    /usr/lib/libm-2.26.so
7f8e9bf26000-7f8e9c125000 ---p 0014b000 fe:02 8521888                    /usr/lib/libm-2.26.so
7f8e9c125000-7f8e9c126000 r--p 0014a000 fe:02 8521888                    /usr/lib/libm-2.26.so
7f8e9c126000-7f8e9c127000 rw-p 0014b000 fe:02 8521888                    /usr/lib/libm-2.26.so
7f8e9c127000-7f8e9cdbf000 r-xp 00000000 fe:02 8660352                    /usr/lib/jvm/java-8-openjdk/jre/lib/amd64/server/libjvm.so
7f8e9cdbf000-7f8e9cfbe000 ---p 00c98000 fe:02 8660352                    /usr/lib/jvm/java-8-openjdk/jre/lib/amd64/server/libjvm.so
7f8e9cfbe000-7f8e9d052000 r--p 00c97000 fe:02 8660352                    /usr/lib/jvm/java-8-openjdk/jre/lib/amd64/server/libjvm.so
7f8e9d052000-7f8e9d07a000 rw-p 00d2b000 fe:02 8660352                    /usr/lib/jvm/java-8-openjdk/jre/lib/amd64/server/libjvm.so
7f8e9d07a000-7f8e9d0ab000 rw-p 00000000 00:00 0 
7f8e9d0ab000-7f8e9d259000 r-xp 00000000 fe:02 8521959                    /usr/lib/libc-2.26.so
7f8e9d259000-7f8e9d458000 ---p 001ae000 fe:02 8521959                    /usr/lib/libc-2.26.so
7f8e9d458000-7f8e9d45c000 r--p 001ad000 fe:02 8521959                    /usr/lib/libc-2.26.so
7f8e9d45c000-7f8e9d45e000 rw-p 001b1000 fe:02 8521959                    /usr/lib/libc-2.26.so
7f8e9d45e000-7f8e9d462000 rw-p 00000000 00:00 0 
7f8e9d462000-7f8e9d465000 r-xp 00000000 fe:02 8521890                    /usr/lib/libdl-2.26.so
7f8e9d465000-7f8e9d664000 ---p 00003000 fe:02 8521890                    /usr/lib/libdl-2.26.so
7f8e9d664000-7f8e9d665000 r--p 00002000 fe:02 8521890                    /usr/lib/libdl-2.26.so
7f8e9d665000-7f8e9d666000 rw-p 00003000 fe:02 8521890                    /usr/lib/libdl-2.26.so
7f8e9d666000-7f8e9d674000 r-xp 00000000 fe:02 8660351                    /usr/lib/jvm/java-8-openjdk/jre/lib/amd64/jli/libjli.so
7f8e9d674000-7f8e9d873000 ---p 0000e000 fe:02 8660351                    /usr/lib/jvm/java-8-openjdk/jre/lib/amd64/jli/libjli.so
7f8e9d873000-7f8e9d874000 r--p 0000d000 fe:02 8660351                    /usr/lib/jvm/java-8-openjdk/jre/lib/amd64/jli/libjli.so
7f8e9d874000-7f8e9d875000 rw-p 0000e000 fe:02 8660351                    /usr/lib/jvm/java-8-openjdk/jre/lib/amd64/jli/libjli.so
7f8e9d875000-7f8e9d88b000 r-xp 00000000 fe:02 8532446                    /usr/lib/libz.so.1.2.11
7f8e9d88b000-7f8e9da8a000 ---p 00016000 fe:02 8532446                    /usr/lib/libz.so.1.2.11
7f8e9da8a000-7f8e9da8b000 r--p 00015000 fe:02 8532446                    /usr/lib/libz.so.1.2.11
7f8e9da8b000-7f8e9da8c000 rw-p 00016000 fe:02 8532446                    /usr/lib/libz.so.1.2.11
7f8e9da8c000-7f8e9daa5000 r-xp 00000000 fe:02 8521979                    /usr/lib/libpthread-2.26.so
7f8e9daa5000-7f8e9dca4000 ---p 00019000 fe:02 8521979                    /usr/lib/libpthread-2.26.so
7f8e9dca4000-7f8e9dca5000 r--p 00018000 fe:02 8521979                    /usr/lib/libpthread-2.26.so
7f8e9dca5000-7f8e9dca6000 rw-p 00019000 fe:02 8521979                    /usr/lib/libpthread-2.26.so
7f8e9dca6000-7f8e9dcaa000 rw-p 00000000 00:00 0 
7f8e9dcaa000-7f8e9dccf000 r-xp 00000000 fe:02 8521960                    /usr/lib/ld-2.26.so
7f8e9dccf000-7f8e9dcd0000 r--s 0000c000 fe:02 5640709                    /home/vogel/.gradle/caches/modules-2/files-2.1/org.hamcrest/hamcrest-library/1.3/4785a3c21320980282f9f33d0d1264a69040538f/hamcrest-library-1.3.jar
7f8e9dcd0000-7f8e9dcd1000 r--s 00004000 fe:02 7084284                    /home/vogel/.gradle/caches/modules-2/files-2.1/com.jcabi/jcabi-matchers/1.3/4a6442cfadc6f2d4e8def087e32c4f9948044aa5/jcabi-matchers-1.3.jar
7f8e9dcd1000-7f8e9dcd4000 r--s 0000e000 fe:02 9719172                    /home/vogel/.gradle/caches/modules-2/files-2.1/com.fasterxml.jackson.core/jackson-annotations/2.9.0/7c10d545325e3a6e72e06381afe469fd40eb701/jackson-annotations-2.9.0.jar
7f8e9dcd4000-7f8e9dce7000 r--s 00136000 fe:02 8391305                    /home/vogel/.gradle/caches/modules-2/files-2.1/com.fasterxml.jackson.core/jackson-databind/2.9.4/498bbc3b94f566982c7f7c6d4d303fce365529be/jackson-databind-2.9.4.jar
7f8e9dce7000-7f8e9dcee000 r--s 0004b000 fe:02 5641268                    /home/vogel/.gradle/caches/modules-2/files-2.1/commons-codec/commons-codec/1.11/3acb4705652e16236558f0f4f2192cc33c3bd189/commons-codec-1.11.jar
7f8e9dcee000-7f8e9dd06000 r--s 001d3000 fe:02 4590006                    /home/vogel/.gradle/caches/modules-2/files-2.1/mysql/mysql-connector-java/8.0.8-dmr/2b1c562057c48d99ac71d1dea7c8ccebe1e43812/mysql-connector-java-8.0.8-dmr.jar
7f8e9dd06000-7f8e9dd19000 r--s 00346000 fe:02 8660279                    /usr/lib/jvm/java-8-openjdk/jre/lib/resources.jar
7f8e9dd19000-7f8e9dd9b000 rw-p 00000000 00:00 0 
7f8e9dd9b000-7f8e9dd9c000 ---p 00000000 00:00 0 
7f8e9dd9c000-7f8e9dd9f000 ---p 00000000 00:00 0 
7f8e9dd9f000-7f8e9dea0000 rw-p 00000000 00:00 0 
7f8e9dea0000-7f8e9dea4000 r--s 0004b000 fe:02 7870462                    /home/vogel/.gradle/caches/modules-2/files-2.1/com.fasterxml.jackson.core/jackson-core/2.9.4/a9a71ec1aa37da47db168fede9a4a5fb5e374320/jackson-core-2.9.4.jar
7f8e9dea4000-7f8e9dea7000 r--s 00015000 fe:02 9971708                    /home/vogel/.gradle/caches/modules-2/files-2.1/commons-dbutils/commons-dbutils/1.7/a2d6e515aa87e5d38f6b3003e70b13c1b1f19ca0/commons-dbutils-1.7.jar
7f8e9dea7000-7f8e9deaa000 r--s 00011000 fe:02 9584974                    /home/vogel/.gradle/caches/modules-2/files-2.1/org.glassfish/javax.json/1.0.2/e8a419fdc37481f2b54c6b711eb36708b70a204b/javax.json-1.0.2.jar
7f8e9deaa000-7f8e9deab000 r--s 00004000 fe:02 4589819                    /home/vogel/.gradle/caches/modules-2/files-2.1/javax.json/javax.json-api/1.0/a74939ecbf7294b40accb4048929577f5ddcee2/javax.json-api-1.0.jar
7f8e9deab000-7f8e9dead000 r--s 00007000 fe:02 10094437                   /home/vogel/.gradle/caches/modules-2/files-2.1/javax.websocket/javax.websocket-api/1.0/fc843b649d4a1dcb0497669d262befa3918c7ba8/javax.websocket-api-1.0.jar
7f8e9dead000-7f8e9deb0000 r--s 00015000 fe:02 10094435                   /home/vogel/.gradle/caches/modules-2/files-2.1/javax.servlet/javax.servlet-api/3.1.0/3cd63d075497751784b2fa84be59432f4905bf7c/javax.servlet-api-3.1.0.jar
7f8e9deb0000-7f8e9deb1000 r--s 00000000 fe:02 8660268                    /usr/lib/jvm/java-8-openjdk/jre/lib/management-agent.jar
7f8e9deb1000-7f8e9deb6000 r--s 0009d000 fe:02 8660269                    /usr/lib/jvm/java-8-openjdk/jre/lib/jsse.jar
7f8e9deb6000-7f8e9deb9000 r--s 00015000 fe:02 8660276                    /usr/lib/jvm/java-8-openjdk/jre/lib/jce.jar
7f8e9deb9000-7f8e9debe000 r--s 002f9000 fe:02 8660277                    /usr/lib/jvm/java-8-openjdk/jre/lib/charsets.jar
7f8e9debe000-7f8e9debf000 r--s 00008000 fe:02 6691859                    /opt/intellij-idea-ultimate-edition/plugins/junit/lib/junit5-rt.jar
7f8e9debf000-7f8e9dec2000 r--s 0001f000 fe:02 6691861                    /opt/intellij-idea-ultimate-edition/plugins/junit/lib/junit-rt.jar
7f8e9dec2000-7f8e9dec4000 r--s 0001a000 fe:02 6032698                    /opt/intellij-idea-ultimate-edition/lib/idea_rt.jar
7f8e9dec4000-7f8e9decc000 rw-s 00000000 00:29 204798                     /tmp/hsperfdata_vogel/22452
7f8e9decc000-7f8e9decd000 rw-p 00000000 00:00 0 
7f8e9decd000-7f8e9dece000 ---p 00000000 00:00 0 
7f8e9dece000-7f8e9decf000 r--p 00024000 fe:02 8521960                    /usr/lib/ld-2.26.so
7f8e9decf000-7f8e9ded0000 rw-p 00025000 fe:02 8521960                    /usr/lib/ld-2.26.so
7f8e9ded0000-7f8e9ded1000 rw-p 00000000 00:00 0 
7ffd19522000-7ffd19544000 rw-p 00000000 00:00 0                          [stack]
7ffd1959a000-7ffd1959d000 r--p 00000000 00:00 0                          [vvar]
7ffd1959d000-7ffd1959f000 r-xp 00000000 00:00 0                          [vdso]

VM Arguments:
jvm_args: -ea -Didea.test.cyclic.buffer.size=1048576 -javaagent:/opt/intellij-idea-ultimate-edition/lib/idea_rt.jar=44515:/opt/intellij-idea-ultimate-edition/bin -Dfile.encoding=UTF-8 
java_command: com.intellij.rt.execution.junit.JUnitStarter -ideVersion5 -junit4 org.pispeb.treff_server.AllTestSuites
java_class_path (initial): /opt/intellij-idea-ultimate-edition/lib/idea_rt.jar:/opt/intellij-idea-ultimate-edition/plugins/junit/lib/junit-rt.jar:/opt/intellij-idea-ultimate-edition/plugins/junit/lib/junit5-rt.jar:/usr/lib/jvm/default-runtime/jre/lib/charsets.jar:/usr/lib/jvm/default-runtime/jre/lib/ext/cldrdata.jar:/usr/lib/jvm/default-runtime/jre/lib/ext/dnsns.jar:/usr/lib/jvm/default-runtime/jre/lib/ext/jaccess.jar:/usr/lib/jvm/default-runtime/jre/lib/ext/localedata.jar:/usr/lib/jvm/default-runtime/jre/lib/ext/nashorn.jar:/usr/lib/jvm/default-runtime/jre/lib/ext/sunec.jar:/usr/lib/jvm/default-runtime/jre/lib/ext/sunjce_provider.jar:/usr/lib/jvm/default-runtime/jre/lib/ext/sunpkcs11.jar:/usr/lib/jvm/default-runtime/jre/lib/ext/zipfs.jar:/usr/lib/jvm/default-runtime/jre/lib/jce.jar:/usr/lib/jvm/default-runtime/jre/lib/jsse.jar:/usr/lib/jvm/default-runtime/jre/lib/management-agent.jar:/usr/lib/jvm/default-runtime/jre/lib/resources.jar:/usr/lib/jvm/default-runtime/jre/lib/rt.jar:/home/vogel/Documents/pse/PSE/server/treff_server/out/test/classes:/home/vogel/Documents/pse/PSE/server/treff_server/out/production/classes:/home/vogel/Documents/pse/PSE/server/treff_server/out/production/resources:/home/vogel/.gradle/caches/modules-2/files-2.1/javax.servlet/javax.servlet-api/3.1.0/3cd63d075497751784b2fa84be59432f4905bf7c/javax.servlet-api-3.1.0.jar:/home/vogel/.gradle/caches/modules-2/files-2.1/javax.websocket/javax.websocket-api/1.0/fc843b649d4a1dcb0497669d262befa3918c7ba8/javax.websocket-api-1.0.jar:/home/vogel/.gradle/caches/modules-2/files-2.1/javax.json/javax.json-api/1.0/a74939ecbf7294b40accb4048929577f5ddcee2/javax.json-api-1.0.jar:/home/vogel/.gradle/caches/modules-2/files-2.1/org.glassfish/javax.json/1.0.2/e8a419fdc37481f2b54c6b711eb36708b70a204b/javax.json-1.0.2.jar:/home/vogel/.gradle/caches/modules-2/files-2.1/mysql/mysql-connector-java/8.0.8-dmr/2b1c562057c48d99ac71d1dea7c8ccebe1e43812/mysql-connector-java-8.0.8-dmr.jar:/home/vogel/.gradle/caches/modules-2/fil
Launcher Type: SUN_STANDARD

Environment Variables:
PATH=/usr/local/bin:/usr/local/sbin:/usr/bin:/usr/lib/jvm/default/bin:/usr/bin/site_perl:/usr/bin/vendor_perl:/usr/bin/core_perl:/opt/staruml/
USERNAME=vogel
SHELL=/bin/bash
DISPLAY=:0

Signal Handlers:
SIGSEGV: [libjvm.so+0xa9e370], sa_mask[0]=11111111011111111101111111111110, sa_flags=SA_RESTART|SA_SIGINFO
SIGBUS: [libjvm.so+0xa9e370], sa_mask[0]=11111111011111111101111111111110, sa_flags=SA_RESTART|SA_SIGINFO
SIGFPE: [libjvm.so+0x8d66a0], sa_mask[0]=11111111011111111101111111111110, sa_flags=SA_RESTART|SA_SIGINFO
SIGPIPE: [libjvm.so+0x8d66a0], sa_mask[0]=11111111011111111101111111111110, sa_flags=SA_RESTART|SA_SIGINFO
SIGXFSZ: [libjvm.so+0x8d66a0], sa_mask[0]=11111111011111111101111111111110, sa_flags=SA_RESTART|SA_SIGINFO
SIGILL: [libjvm.so+0x8d66a0], sa_mask[0]=11111111011111111101111111111110, sa_flags=SA_RESTART|SA_SIGINFO
SIGUSR1: SIG_DFL, sa_mask[0]=00000000000000000000000000000000, sa_flags=none
SIGUSR2: [libjvm.so+0x8d6550], sa_mask[0]=00100000000000000000000000000000, sa_flags=SA_RESTART|SA_SIGINFO
SIGHUP: [libjvm.so+0x8d6a00], sa_mask[0]=11111111011111111101111111111110, sa_flags=SA_RESTART|SA_SIGINFO
SIGINT: [libjvm.so+0x8d6a00], sa_mask[0]=11111111011111111101111111111110, sa_flags=SA_RESTART|SA_SIGINFO
SIGTERM: [libjvm.so+0x8d6a00], sa_mask[0]=11111111011111111101111111111110, sa_flags=SA_RESTART|SA_SIGINFO
SIGQUIT: [libjvm.so+0x8d6a00], sa_mask[0]=11111111011111111101111111111110, sa_flags=SA_RESTART|SA_SIGINFO


---------------  S Y S T E M  ---------------

OS:NAME="Arch Linux"
PRETTY_NAME="Arch Linux"
ID=arch
ID_LIKE=archlinux
ANSI_COLOR="0;36"
HOME_URL="https://www.archlinux.org/"
SUPPORT_URL="https://bbs.archlinux.org/"
BUG_REPORT_URL="https://bugs.archlinux.org/"

uname:Linux 4.15.6-1-ARCH #1 SMP PREEMPT Sun Feb 25 12:53:23 UTC 2018 x86_64
libc:glibc 2.26 NPTL 2.26 
rlimit: STACK 8192k, CORE infinity, NPROC 30906, NOFILE 4096, AS infinity
load average:1.70 1.32 1.02

/proc/meminfo:
MemTotal:        8076180 kB
MemFree:         3354004 kB
MemAvailable:    4808244 kB
Buffers:           85720 kB
Cached:          2054700 kB
SwapCached:            0 kB
Active:          3115608 kB
Inactive:        1350644 kB
Active(anon):    2453796 kB
Inactive(anon):   377152 kB
Active(file):     661812 kB
Inactive(file):   973492 kB
Unevictable:           0 kB
Mlocked:               0 kB
SwapTotal:       8388604 kB
SwapFree:        8388604 kB
Dirty:              3572 kB
Writeback:             0 kB
AnonPages:       2326012 kB
Mapped:           335020 kB
Shmem:            505120 kB
Slab:             124828 kB
SReclaimable:      86724 kB
SUnreclaim:        38104 kB
KernelStack:       10912 kB
PageTables:        40316 kB
NFS_Unstable:          0 kB
Bounce:                0 kB
WritebackTmp:          0 kB
CommitLimit:    12426692 kB
Committed_AS:    7160396 kB
VmallocTotal:   34359738367 kB
VmallocUsed:           0 kB
VmallocChunk:          0 kB
HardwareCorrupted:     0 kB
AnonHugePages:         0 kB
ShmemHugePages:        0 kB
ShmemPmdMapped:        0 kB
HugePages_Total:       0
HugePages_Free:        0
HugePages_Rsvd:        0
HugePages_Surp:        0
Hugepagesize:       2048 kB
DirectMap4k:      146032 kB
DirectMap2M:     8146944 kB


CPU:total 4 (initial active 4) (2 cores per cpu, 2 threads per core) family 6 model 58 stepping 9, cmov, cx8, fxsr, mmx, sse, sse2, sse3, ssse3, sse4.1, sse4.2, popcnt, avx, aes, clmul, erms, ht, tsc, tscinvbit, tscinv

/proc/cpuinfo:
processor	: 0
vendor_id	: GenuineIntel
cpu family	: 6
model		: 58
model name	: Intel(R) Core(TM) i5-3210M CPU @ 2.50GHz
stepping	: 9
microcode	: 0x15
cpu MHz		: 2893.524
cache size	: 3072 KB
physical id	: 0
siblings	: 4
core id		: 0
cpu cores	: 2
apicid		: 0
initial apicid	: 0
fpu		: yes
fpu_exception	: yes
cpuid level	: 13
wp		: yes
flags		: fpu vme de pse tsc msr pae mce cx8 apic sep mtrr pge mca cmov pat pse36 clflush dts acpi mmx fxsr sse sse2 ss ht tm pbe syscall nx rdtscp lm constant_tsc arch_perfmon pebs bts rep_good nopl xtopology nonstop_tsc cpuid aperfmperf pni pclmulqdq dtes64 monitor ds_cpl vmx est tm2 ssse3 cx16 xtpr pdcm pcid sse4_1 sse4_2 x2apic popcnt tsc_deadline_timer aes xsave avx f16c rdrand lahf_lm cpuid_fault pti tpr_shadow vnmi flexpriority ept vpid fsgsbase smep erms xsaveopt dtherm ida arat pln pts
bugs		: cpu_meltdown spectre_v1 spectre_v2
bogomips	: 4988.82
clflush size	: 64
cache_alignment	: 64
address sizes	: 36 bits physical, 48 bits virtual
power management:

processor	: 1
vendor_id	: GenuineIntel
cpu family	: 6
model		: 58
model name	: Intel(R) Core(TM) i5-3210M CPU @ 2.50GHz
stepping	: 9
microcode	: 0x15
cpu MHz		: 3011.917
cache size	: 3072 KB
physical id	: 0
siblings	: 4
core id		: 1
cpu cores	: 2
apicid		: 2
initial apicid	: 2
fpu		: yes
fpu_exception	: yes
cpuid level	: 13
wp		: yes
flags		: fpu vme de pse tsc msr pae mce cx8 apic sep mtrr pge mca cmov pat pse36 clflush dts acpi mmx fxsr sse sse2 ss ht tm pbe syscall nx rdtscp lm constant_tsc arch_perfmon pebs bts rep_good nopl xtopology nonstop_tsc cpuid aperfmperf pni pclmulqdq dtes64 monitor ds_cpl vmx est tm2 ssse3 cx16 xtpr pdcm pcid sse4_1 sse4_2 x2apic popcnt tsc_deadline_timer aes xsave avx f16c rdrand lahf_lm cpuid_fault pti tpr_shadow vnmi flexpriority ept vpid fsgsbase smep erms xsaveopt dtherm ida arat pln pts
bugs		: cpu_meltdown spectre_v1 spectre_v2
bogomips	: 4988.82
clflush size	: 64
cache_alignment	: 64
address sizes	: 36 bits physical, 48 bits virtual
power management:

processor	: 2
vendor_id	: GenuineIntel
cpu family	: 6
model		: 58
model name	: Intel(R) Core(TM) i5-3210M CPU @ 2.50GHz
stepping	: 9
microcode	: 0x15
cpu MHz		: 2893.511
cache size	: 3072 KB
physical id	: 0
siblings	: 4
core id		: 0
cpu cores	: 2
apicid		: 1
initial apicid	: 1
fpu		: yes
fpu_exception	: yes
cpuid level	: 13
wp		: yes
flags		: fpu vme de pse tsc msr pae mce cx8 apic sep mtrr pge mca cmov pat pse36 clflush dts acpi mmx fxsr sse sse2 ss ht tm pbe syscall nx rdtscp lm constant_tsc arch_perfmon pebs bts rep_good nopl xtopology nonstop_tsc cpuid aperfmperf pni pclmulqdq dtes64 monitor ds_cpl vmx est tm2 ssse3 cx16 xtpr pdcm pcid sse4_1 sse4_2 x2apic popcnt tsc_deadline_timer aes xsave avx f16c rdrand lahf_lm cpuid_fault pti tpr_shadow vnmi flexpriority ept vpid fsgsbase smep erms xsaveopt dtherm ida arat pln pts
bugs		: cpu_meltdown spectre_v1 spectre_v2
bogomips	: 4988.82
clflush size	: 64
cache_alignment	: 64
address sizes	: 36 bits physical, 48 bits virtual
power management:

processor	: 3
vendor_id	: GenuineIntel
cpu family	: 6
model		: 58
model name	: Intel(R) Core(TM) i5-3210M CPU @ 2.50GHz
stepping	: 9
microcode	: 0x15
cpu MHz		: 3009.520
cache size	: 3072 KB
physical id	: 0
siblings	: 4
core id		: 1
cpu cores	: 2
apicid		: 3
initial apicid	: 3
fpu		: yes
fpu_exception	: yes
cpuid level	: 13
wp		: yes
flags		: fpu vme de pse tsc msr pae mce cx8 apic sep mtrr pge mca cmov pat pse36 clflush dts acpi mmx fxsr sse sse2 ss ht tm pbe syscall nx rdtscp lm constant_tsc arch_perfmon pebs bts rep_good nopl xtopology nonstop_tsc cpuid aperfmperf pni pclmulqdq dtes64 monitor ds_cpl vmx est tm2 ssse3 cx16 xtpr pdcm pcid sse4_1 sse4_2 x2apic popcnt tsc_deadline_timer aes xsave avx f16c rdrand lahf_lm cpuid_fault pti tpr_shadow vnmi flexpriority ept vpid fsgsbase smep erms xsaveopt dtherm ida arat pln pts
bugs		: cpu_meltdown spectre_v1 spectre_v2
bogomips	: 4988.82
clflush size	: 64
cache_alignment	: 64
address sizes	: 36 bits physical, 48 bits virtual
power management:



Memory: 4k page, physical 8076180k(3353756k free), swap 8388604k(8388604k free)

vm_info: OpenJDK 64-Bit Server VM (25.162-b12) for linux-amd64 JRE (1.8.0_162-b12), built on Feb 27 2018 12:14:51 by "builduser" with gcc 7.3.0

time: Thu Mar  1 22:12:04 2018
elapsed time: 21 seconds (0d 0h 0m 21s)

