#
# A fatal error has been detected by the Java Runtime Environment:
#
#  SIGSEGV (0xb) at pc=0x00007f554a3313b8, pid=4876, tid=0x00007f5548293700
#
# JRE version: OpenJDK Runtime Environment (8.0_162-b12) (build 1.8.0_162-b12)
# Java VM: OpenJDK 64-Bit Server VM (25.162-b12 mixed mode linux-amd64 compressed oops)
# Problematic frame:
# V  [libjvm.so+0x6b73b8]
#
# Core dump written. Default location: /home/vogel/Documents/pse/PSE/server/treff_server/core or core.4876
#
# If you would like to submit a bug report, please visit:
#   http://bugreport.java.com/bugreport/crash.jsp
#

---------------  T H R E A D  ---------------

Current thread (0x00007f5544023000):  GCTaskThread [stack: 0x00007f5548194000,0x00007f5548294000] [id=4880]

siginfo: si_signo: 11 (SIGSEGV), si_code: 1 (SEGV_MAPERR), si_addr: 0x0000000000000100

Registers:
RAX=0x0000000000000000, RBX=0x00007f5548292d30, RCX=0x00007f5548292d50, RDX=0x0000000000000000
RSP=0x00007f5548292670, RBP=0x00007f55482926a0, RSI=0x00007f5548292d30, RDI=0x0000000000000000
R8 =0x00007f554852f381, R9 =0x00000000ddb08010, R10=0x0000000085e60000, R11=0x00000000ddb087d0
R12=0x0000000000000000, R13=0x0000000000000000, R14=0x0000000000000000, R15=0x00007f5548292d30
RIP=0x00007f554a3313b8, EFLAGS=0x0000000000010202, CSGSFS=0x002b000000000033, ERR=0x0000000000000004
  TRAPNO=0x000000000000000e

Top of Stack: (sp=0x00007f5548292670)
0x00007f5548292670:   0000000000000000 00007f5548292d30
0x00007f5548292680:   00007f54d4008800 00007f5544051f50
0x00007f5548292690:   0000000000000000 00007f5548292d50
0x00007f55482926a0:   00007f5548292d20 00007f554a6b0ea8
0x00007f55482926b0:   00007f5544023000 00007f55482926c0
0x00007f55482926c0:   00007f551f1f0a28 00007f55350004e7
0x00007f55482926d0:   00007f55350003d0 0000000000000000
0x00007f55482926e0:   00007f551f1f0a90 00007f551f1f0a28
0x00007f55482926f0:   00007f551f1f0a28 00007f55350004e7
0x00007f5548292700:   00007f55350003d0 0000000000000000
0x00007f5548292710:   00007f551f1f0a90 00007f551f1f0a28
0x00007f5548292720:   0000000000000000 0000000000000000
0x00007f5548292730:   0000000000000000 0000000000000000
0x00007f5548292740:   0000000000000000 0000000000000000
0x00007f5548292750:   0000000000000000 0000000000000000
0x00007f5548292760:   0000000000000000 0000000000000000
0x00007f5548292770:   00007f551f1f0a18 00007f551f1f0a18
0x00007f5548292780:   0000000000000000 0000000000000000
0x00007f5548292790:   0000000000000000 0000000000000000
0x00007f55482927a0:   0000000000000000 0000000000000000
0x00007f55482927b0:   0000000000000000 0000000000000000
0x00007f55482927c0:   0000000000000000 0000000000000000
0x00007f55482927d0:   0000000000000000 0000000000000000
0x00007f55482927e0:   0000000000000000 0000000000000000
0x00007f55482927f0:   0000000000000000 0000000000000000
0x00007f5548292800:   0000000000000000 0000000000000000
0x00007f5548292810:   0000000000000000 0000000000000000
0x00007f5548292820:   0000000000000000 0000000000000000
0x00007f5548292830:   0000000000000000 0000000000000000
0x00007f5548292840:   0000000000000000 0000000000000000
0x00007f5548292850:   0000000000000000 0000000000000000
0x00007f5548292860:   0000000000000000 0000000000000000 

Instructions: (pc=0x00007f554a3313b8)
0x00007f554a331398:   41 55 41 54 49 89 fd 53 49 89 f7 48 83 ec 08 66
0x00007f554a3313a8:   0f 1f 84 00 00 00 00 00 4d 89 ec 0f 1f 44 00 00
0x00007f554a3313b8:   41 8b b4 24 00 01 00 00 85 f6 7e 68 4d 8d 74 24
0x00007f554a3313c8:   f8 bb 01 00 00 00 66 90 49 8b 44 dc f8 48 85 c0 

Register to memory mapping:

RAX=0x0000000000000000 is an unknown value
RBX=0x00007f5548292d30 is an unknown value
RCX=0x00007f5548292d50 is an unknown value
RDX=0x0000000000000000 is an unknown value
RSP=0x00007f5548292670 is an unknown value
RBP=0x00007f55482926a0 is an unknown value
RSI=0x00007f5548292d30 is an unknown value
RDI=0x0000000000000000 is an unknown value
R8 =0x00007f554852f381 is an unknown value
R9 =0x00000000ddb08010 is an oop

[error occurred during error reporting (printing register info), id 0xb]

Stack: [0x00007f5548194000,0x00007f5548294000],  sp=0x00007f5548292670,  free space=1017k
Native frames: (J=compiled Java code, j=interpreted, Vv=VM code, C=native code)
V  [libjvm.so+0x6b73b8]
V  [libjvm.so+0xa36ea8]
V  [libjvm.so+0x953b46]
V  [libjvm.so+0x5b3b86]
V  [libjvm.so+0x8d8432]


---------------  P R O C E S S  ---------------

Java Threads: ( => current thread )
  0x00007f54d4008800 JavaThread "Exec Stream Pumper" daemon [_thread_blocked, id=6355, stack(0x00007f551c9df000,0x00007f551cae0000)]
  0x00007f54d4007000 JavaThread "Exec Stream Pumper" daemon [_thread_blocked, id=6354, stack(0x00007f551d9aa000,0x00007f551daab000)]
  0x00007f54d400b000 JavaThread "Exec Stream Pumper" daemon [_thread_blocked, id=6353, stack(0x00007f551dbac000,0x00007f551dcad000)]
  0x00007f5544947000 JavaThread "Exec Default Executor" [_thread_blocked, id=6351, stack(0x00007f551daab000,0x00007f551dbac000)]
  0x00007f5544388000 JavaThread "Abandoned connection cleanup thread" daemon [_thread_blocked, id=5074, stack(0x00007f551dce6000,0x00007f551dde7000)]
  0x00007f54e4001800 JavaThread "process reaper" daemon [_thread_in_native, id=5068, stack(0x00007f551dcad000,0x00007f551dce6000)]
  0x00007f54f4036000 JavaThread "Exec Stream Pumper" daemon [_thread_in_native, id=5039, stack(0x00007f551dee8000,0x00007f551dfe9000)]
  0x00007f54f4035000 JavaThread "Exec Stream Pumper" daemon [_thread_in_native, id=5038, stack(0x00007f551dde7000,0x00007f551dee8000)]
  0x00007f554457e800 JavaThread "Exec Default Executor" [_thread_blocked, id=5036, stack(0x00007f551e022000,0x00007f551e123000)]
  0x00007f54f4032000 JavaThread "process reaper" daemon [_thread_in_native, id=4913, stack(0x00007f551dfe9000,0x00007f551e022000)]
  0x00007f55441bd000 JavaThread "Service Thread" daemon [_thread_blocked, id=4906, stack(0x00007f551e637000,0x00007f551e738000)]
  0x00007f55441ba000 JavaThread "C1 CompilerThread2" daemon [_thread_blocked, id=4905, stack(0x00007f551e739000,0x00007f551e839000)]
  0x00007f55441b8000 JavaThread "C2 CompilerThread1" daemon [_thread_blocked, id=4904, stack(0x00007f551e83a000,0x00007f551e93a000)]
  0x00007f55441b6000 JavaThread "C2 CompilerThread0" daemon [_thread_blocked, id=4903, stack(0x00007f551eb53000,0x00007f551ec53000)]
  0x00007f55441b4800 JavaThread "Monitor Ctrl-Break" daemon [_thread_in_native, id=4902, stack(0x00007f551ec53000,0x00007f551ed54000)]
  0x00007f5544181800 JavaThread "Signal Dispatcher" daemon [_thread_blocked, id=4900, stack(0x00007f551ed54000,0x00007f551ee55000)]
  0x00007f554414e800 JavaThread "Finalizer" daemon [_thread_blocked, id=4891, stack(0x00007f551eff0000,0x00007f551f0f1000)]
  0x00007f554414a000 JavaThread "Reference Handler" daemon [_thread_blocked, id=4888, stack(0x00007f551f0f1000,0x00007f551f1f2000)]
  0x00007f554400e800 JavaThread "main" [_thread_blocked, id=4879, stack(0x00007f554b8ef000,0x00007f554b9ef000)]

Other Threads:
  0x00007f5544142800 VMThread [stack: 0x00007f551f1f3000,0x00007f551f2f3000] [id=4887]
  0x00007f55441bf800 WatcherThread [stack: 0x00007f551e537000,0x00007f551e637000] [id=4907]

=>0x00007f5544023000 (exited) GCTaskThread [stack: 0x00007f5548194000,0x00007f5548294000] [id=4880]

VM state:at safepoint (normal execution)

VM Mutex/Monitor currently owned by a thread:  ([mutex/lock_event])
[0x00007f554400b6f0] Threads_lock - owner thread: 0x00007f5544142800
[0x00007f554400bbf0] Heap_lock - owner thread: 0x00007f54d400b000

Heap:
 PSYoungGen      total 73728K, used 69842K [0x00000000d6f00000, 0x00000000de700000, 0x0000000100000000)
  eden space 61440K, 100% used [0x00000000d6f00000,0x00000000dab00000,0x00000000dab00000)
  from space 12288K, 68% used [0x00000000dab00000,0x00000000db334a70,0x00000000db700000)
  to   space 12288K, 31% used [0x00000000ddb00000,0x00000000dded0b80,0x00000000de700000)
 ParOldGen       total 84992K, used 19074K [0x0000000084c00000, 0x0000000089f00000, 0x00000000d6f00000)
  object space 84992K, 22% used [0x0000000084c00000,0x0000000085ea0ab8,0x0000000089f00000)
 Metaspace       used 17470K, capacity 17758K, committed 17920K, reserved 1064960K
  class space    used 1856K, capacity 1963K, committed 2048K, reserved 1048576K

Card table byte_map: [0x00007f5548526000,0x00007f5548901000] byte_map_base: 0x00007f5548100000

Marking Bits: (ParMarkBitMap*) 0x00007f554abe10c0
 Begin Bits: [0x00007f552c260000, 0x00007f552e130000)
 End Bits:   [0x00007f552e130000, 0x00007f5530000000)

Polling page: 0x00007f554ba20000

CodeCache: size=245760Kb used=8440Kb max_used=8449Kb free=237319Kb
 bounds [0x00007f5535000000, 0x00007f5535850000, 0x00007f5544000000]
 total_blobs=2917 nmethods=2519 adapters=312
 compilation: enabled

Compilation events (10 events):
Event: 17.752 Thread 0x00007f55441b8000 2822       4       java.util.Locale::hashCode (41 bytes)
Event: 17.753 Thread 0x00007f55441b8000 nmethod 2822 0x00007f5535474e10 code [0x00007f5535474f60, 0x00007f5535474fd8]
Event: 17.755 Thread 0x00007f55441ba000 2823  s    3       sun.security.provider.SecureRandom::engineNextBytes (242 bytes)
Event: 17.756 Thread 0x00007f55441ba000 nmethod 2823 0x00007f553584add0 code [0x00007f553584b020, 0x00007f553584c188]
Event: 17.770 Thread 0x00007f55441b8000 2824       4       java.nio.CharBuffer::arrayOffset (35 bytes)
Event: 17.771 Thread 0x00007f55441b8000 nmethod 2824 0x00007f55353ca5d0 code [0x00007f55353ca720, 0x00007f55353ca7b8]
Event: 17.780 Thread 0x00007f55441ba000 2825       3       org.apache.commons.exec.CommandLine::getExecutable (12 bytes)
Event: 17.780 Thread 0x00007f55441ba000 nmethod 2825 0x00007f5535842410 code [0x00007f55358425c0, 0x00007f5535842a58]
Event: 17.781 Thread 0x00007f55441ba000 2826       1       java.lang.ThreadLocal::getMap (5 bytes)
Event: 17.781 Thread 0x00007f55441ba000 nmethod 2826 0x00007f5535842110 code [0x00007f5535842260, 0x00007f5535842370]

GC Heap History (10 events):
Event: 12.081 GC heap after
Heap after GC invocations=5 (full 0):
 PSYoungGen      total 36352K, used 5092K [0x00000000d6f00000, 0x00000000da680000, 0x0000000100000000)
  eden space 31232K, 0% used [0x00000000d6f00000,0x00000000d6f00000,0x00000000d8d80000)
  from space 5120K, 99% used [0x00000000d8e00000,0x00000000d92f9388,0x00000000d9300000)
  to   space 12800K, 0% used [0x00000000d9a00000,0x00000000d9a00000,0x00000000da680000)
 ParOldGen       total 84992K, used 13850K [0x0000000084c00000, 0x0000000089f00000, 0x00000000d6f00000)
  object space 84992K, 16% used [0x0000000084c00000,0x0000000085986958,0x0000000089f00000)
 Metaspace       used 16870K, capacity 17180K, committed 17408K, reserved 1064960K
  class space    used 1838K, capacity 1924K, committed 2048K, reserved 1048576K
}
Event: 12.839 GC heap before
{Heap before GC invocations=6 (full 0):
 PSYoungGen      total 36352K, used 36324K [0x00000000d6f00000, 0x00000000da680000, 0x0000000100000000)
  eden space 31232K, 100% used [0x00000000d6f00000,0x00000000d8d80000,0x00000000d8d80000)
  from space 5120K, 99% used [0x00000000d8e00000,0x00000000d92f9388,0x00000000d9300000)
  to   space 12800K, 0% used [0x00000000d9a00000,0x00000000d9a00000,0x00000000da680000)
 ParOldGen       total 84992K, used 13850K [0x0000000084c00000, 0x0000000089f00000, 0x00000000d6f00000)
  object space 84992K, 16% used [0x0000000084c00000,0x0000000085986958,0x0000000089f00000)
 Metaspace       used 16947K, capacity 17260K, committed 17408K, reserved 1064960K
  class space    used 1839K, capacity 1926K, committed 2048K, reserved 1048576K
Event: 12.853 GC heap after
Heap after GC invocations=6 (full 0):
 PSYoungGen      total 43520K, used 9958K [0x00000000d6f00000, 0x00000000dc600000, 0x0000000100000000)
  eden space 30720K, 0% used [0x00000000d6f00000,0x00000000d6f00000,0x00000000d8d00000)
  from space 12800K, 77% used [0x00000000d9a00000,0x00000000da3b99a8,0x00000000da680000)
  to   space 13312K, 0% used [0x00000000d8d00000,0x00000000d8d00000,0x00000000d9a00000)
 ParOldGen       total 84992K, used 13858K [0x0000000084c00000, 0x0000000089f00000, 0x00000000d6f00000)
  object space 84992K, 16% used [0x0000000084c00000,0x0000000085988958,0x0000000089f00000)
 Metaspace       used 16947K, capacity 17260K, committed 17408K, reserved 1064960K
  class space    used 1839K, capacity 1926K, committed 2048K, reserved 1048576K
}
Event: 13.989 GC heap before
{Heap before GC invocations=7 (full 0):
 PSYoungGen      total 43520K, used 40678K [0x00000000d6f00000, 0x00000000dc600000, 0x0000000100000000)
  eden space 30720K, 100% used [0x00000000d6f00000,0x00000000d8d00000,0x00000000d8d00000)
  from space 12800K, 77% used [0x00000000d9a00000,0x00000000da3b99a8,0x00000000da680000)
  to   space 13312K, 0% used [0x00000000d8d00000,0x00000000d8d00000,0x00000000d9a00000)
 ParOldGen       total 84992K, used 13858K [0x0000000084c00000, 0x0000000089f00000, 0x00000000d6f00000)
  object space 84992K, 16% used [0x0000000084c00000,0x0000000085988958,0x0000000089f00000)
 Metaspace       used 17081K, capacity 17432K, committed 17664K, reserved 1064960K
  class space    used 1853K, capacity 1962K, committed 2048K, reserved 1048576K
Event: 14.001 GC heap after
Heap after GC invocations=7 (full 0):
 PSYoungGen      total 44032K, used 7942K [0x00000000d6f00000, 0x00000000dc300000, 0x0000000100000000)
  eden space 30720K, 0% used [0x00000000d6f00000,0x00000000d6f00000,0x00000000d8d00000)
  from space 13312K, 59% used [0x00000000d8d00000,0x00000000d94c1908,0x00000000d9a00000)
  to   space 12288K, 0% used [0x00000000db700000,0x00000000db700000,0x00000000dc300000)
 ParOldGen       total 84992K, used 15606K [0x0000000084c00000, 0x0000000089f00000, 0x00000000d6f00000)
  object space 84992K, 18% used [0x0000000084c00000,0x0000000085b3d840,0x0000000089f00000)
 Metaspace       used 17081K, capacity 17432K, committed 17664K, reserved 1064960K
  class space    used 1853K, capacity 1962K, committed 2048K, reserved 1048576K
}
Event: 14.727 GC heap before
{Heap before GC invocations=8 (full 0):
 PSYoungGen      total 44032K, used 38662K [0x00000000d6f00000, 0x00000000dc300000, 0x0000000100000000)
  eden space 30720K, 100% used [0x00000000d6f00000,0x00000000d8d00000,0x00000000d8d00000)
  from space 13312K, 59% used [0x00000000d8d00000,0x00000000d94c1908,0x00000000d9a00000)
  to   space 12288K, 0% used [0x00000000db700000,0x00000000db700000,0x00000000dc300000)
 ParOldGen       total 84992K, used 15606K [0x0000000084c00000, 0x0000000089f00000, 0x00000000d6f00000)
  object space 84992K, 18% used [0x0000000084c00000,0x0000000085b3d840,0x0000000089f00000)
 Metaspace       used 17331K, capacity 17688K, committed 17920K, reserved 1064960K
  class space    used 1854K, capacity 1962K, committed 2048K, reserved 1048576K
Event: 14.736 GC heap after
Heap after GC invocations=8 (full 0):
 PSYoungGen      total 73728K, used 6434K [0x00000000d6f00000, 0x00000000dc300000, 0x0000000100000000)
  eden space 61440K, 0% used [0x00000000d6f00000,0x00000000d6f00000,0x00000000dab00000)
  from space 12288K, 52% used [0x00000000db700000,0x00000000dbd48ae0,0x00000000dc300000)
  to   space 12288K, 0% used [0x00000000dab00000,0x00000000dab00000,0x00000000db700000)
 ParOldGen       total 84992K, used 17689K [0x0000000084c00000, 0x0000000089f00000, 0x00000000d6f00000)
  object space 84992K, 20% used [0x0000000084c00000,0x0000000085d46608,0x0000000089f00000)
 Metaspace       used 17331K, capacity 17688K, committed 17920K, reserved 1064960K
  class space    used 1854K, capacity 1962K, committed 2048K, reserved 1048576K
}
Event: 16.431 GC heap before
{Heap before GC invocations=9 (full 0):
 PSYoungGen      total 73728K, used 67874K [0x00000000d6f00000, 0x00000000dc300000, 0x0000000100000000)
  eden space 61440K, 100% used [0x00000000d6f00000,0x00000000dab00000,0x00000000dab00000)
  from space 12288K, 52% used [0x00000000db700000,0x00000000dbd48ae0,0x00000000dc300000)
  to   space 12288K, 0% used [0x00000000dab00000,0x00000000dab00000,0x00000000db700000)
 ParOldGen       total 84992K, used 17689K [0x0000000084c00000, 0x0000000089f00000, 0x00000000d6f00000)
  object space 84992K, 20% used [0x0000000084c00000,0x0000000085d46608,0x0000000089f00000)
 Metaspace       used 17394K, capacity 17752K, committed 17920K, reserved 1064960K
  class space    used 1855K, capacity 1962K, committed 2048K, reserved 1048576K
Event: 16.444 GC heap after
Heap after GC invocations=9 (full 0):
 PSYoungGen      total 73728K, used 8402K [0x00000000d6f00000, 0x00000000de700000, 0x0000000100000000)
  eden space 61440K, 0% used [0x00000000d6f00000,0x00000000d6f00000,0x00000000dab00000)
  from space 12288K, 68% used [0x00000000dab00000,0x00000000db334a70,0x00000000db700000)
  to   space 12288K, 0% used [0x00000000ddb00000,0x00000000ddb00000,0x00000000de700000)
 ParOldGen       total 84992K, used 18978K [0x0000000084c00000, 0x0000000089f00000, 0x00000000d6f00000)
  object space 84992K, 22% used [0x0000000084c00000,0x0000000085e88ab8,0x0000000089f00000)
 Metaspace       used 17394K, capacity 17752K, committed 17920K, reserved 1064960K
  class space    used 1855K, capacity 1962K, committed 2048K, reserved 1048576K
}
Event: 17.783 GC heap before
{Heap before GC invocations=10 (full 0):
 PSYoungGen      total 73728K, used 69842K [0x00000000d6f00000, 0x00000000de700000, 0x0000000100000000)
  eden space 61440K, 100% used [0x00000000d6f00000,0x00000000dab00000,0x00000000dab00000)
  from space 12288K, 68% used [0x00000000dab00000,0x00000000db334a70,0x00000000db700000)
  to   space 12288K, 0% used [0x00000000ddb00000,0x00000000ddb00000,0x00000000de700000)
 ParOldGen       total 84992K, used 18978K [0x0000000084c00000, 0x0000000089f00000, 0x00000000d6f00000)
  object space 84992K, 22% used [0x0000000084c00000,0x0000000085e88ab8,0x0000000089f00000)
 Metaspace       used 17470K, capacity 17758K, committed 17920K, reserved 1064960K
  class space    used 1856K, capacity 1963K, committed 2048K, reserved 1048576K

Deoptimization events (10 events):
Event: 9.985 Thread 0x00007f554400e800 Uncommon trap: reason=class_check action=maybe_recompile pc=0x00007f55354960bc method=java.util.stream.ReduceOps$3ReducingSink.accept(Ljava/lang/Object;)V @ 9
Event: 10.008 Thread 0x00007f554400e800 Uncommon trap: reason=class_check action=maybe_recompile pc=0x00007f55354960bc method=java.util.stream.ReduceOps$3ReducingSink.accept(Ljava/lang/Object;)V @ 9
Event: 10.018 Thread 0x00007f554400e800 Uncommon trap: reason=class_check action=maybe_recompile pc=0x00007f55354960bc method=java.util.stream.ReduceOps$3ReducingSink.accept(Ljava/lang/Object;)V @ 9
Event: 10.047 Thread 0x00007f554400e800 Uncommon trap: reason=class_check action=maybe_recompile pc=0x00007f55354bddc0 method=java.util.stream.ReduceOps$3ReducingSink.accept(Ljava/lang/Object;)V @ 9
Event: 12.887 Thread 0x00007f554400e800 Uncommon trap: reason=class_check action=maybe_recompile pc=0x00007f55354f7370 method=java.lang.Class.enumConstantDirectory()Ljava/util/Map; @ 84
Event: 12.888 Thread 0x00007f554400e800 Uncommon trap: reason=class_check action=maybe_recompile pc=0x00007f55354f7370 method=java.lang.Class.enumConstantDirectory()Ljava/util/Map; @ 84
Event: 13.361 Thread 0x00007f554400e800 Uncommon trap: reason=null_check action=make_not_entrant pc=0x00007f55356b90bc method=com.mysql.cj.jdbc.JdbcPropertySetImpl.postInitialization()V @ 47
Event: 13.368 Thread 0x00007f554400e800 Uncommon trap: reason=null_check action=make_not_entrant pc=0x00007f55353987c8 method=com.mysql.cj.jdbc.JdbcPropertySetImpl.postInitialization()V @ 47
Event: 15.793 Thread 0x00007f554400e800 Uncommon trap: reason=predicate action=maybe_recompile pc=0x00007f553577e368 method=java.lang.String.regionMatches(ZILjava/lang/String;II)Z @ 63
Event: 16.996 Thread 0x00007f554400e800 Uncommon trap: reason=unstable_if action=reinterpret pc=0x00007f55356ce8ec method=java.util.regex.Pattern$Start.match(Ljava/util/regex/Matcher;ILjava/lang/CharSequence;)Z @ 10

Classes redefined (0 events):
No events

Internal exceptions (10 events):
Event: 9.317 Thread 0x00007f554400e800 Implicit null exception at 0x00007f553519de76 to 0x00007f553519e229
Event: 9.568 Thread 0x00007f554400e800 Exception <a 'java/lang/NoSuchMethodError': java.lang.Object.lambda$maxBy$1(Ljava/util/Comparator;Ljava/lang/Object;Ljava/lang/Object;)Ljava/lang/Object;> (0x00000000d73283c8) thrown at [/build/java8-openjdk/src/jdk8u-jdk8u162-b12/hotspot/src/share/vm/int
Event: 9.694 Thread 0x00007f554400e800 Exception <a 'java/lang/ArrayIndexOutOfBoundsException': 18> (0x00000000d783cf70) thrown at [/build/java8-openjdk/src/jdk8u-jdk8u162-b12/hotspot/src/share/vm/interpreter/interpreterRuntime.cpp, line 366]
Event: 9.779 Thread 0x00007f554400e800 Exception <a 'java/lang/NoSuchMethodError': java.lang.Object.lambda$identity$2(Ljava/lang/Object;)Ljava/lang/Object;> (0x00000000d7dc15e0) thrown at [/build/java8-openjdk/src/jdk8u-jdk8u162-b12/hotspot/src/share/vm/interpreter/linkResolver.cpp, line 620]
Event: 10.885 Thread 0x00007f554400e800 Exception <a 'java/lang/reflect/InvocationTargetException'> (0x00000000d8a9f150) thrown at [/build/java8-openjdk/src/jdk8u-jdk8u162-b12/hotspot/src/share/vm/runtime/reflection.cpp, line 1092]
Event: 12.299 Thread 0x00007f554400e800 Exception <a 'java/lang/reflect/InvocationTargetException'> (0x00000000d7f69b90) thrown at [/build/java8-openjdk/src/jdk8u-jdk8u162-b12/hotspot/src/share/vm/runtime/reflection.cpp, line 1092]
Event: 13.361 Thread 0x00007f554400e800 Implicit null exception at 0x00007f55356b84bc to 0x00007f55356b90b1
Event: 13.368 Thread 0x00007f554400e800 Implicit null exception at 0x00007f55353982ec to 0x00007f55353987b9
Event: 13.539 Thread 0x00007f554400e800 Exception <a 'java/lang/reflect/InvocationTargetException'> (0x00000000d85e7008) thrown at [/build/java8-openjdk/src/jdk8u-jdk8u162-b12/hotspot/src/share/vm/runtime/reflection.cpp, line 1092]
Event: 16.594 Thread 0x00007f554400e800 Exception <a 'java/lang/reflect/InvocationTargetException'> (0x00000000d7cd31f8) thrown at [/build/java8-openjdk/src/jdk8u-jdk8u162-b12/hotspot/src/share/vm/runtime/reflection.cpp, line 1092]

Events (10 events):
Event: 17.555 Thread 0x00007f54d4007000 Thread exited: 0x00007f54d4007000
Event: 17.555 Thread 0x00007f54d400b000 Thread exited: 0x00007f54d400b000
Event: 17.555 Thread 0x00007f54d400b000 Thread added: 0x00007f54d400b000
Event: 17.556 Thread 0x00007f54d400b000 Thread exited: 0x00007f54d400b000
Event: 17.556 Thread 0x00007f5544947000 Thread exited: 0x00007f5544947000
Event: 17.781 Thread 0x00007f5544947000 Thread added: 0x00007f5544947000
Event: 17.781 Thread 0x00007f54d400b000 Thread added: 0x00007f54d400b000
Event: 17.781 Thread 0x00007f54d4007000 Thread added: 0x00007f54d4007000
Event: 17.781 Executing VM operation: ParallelGCFailedAllocation
Event: 17.782 Thread 0x00007f54d4008800 Thread added: 0x00007f54d4008800


Dynamic libraries:
84c00000-89f00000 rw-p 00000000 00:00 0 
89f00000-d6f00000 ---p 00000000 00:00 0 
d6f00000-de700000 rw-p 00000000 00:00 0 
de700000-100000000 ---p 00000000 00:00 0 
100000000-100200000 rw-p 00000000 00:00 0 
100200000-140000000 ---p 00000000 00:00 0 
55beaa9a3000-55beaa9a4000 r-xp 00000000 fe:02 8660245                    /usr/lib/jvm/java-8-openjdk/jre/bin/java
55beaaba3000-55beaaba4000 r--p 00000000 fe:02 8660245                    /usr/lib/jvm/java-8-openjdk/jre/bin/java
55beaaba4000-55beaaba5000 rw-p 00001000 fe:02 8660245                    /usr/lib/jvm/java-8-openjdk/jre/bin/java
55beac5fe000-55beac61f000 rw-p 00000000 00:00 0                          [heap]
7f54c8000000-7f54c8021000 rw-p 00000000 00:00 0 
7f54c8021000-7f54cc000000 ---p 00000000 00:00 0 
7f54d0000000-7f54d0021000 rw-p 00000000 00:00 0 
7f54d0021000-7f54d4000000 ---p 00000000 00:00 0 
7f54d4000000-7f54d4021000 rw-p 00000000 00:00 0 
7f54d4021000-7f54d8000000 ---p 00000000 00:00 0 
7f54d8000000-7f54d8021000 rw-p 00000000 00:00 0 
7f54d8021000-7f54dc000000 ---p 00000000 00:00 0 
7f54dc000000-7f54dc021000 rw-p 00000000 00:00 0 
7f54dc021000-7f54e0000000 ---p 00000000 00:00 0 
7f54e0000000-7f54e0021000 rw-p 00000000 00:00 0 
7f54e0021000-7f54e4000000 ---p 00000000 00:00 0 
7f54e4000000-7f54e4021000 rw-p 00000000 00:00 0 
7f54e4021000-7f54e8000000 ---p 00000000 00:00 0 
7f54e8000000-7f54e8021000 rw-p 00000000 00:00 0 
7f54e8021000-7f54ec000000 ---p 00000000 00:00 0 
7f54ec000000-7f54ec021000 rw-p 00000000 00:00 0 
7f54ec021000-7f54f0000000 ---p 00000000 00:00 0 
7f54f0000000-7f54f0021000 rw-p 00000000 00:00 0 
7f54f0021000-7f54f4000000 ---p 00000000 00:00 0 
7f54f4000000-7f54f4043000 rw-p 00000000 00:00 0 
7f54f4043000-7f54f8000000 ---p 00000000 00:00 0 
7f54f8000000-7f54f836f000 rw-p 00000000 00:00 0 
7f54f836f000-7f54fc000000 ---p 00000000 00:00 0 
7f54fc000000-7f54fc021000 rw-p 00000000 00:00 0 
7f54fc021000-7f5500000000 ---p 00000000 00:00 0 
7f5500000000-7f5500b0f000 rw-p 00000000 00:00 0 
7f5500b0f000-7f5504000000 ---p 00000000 00:00 0 
7f5504000000-7f550454a000 rw-p 00000000 00:00 0 
7f550454a000-7f5508000000 ---p 00000000 00:00 0 
7f5508000000-7f5508021000 rw-p 00000000 00:00 0 
7f5508021000-7f550c000000 ---p 00000000 00:00 0 
7f550c000000-7f550c04a000 rw-p 00000000 00:00 0 
7f550c04a000-7f5510000000 ---p 00000000 00:00 0 
7f5510000000-7f5510021000 rw-p 00000000 00:00 0 
7f5510021000-7f5514000000 ---p 00000000 00:00 0 
7f5514000000-7f5514021000 rw-p 00000000 00:00 0 
7f5514021000-7f5518000000 ---p 00000000 00:00 0 
7f5518000000-7f5518021000 rw-p 00000000 00:00 0 
7f5518021000-7f551c000000 ---p 00000000 00:00 0 
7f551c9df000-7f551c9e2000 ---p 00000000 00:00 0 
7f551c9e2000-7f551cc60000 rw-p 00000000 00:00 0 
7f551cc60000-7f551cce0000 ---p 00000000 00:00 0 
7f551cce0000-7f551cee0000 rw-p 00000000 00:00 0 
7f551cee0000-7f551cef3000 r-xp 00000000 fe:02 8521884                    /usr/lib/libresolv-2.26.so
7f551cef3000-7f551d0f3000 ---p 00013000 fe:02 8521884                    /usr/lib/libresolv-2.26.so
7f551d0f3000-7f551d0f4000 r--p 00013000 fe:02 8521884                    /usr/lib/libresolv-2.26.so
7f551d0f4000-7f551d0f5000 rw-p 00014000 fe:02 8521884                    /usr/lib/libresolv-2.26.so
7f551d0f5000-7f551d0f7000 rw-p 00000000 00:00 0 
7f551d0f7000-7f551d0fc000 r-xp 00000000 fe:02 8521895                    /usr/lib/libnss_dns-2.26.so
7f551d0fc000-7f551d2fb000 ---p 00005000 fe:02 8521895                    /usr/lib/libnss_dns-2.26.so
7f551d2fb000-7f551d2fc000 r--p 00004000 fe:02 8521895                    /usr/lib/libnss_dns-2.26.so
7f551d2fc000-7f551d2fd000 rw-p 00005000 fe:02 8521895                    /usr/lib/libnss_dns-2.26.so
7f551d2fd000-7f551d339000 r-xp 00000000 fe:02 8562461                    /usr/lib/libnss_resolve.so.2
7f551d339000-7f551d538000 ---p 0003c000 fe:02 8562461                    /usr/lib/libnss_resolve.so.2
7f551d538000-7f551d53b000 r--p 0003b000 fe:02 8562461                    /usr/lib/libnss_resolve.so.2
7f551d53b000-7f551d53c000 rw-p 0003e000 fe:02 8562461                    /usr/lib/libnss_resolve.so.2
7f551d53c000-7f551d579000 r-xp 00000000 fe:02 8562460                    /usr/lib/libnss_mymachines.so.2
7f551d579000-7f551d778000 ---p 0003d000 fe:02 8562460                    /usr/lib/libnss_mymachines.so.2
7f551d778000-7f551d77b000 r--p 0003c000 fe:02 8562460                    /usr/lib/libnss_mymachines.so.2
7f551d77b000-7f551d77c000 rw-p 0003f000 fe:02 8562460                    /usr/lib/libnss_mymachines.so.2
7f551d7a5000-7f551d7aa000 r--s 0009d000 fe:02 8660269                    /usr/lib/jvm/java-8-openjdk/jre/lib/jsse.jar
7f551d7aa000-7f551d9aa000 rw-p 00000000 00:00 0 
7f551d9aa000-7f551d9ad000 ---p 00000000 00:00 0 
7f551d9ad000-7f551daab000 rw-p 00000000 00:00 0 
7f551daab000-7f551daae000 ---p 00000000 00:00 0 
7f551daae000-7f551dbac000 rw-p 00000000 00:00 0 
7f551dbac000-7f551dbaf000 ---p 00000000 00:00 0 
7f551dbaf000-7f551dcad000 rw-p 00000000 00:00 0 
7f551dcad000-7f551dcb0000 ---p 00000000 00:00 0 
7f551dcb0000-7f551dce6000 rw-p 00000000 00:00 0 
7f551dce6000-7f551dce9000 ---p 00000000 00:00 0 
7f551dce9000-7f551dde7000 rw-p 00000000 00:00 0 
7f551dde7000-7f551ddea000 ---p 00000000 00:00 0 
7f551ddea000-7f551dee8000 rw-p 00000000 00:00 0 
7f551dee8000-7f551deeb000 ---p 00000000 00:00 0 
7f551deeb000-7f551dfe9000 rw-p 00000000 00:00 0 
7f551dfe9000-7f551dfec000 ---p 00000000 00:00 0 
7f551dfec000-7f551e022000 rw-p 00000000 00:00 0 
7f551e022000-7f551e025000 ---p 00000000 00:00 0 
7f551e025000-7f551e123000 rw-p 00000000 00:00 0 
7f551e123000-7f551e134000 r-xp 00000000 fe:02 8660315                    /usr/lib/jvm/java-8-openjdk/jre/lib/amd64/libnio.so
7f551e134000-7f551e334000 ---p 00011000 fe:02 8660315                    /usr/lib/jvm/java-8-openjdk/jre/lib/amd64/libnio.so
7f551e334000-7f551e335000 r--p 00011000 fe:02 8660315                    /usr/lib/jvm/java-8-openjdk/jre/lib/amd64/libnio.so
7f551e335000-7f551e336000 rw-p 00012000 fe:02 8660315                    /usr/lib/jvm/java-8-openjdk/jre/lib/amd64/libnio.so
7f551e336000-7f551e536000 rw-p 00000000 00:00 0 
7f551e536000-7f551e537000 ---p 00000000 00:00 0 
7f551e537000-7f551e637000 rw-p 00000000 00:00 0 
7f551e637000-7f551e63a000 ---p 00000000 00:00 0 
7f551e63a000-7f551e738000 rw-p 00000000 00:00 0 
7f551e738000-7f551e739000 ---p 00000000 00:00 0 
7f551e739000-7f551e73c000 ---p 00000000 00:00 0 
7f551e73c000-7f551e839000 rw-p 00000000 00:00 0 
7f551e839000-7f551e83a000 ---p 00000000 00:00 0 
7f551e83a000-7f551e83d000 ---p 00000000 00:00 0 
7f551e83d000-7f551e93a000 rw-p 00000000 00:00 0 
7f551e93a000-7f551e950000 r-xp 00000000 fe:02 8660308                    /usr/lib/jvm/java-8-openjdk/jre/lib/amd64/libnet.so
7f551e950000-7f551eb50000 ---p 00016000 fe:02 8660308                    /usr/lib/jvm/java-8-openjdk/jre/lib/amd64/libnet.so
7f551eb50000-7f551eb51000 r--p 00016000 fe:02 8660308                    /usr/lib/jvm/java-8-openjdk/jre/lib/amd64/libnet.so
7f551eb51000-7f551eb52000 rw-p 00017000 fe:02 8660308                    /usr/lib/jvm/java-8-openjdk/jre/lib/amd64/libnet.so
7f551eb52000-7f551eb53000 ---p 00000000 00:00 0 
7f551eb53000-7f551eb56000 ---p 00000000 00:00 0 
7f551eb56000-7f551ec53000 rw-p 00000000 00:00 0 
7f551ec53000-7f551ec56000 ---p 00000000 00:00 0 
7f551ec56000-7f551ed54000 rw-p 00000000 00:00 0 
7f551ed54000-7f551ed57000 ---p 00000000 00:00 0 
7f551ed57000-7f551ee55000 rw-p 00000000 00:00 0 
7f551ee55000-7f551eff0000 r--p 00000000 fe:02 8559258                    /usr/lib/locale/locale-archive
7f551eff0000-7f551eff3000 ---p 00000000 00:00 0 
7f551eff3000-7f551f0f1000 rw-p 00000000 00:00 0 
7f551f0f1000-7f551f0f4000 ---p 00000000 00:00 0 
7f551f0f4000-7f551f1f2000 rw-p 00000000 00:00 0 
7f551f1f2000-7f551f1f3000 ---p 00000000 00:00 0 
7f551f1f3000-7f5520000000 rw-p 00000000 00:00 0 
7f5520000000-7f5520021000 rw-p 00000000 00:00 0 
7f5520021000-7f5524000000 ---p 00000000 00:00 0 
7f5524000000-7f5524021000 rw-p 00000000 00:00 0 
7f5524021000-7f5528000000 ---p 00000000 00:00 0 
7f5528000000-7f5528021000 rw-p 00000000 00:00 0 
7f5528021000-7f552c000000 ---p 00000000 00:00 0 
7f552c002000-7f552c007000 r--s 002f9000 fe:02 8660277                    /usr/lib/jvm/java-8-openjdk/jre/lib/charsets.jar
7f552c007000-7f552c009000 r--s 00009000 fe:02 9971722                    /home/vogel/.gradle/caches/modules-2/files-2.1/org.slf4j/slf4j-api/1.7.22/a1c83373863cec7ae8d89dc1c5722d8cb6ec0309/slf4j-api-1.7.22.jar
7f552c009000-7f552c00b000 r--s 0000e000 fe:02 9971734                    /home/vogel/.gradle/caches/modules-2/files-2.1/commons-logging/commons-logging/1.2/4bfc12adfe4842bf07b657f0369c4cb522955686/commons-logging-1.2.jar
7f552c00b000-7f552c00f000 r--s 0000c000 fe:02 7218912                    /home/vogel/.gradle/caches/modules-2/files-2.1/javax.validation/validation-api/1.1.0.Final/8613ae82954779d518631e05daa73a6a954817d5/validation-api-1.1.0.Final.jar
7f552c00f000-7f552c013000 r--s 00019000 fe:02 7218910                    /home/vogel/.gradle/caches/modules-2/files-2.1/org.aspectj/aspectjrt/1.8.0/302d0fe0abba26bbf5f31c3cd5337b3125c744e3/aspectjrt-1.8.0.jar
7f552c013000-7f552c029000 r--s 000fb000 fe:02 9971732                    /home/vogel/.gradle/caches/modules-2/files-2.1/org.springframework/spring-core/4.3.6.RELEASE/690da099c3c2d2536210f0fd06ff3f336de43ad9/spring-core-4.3.6.RELEASE.jar
7f552c029000-7f552c030000 r--s 00064000 fe:02 9971728                    /home/vogel/.gradle/caches/modules-2/files-2.1/org.apache.commons/commons-lang3/3.4/5fe28b9518e58819180a43a850fbc0dd24b7c050/commons-lang3-3.4.jar
7f552c030000-7f552c040000 r--s 000a8000 fe:02 9971724                    /home/vogel/.gradle/caches/modules-2/files-2.1/org.apache.commons/commons-collections4/4.1/a4cf4688fe1c7e3a63aa636cc96d013af537768e/commons-collections4-4.1.jar
7f552c040000-7f552c05e000 r--s 00110000 fe:02 9972760                    /home/vogel/.gradle/caches/modules-2/files-2.1/org.mockito/mockito-all/1.10.19/539df70269cc254a58cccc5d8e43286b4a73bf30/mockito-all-1.10.19.jar
7f552c05e000-7f5530000000 rw-p 00000000 00:00 0 
7f5530000000-7f5530021000 rw-p 00000000 00:00 0 
7f5530021000-7f5534000000 ---p 00000000 00:00 0 
7f5534001000-7f5534005000 r--s 0002f000 fe:02 9971730                    /home/vogel/.gradle/caches/modules-2/files-2.1/commons-io/commons-io/2.5/2852e6e05fbb95076fc091f6d1780f1f8fe35e0f/commons-io-2.5.jar
7f5534005000-7f5534007000 r--s 0000c000 fe:02 9971726                    /home/vogel/.gradle/caches/modules-2/files-2.1/org.apache.commons/commons-exec/1.3/8dfb9facd0830a27b1b5f29f84593f0aeee7773b/commons-exec-1.3.jar
7f5534007000-7f5534055000 rw-p 00000000 00:00 0 
7f5534055000-7f5534224000 r--s 03c2b000 fe:02 8660287                    /usr/lib/jvm/java-8-openjdk/jre/lib/rt.jar
7f5534224000-7f5534dfe000 rw-p 00000000 00:00 0 
7f5534dfe000-7f5534dff000 ---p 00000000 00:00 0 
7f5534dff000-7f5534eff000 rw-p 00000000 00:00 0 
7f5534eff000-7f5534f00000 ---p 00000000 00:00 0 
7f5534f00000-7f5535000000 rw-p 00000000 00:00 0 
7f5535000000-7f5535850000 rwxp 00000000 00:00 0 
7f5535850000-7f5544000000 ---p 00000000 00:00 0 
7f5544000000-7f5544a2f000 rw-p 00000000 00:00 0 
7f5544a2f000-7f5548000000 ---p 00000000 00:00 0 
7f5548001000-7f5548003000 r--s 00011000 fe:02 7218908                    /home/vogel/.gradle/caches/modules-2/files-2.1/com.jcabi/jcabi-aspects/0.17.1/2d9bac51d83b7fc46b0aad27a5327b1fdd58db61/jcabi-aspects-0.17.1.jar
7f5548003000-7f5548007000 r--s 007d3000 fe:02 9971720                    /home/vogel/.gradle/caches/modules-2/files-2.1/ch.vorburger.mariaDB4j/mariaDB4j-db-mac64/10.1.9/ea3899ee7639f5c0e24cd3100243d18564087d21/mariaDB4j-db-mac64-10.1.9.jar
7f5548007000-7f5548009000 r--s 0076b000 fe:02 9971718                    /home/vogel/.gradle/caches/modules-2/files-2.1/ch.vorburger.mariaDB4j/mariaDB4j-db-win32/10.1.20/c65aaf852c9ec7199649a7fab494797ebff6055a/mariaDB4j-db-win32-10.1.20.jar
7f5548009000-7f554800d000 r--s 02964000 fe:02 9971716                    /home/vogel/.gradle/caches/modules-2/files-2.1/ch.vorburger.mariaDB4j/mariaDB4j-db-linux64/10.1.13/1bde3f6f545249ac32a98bd459669b50a5c9fe0c/mariaDB4j-db-linux64-10.1.13.jar
7f554800d000-7f554800f000 r--s 0000c000 fe:02 9971714                    /home/vogel/.gradle/caches/modules-2/files-2.1/ch.vorburger.mariaDB4j/mariaDB4j-core/2.2.3/74b4a5e035c3a0e583852852e277609a6f0e909a/mariaDB4j-core-2.2.3.jar
7f554800f000-7f5548010000 r--s 00009000 fe:02 7084286                    /home/vogel/.gradle/caches/modules-2/files-2.1/com.jcabi/jcabi-log/0.14.3/104b227745ac9800f076667e06f60db6d32f89dd/jcabi-log-0.14.3.jar
7f5548010000-7f5548012000 r--s 00009000 fe:02 5640741                    /home/vogel/.gradle/caches/modules-2/files-2.1/org.hamcrest/hamcrest-core/1.3/42a25dc3219429f0e5d060061f71acb49bf010a0/hamcrest-core-1.3.jar
7f5548012000-7f5548014000 r--s 00003000 fe:02 9971712                    /home/vogel/.gradle/caches/modules-2/files-2.1/ch.vorburger.mariaDB4j/mariaDB4j/2.2.3/85e7be5e374935bc81cb408211644422e607af29/mariaDB4j-2.2.3.jar
7f5548014000-7f554801c000 r--s 00045000 fe:02 5640711                    /home/vogel/.gradle/caches/modules-2/files-2.1/junit/junit/4.12/2973d150c0dc1fefe998f834810d68f278ea58ec/junit-4.12.jar
7f554801c000-7f5548092000 rw-p 00000000 00:00 0 
7f5548092000-7f5548093000 ---p 00000000 00:00 0 
7f5548093000-7f5548193000 rw-p 00000000 00:00 0 
7f5548193000-7f5548194000 ---p 00000000 00:00 0 
7f5548194000-7f55482be000 rw-p 00000000 00:00 0 
7f55482be000-7f5548526000 ---p 00000000 00:00 0 
7f5548526000-7f5548550000 rw-p 00000000 00:00 0 
7f5548550000-7f55487b7000 ---p 00000000 00:00 0 
7f55487b7000-7f55487f4000 rw-p 00000000 00:00 0 
7f55487f4000-7f5548900000 ---p 00000000 00:00 0 
7f5548900000-7f5548923000 rw-p 00000000 00:00 0 
7f5548923000-7f5548cc1000 ---p 00000000 00:00 0 
7f5548cc1000-7f5548cc9000 r-xp 00000000 fe:02 8660347                    /usr/lib/jvm/java-8-openjdk/jre/lib/amd64/libzip.so
7f5548cc9000-7f5548ec8000 ---p 00008000 fe:02 8660347                    /usr/lib/jvm/java-8-openjdk/jre/lib/amd64/libzip.so
7f5548ec8000-7f5548ec9000 r--p 00007000 fe:02 8660347                    /usr/lib/jvm/java-8-openjdk/jre/lib/amd64/libzip.so
7f5548ec9000-7f5548eca000 rw-p 00008000 fe:02 8660347                    /usr/lib/jvm/java-8-openjdk/jre/lib/amd64/libzip.so
7f5548eca000-7f5548ed5000 r-xp 00000000 fe:02 8521894                    /usr/lib/libnss_files-2.26.so
7f5548ed5000-7f55490d4000 ---p 0000b000 fe:02 8521894                    /usr/lib/libnss_files-2.26.so
7f55490d4000-7f55490d5000 r--p 0000a000 fe:02 8521894                    /usr/lib/libnss_files-2.26.so
7f55490d5000-7f55490d6000 rw-p 0000b000 fe:02 8521894                    /usr/lib/libnss_files-2.26.so
7f55490d6000-7f55490dc000 rw-p 00000000 00:00 0 
7f55490dc000-7f55490e6000 r-xp 00000000 fe:02 8660345                    /usr/lib/jvm/java-8-openjdk/jre/lib/amd64/libinstrument.so
7f55490e6000-7f55492e5000 ---p 0000a000 fe:02 8660345                    /usr/lib/jvm/java-8-openjdk/jre/lib/amd64/libinstrument.so
7f55492e5000-7f55492e6000 r--p 00009000 fe:02 8660345                    /usr/lib/jvm/java-8-openjdk/jre/lib/amd64/libinstrument.so
7f55492e6000-7f55492e7000 rw-p 0000a000 fe:02 8660345                    /usr/lib/jvm/java-8-openjdk/jre/lib/amd64/libinstrument.so
7f55492e7000-7f5549315000 r-xp 00000000 fe:02 8660323                    /usr/lib/jvm/java-8-openjdk/jre/lib/amd64/libjava.so
7f5549315000-7f5549514000 ---p 0002e000 fe:02 8660323                    /usr/lib/jvm/java-8-openjdk/jre/lib/amd64/libjava.so
7f5549514000-7f5549515000 r--p 0002d000 fe:02 8660323                    /usr/lib/jvm/java-8-openjdk/jre/lib/amd64/libjava.so
7f5549515000-7f5549517000 rw-p 0002e000 fe:02 8660323                    /usr/lib/jvm/java-8-openjdk/jre/lib/amd64/libjava.so
7f5549517000-7f5549524000 r-xp 00000000 fe:02 8660300                    /usr/lib/jvm/java-8-openjdk/jre/lib/amd64/libverify.so
7f5549524000-7f5549723000 ---p 0000d000 fe:02 8660300                    /usr/lib/jvm/java-8-openjdk/jre/lib/amd64/libverify.so
7f5549723000-7f5549725000 r--p 0000c000 fe:02 8660300                    /usr/lib/jvm/java-8-openjdk/jre/lib/amd64/libverify.so
7f5549725000-7f5549726000 rw-p 0000e000 fe:02 8660300                    /usr/lib/jvm/java-8-openjdk/jre/lib/amd64/libverify.so
7f5549726000-7f554972d000 r-xp 00000000 fe:02 8521883                    /usr/lib/librt-2.26.so
7f554972d000-7f554992c000 ---p 00007000 fe:02 8521883                    /usr/lib/librt-2.26.so
7f554992c000-7f554992d000 r--p 00006000 fe:02 8521883                    /usr/lib/librt-2.26.so
7f554992d000-7f554992e000 rw-p 00007000 fe:02 8521883                    /usr/lib/librt-2.26.so
7f554992e000-7f5549a79000 r-xp 00000000 fe:02 8521888                    /usr/lib/libm-2.26.so
7f5549a79000-7f5549c78000 ---p 0014b000 fe:02 8521888                    /usr/lib/libm-2.26.so
7f5549c78000-7f5549c79000 r--p 0014a000 fe:02 8521888                    /usr/lib/libm-2.26.so
7f5549c79000-7f5549c7a000 rw-p 0014b000 fe:02 8521888                    /usr/lib/libm-2.26.so
7f5549c7a000-7f554a912000 r-xp 00000000 fe:02 8660352                    /usr/lib/jvm/java-8-openjdk/jre/lib/amd64/server/libjvm.so
7f554a912000-7f554ab11000 ---p 00c98000 fe:02 8660352                    /usr/lib/jvm/java-8-openjdk/jre/lib/amd64/server/libjvm.so
7f554ab11000-7f554aba5000 r--p 00c97000 fe:02 8660352                    /usr/lib/jvm/java-8-openjdk/jre/lib/amd64/server/libjvm.so
7f554aba5000-7f554abcd000 rw-p 00d2b000 fe:02 8660352                    /usr/lib/jvm/java-8-openjdk/jre/lib/amd64/server/libjvm.so
7f554abcd000-7f554abfe000 rw-p 00000000 00:00 0 
7f554abfe000-7f554adac000 r-xp 00000000 fe:02 8521959                    /usr/lib/libc-2.26.so
7f554adac000-7f554afab000 ---p 001ae000 fe:02 8521959                    /usr/lib/libc-2.26.so
7f554afab000-7f554afaf000 r--p 001ad000 fe:02 8521959                    /usr/lib/libc-2.26.so
7f554afaf000-7f554afb1000 rw-p 001b1000 fe:02 8521959                    /usr/lib/libc-2.26.so
7f554afb1000-7f554afb5000 rw-p 00000000 00:00 0 
7f554afb5000-7f554afb8000 r-xp 00000000 fe:02 8521890                    /usr/lib/libdl-2.26.so
7f554afb8000-7f554b1b7000 ---p 00003000 fe:02 8521890                    /usr/lib/libdl-2.26.so
7f554b1b7000-7f554b1b8000 r--p 00002000 fe:02 8521890                    /usr/lib/libdl-2.26.so
7f554b1b8000-7f554b1b9000 rw-p 00003000 fe:02 8521890                    /usr/lib/libdl-2.26.so
7f554b1b9000-7f554b1c7000 r-xp 00000000 fe:02 8660351                    /usr/lib/jvm/java-8-openjdk/jre/lib/amd64/jli/libjli.so
7f554b1c7000-7f554b3c6000 ---p 0000e000 fe:02 8660351                    /usr/lib/jvm/java-8-openjdk/jre/lib/amd64/jli/libjli.so
7f554b3c6000-7f554b3c7000 r--p 0000d000 fe:02 8660351                    /usr/lib/jvm/java-8-openjdk/jre/lib/amd64/jli/libjli.so
7f554b3c7000-7f554b3c8000 rw-p 0000e000 fe:02 8660351                    /usr/lib/jvm/java-8-openjdk/jre/lib/amd64/jli/libjli.so
7f554b3c8000-7f554b3de000 r-xp 00000000 fe:02 8532446                    /usr/lib/libz.so.1.2.11
7f554b3de000-7f554b5dd000 ---p 00016000 fe:02 8532446                    /usr/lib/libz.so.1.2.11
7f554b5dd000-7f554b5de000 r--p 00015000 fe:02 8532446                    /usr/lib/libz.so.1.2.11
7f554b5de000-7f554b5df000 rw-p 00016000 fe:02 8532446                    /usr/lib/libz.so.1.2.11
7f554b5df000-7f554b5f8000 r-xp 00000000 fe:02 8521979                    /usr/lib/libpthread-2.26.so
7f554b5f8000-7f554b7f7000 ---p 00019000 fe:02 8521979                    /usr/lib/libpthread-2.26.so
7f554b7f7000-7f554b7f8000 r--p 00018000 fe:02 8521979                    /usr/lib/libpthread-2.26.so
7f554b7f8000-7f554b7f9000 rw-p 00019000 fe:02 8521979                    /usr/lib/libpthread-2.26.so
7f554b7f9000-7f554b7fd000 rw-p 00000000 00:00 0 
7f554b7fd000-7f554b822000 r-xp 00000000 fe:02 8521960                    /usr/lib/ld-2.26.so
7f554b822000-7f554b823000 r--s 0000c000 fe:02 5640709                    /home/vogel/.gradle/caches/modules-2/files-2.1/org.hamcrest/hamcrest-library/1.3/4785a3c21320980282f9f33d0d1264a69040538f/hamcrest-library-1.3.jar
7f554b823000-7f554b824000 r--s 00004000 fe:02 7084284                    /home/vogel/.gradle/caches/modules-2/files-2.1/com.jcabi/jcabi-matchers/1.3/4a6442cfadc6f2d4e8def087e32c4f9948044aa5/jcabi-matchers-1.3.jar
7f554b824000-7f554b827000 r--s 0000e000 fe:02 9719172                    /home/vogel/.gradle/caches/modules-2/files-2.1/com.fasterxml.jackson.core/jackson-annotations/2.9.0/7c10d545325e3a6e72e06381afe469fd40eb701/jackson-annotations-2.9.0.jar
7f554b827000-7f554b83a000 r--s 00136000 fe:02 8391305                    /home/vogel/.gradle/caches/modules-2/files-2.1/com.fasterxml.jackson.core/jackson-databind/2.9.4/498bbc3b94f566982c7f7c6d4d303fce365529be/jackson-databind-2.9.4.jar
7f554b83a000-7f554b841000 r--s 0004b000 fe:02 5641268                    /home/vogel/.gradle/caches/modules-2/files-2.1/commons-codec/commons-codec/1.11/3acb4705652e16236558f0f4f2192cc33c3bd189/commons-codec-1.11.jar
7f554b841000-7f554b859000 r--s 001d3000 fe:02 4590006                    /home/vogel/.gradle/caches/modules-2/files-2.1/mysql/mysql-connector-java/8.0.8-dmr/2b1c562057c48d99ac71d1dea7c8ccebe1e43812/mysql-connector-java-8.0.8-dmr.jar
7f554b859000-7f554b86c000 r--s 00346000 fe:02 8660279                    /usr/lib/jvm/java-8-openjdk/jre/lib/resources.jar
7f554b86c000-7f554b8ee000 rw-p 00000000 00:00 0 
7f554b8ee000-7f554b8ef000 ---p 00000000 00:00 0 
7f554b8ef000-7f554b8f2000 ---p 00000000 00:00 0 
7f554b8f2000-7f554b9f3000 rw-p 00000000 00:00 0 
7f554b9f3000-7f554b9f7000 r--s 0004b000 fe:02 7870462                    /home/vogel/.gradle/caches/modules-2/files-2.1/com.fasterxml.jackson.core/jackson-core/2.9.4/a9a71ec1aa37da47db168fede9a4a5fb5e374320/jackson-core-2.9.4.jar
7f554b9f7000-7f554b9fa000 r--s 00015000 fe:02 9971708                    /home/vogel/.gradle/caches/modules-2/files-2.1/commons-dbutils/commons-dbutils/1.7/a2d6e515aa87e5d38f6b3003e70b13c1b1f19ca0/commons-dbutils-1.7.jar
7f554b9fa000-7f554b9fd000 r--s 00011000 fe:02 9584974                    /home/vogel/.gradle/caches/modules-2/files-2.1/org.glassfish/javax.json/1.0.2/e8a419fdc37481f2b54c6b711eb36708b70a204b/javax.json-1.0.2.jar
7f554b9fd000-7f554b9fe000 r--s 00004000 fe:02 4589819                    /home/vogel/.gradle/caches/modules-2/files-2.1/javax.json/javax.json-api/1.0/a74939ecbf7294b40accb4048929577f5ddcee2/javax.json-api-1.0.jar
7f554b9fe000-7f554ba00000 r--s 00007000 fe:02 10094437                   /home/vogel/.gradle/caches/modules-2/files-2.1/javax.websocket/javax.websocket-api/1.0/fc843b649d4a1dcb0497669d262befa3918c7ba8/javax.websocket-api-1.0.jar
7f554ba00000-7f554ba03000 r--s 00015000 fe:02 10094435                   /home/vogel/.gradle/caches/modules-2/files-2.1/javax.servlet/javax.servlet-api/3.1.0/3cd63d075497751784b2fa84be59432f4905bf7c/javax.servlet-api-3.1.0.jar
7f554ba03000-7f554ba04000 r--s 00000000 fe:02 8660268                    /usr/lib/jvm/java-8-openjdk/jre/lib/management-agent.jar
7f554ba04000-7f554ba09000 r--s 0009d000 fe:02 8660269                    /usr/lib/jvm/java-8-openjdk/jre/lib/jsse.jar
7f554ba09000-7f554ba0c000 r--s 00015000 fe:02 8660276                    /usr/lib/jvm/java-8-openjdk/jre/lib/jce.jar
7f554ba0c000-7f554ba11000 r--s 002f9000 fe:02 8660277                    /usr/lib/jvm/java-8-openjdk/jre/lib/charsets.jar
7f554ba11000-7f554ba12000 r--s 00008000 fe:02 6691859                    /opt/intellij-idea-ultimate-edition/plugins/junit/lib/junit5-rt.jar
7f554ba12000-7f554ba15000 r--s 0001f000 fe:02 6691861                    /opt/intellij-idea-ultimate-edition/plugins/junit/lib/junit-rt.jar
7f554ba15000-7f554ba17000 r--s 0001a000 fe:02 6032698                    /opt/intellij-idea-ultimate-edition/lib/idea_rt.jar
7f554ba17000-7f554ba1f000 rw-s 00000000 00:29 300134                     /tmp/hsperfdata_vogel/4876
7f554ba1f000-7f554ba20000 rw-p 00000000 00:00 0 
7f554ba20000-7f554ba21000 ---p 00000000 00:00 0 
7f554ba21000-7f554ba22000 r--p 00024000 fe:02 8521960                    /usr/lib/ld-2.26.so
7f554ba22000-7f554ba23000 rw-p 00025000 fe:02 8521960                    /usr/lib/ld-2.26.so
7f554ba23000-7f554ba24000 rw-p 00000000 00:00 0 
7ffd544f9000-7ffd5451b000 rw-p 00000000 00:00 0                          [stack]
7ffd545b0000-7ffd545b3000 r--p 00000000 00:00 0                          [vvar]
7ffd545b3000-7ffd545b5000 r-xp 00000000 00:00 0                          [vdso]

VM Arguments:
jvm_args: -ea -Didea.test.cyclic.buffer.size=1048576 -javaagent:/opt/intellij-idea-ultimate-edition/lib/idea_rt.jar=38019:/opt/intellij-idea-ultimate-edition/bin -Dfile.encoding=UTF-8 
java_command: com.intellij.rt.execution.junit.JUnitStarter -ideVersion5 -junit4 org.pispeb.treff_server.commands.CommandTestSuite
java_class_path (initial): /opt/intellij-idea-ultimate-edition/lib/idea_rt.jar:/opt/intellij-idea-ultimate-edition/plugins/junit/lib/junit-rt.jar:/opt/intellij-idea-ultimate-edition/plugins/junit/lib/junit5-rt.jar:/usr/lib/jvm/default-runtime/jre/lib/charsets.jar:/usr/lib/jvm/default-runtime/jre/lib/ext/cldrdata.jar:/usr/lib/jvm/default-runtime/jre/lib/ext/dnsns.jar:/usr/lib/jvm/default-runtime/jre/lib/ext/jaccess.jar:/usr/lib/jvm/default-runtime/jre/lib/ext/localedata.jar:/usr/lib/jvm/default-runtime/jre/lib/ext/nashorn.jar:/usr/lib/jvm/default-runtime/jre/lib/ext/sunec.jar:/usr/lib/jvm/default-runtime/jre/lib/ext/sunjce_provider.jar:/usr/lib/jvm/default-runtime/jre/lib/ext/sunpkcs11.jar:/usr/lib/jvm/default-runtime/jre/lib/ext/zipfs.jar:/usr/lib/jvm/default-runtime/jre/lib/jce.jar:/usr/lib/jvm/default-runtime/jre/lib/jsse.jar:/usr/lib/jvm/default-runtime/jre/lib/management-agent.jar:/usr/lib/jvm/default-runtime/jre/lib/resources.jar:/usr/lib/jvm/default-runtime/jre/lib/rt.jar:/home/vogel/Documents/pse/PSE/server/treff_server/out/test/classes:/home/vogel/Documents/pse/PSE/server/treff_server/out/production/classes:/home/vogel/Documents/pse/PSE/server/treff_server/out/production/resources:/home/vogel/.gradle/caches/modules-2/files-2.1/javax.servlet/javax.servlet-api/3.1.0/3cd63d075497751784b2fa84be59432f4905bf7c/javax.servlet-api-3.1.0.jar:/home/vogel/.gradle/caches/modules-2/files-2.1/javax.websocket/javax.websocket-api/1.0/fc843b649d4a1dcb0497669d262befa3918c7ba8/javax.websocket-api-1.0.jar:/home/vogel/.gradle/caches/modules-2/files-2.1/javax.json/javax.json-api/1.0/a74939ecbf7294b40accb4048929577f5ddcee2/javax.json-api-1.0.jar:/home/vogel/.gradle/caches/modules-2/files-2.1/org.glassfish/javax.json/1.0.2/e8a419fdc37481f2b54c6b711eb36708b70a204b/javax.json-1.0.2.jar:/home/vogel/.gradle/caches/modules-2/files-2.1/mysql/mysql-connector-java/8.0.8-dmr/2b1c562057c48d99ac71d1dea7c8ccebe1e43812/mysql-connector-java-8.0.8-dmr.jar:/home/vogel/.gradle/caches/modules-2/fil
Launcher Type: SUN_STANDARD

Environment Variables:
PATH=/usr/local/bin:/usr/local/sbin:/usr/bin:/usr/lib/jvm/default/bin:/usr/bin/site_perl:/usr/bin/vendor_perl:/usr/bin/core_perl:/opt/staruml/
USERNAME=vogel
SHELL=/bin/bash
DISPLAY=:0

Signal Handlers:
SIGSEGV: [libjvm.so+0xa9e370], sa_mask[0]=11111111011111111101111111111110, sa_flags=SA_RESTART|SA_SIGINFO
SIGBUS: [libjvm.so+0xa9e370], sa_mask[0]=11111111011111111101111111111110, sa_flags=SA_RESTART|SA_SIGINFO
SIGFPE: [libjvm.so+0x8d66a0], sa_mask[0]=11111111011111111101111111111110, sa_flags=SA_RESTART|SA_SIGINFO
SIGPIPE: [libjvm.so+0x8d66a0], sa_mask[0]=11111111011111111101111111111110, sa_flags=SA_RESTART|SA_SIGINFO
SIGXFSZ: [libjvm.so+0x8d66a0], sa_mask[0]=11111111011111111101111111111110, sa_flags=SA_RESTART|SA_SIGINFO
SIGILL: [libjvm.so+0x8d66a0], sa_mask[0]=11111111011111111101111111111110, sa_flags=SA_RESTART|SA_SIGINFO
SIGUSR1: SIG_DFL, sa_mask[0]=00000000000000000000000000000000, sa_flags=none
SIGUSR2: [libjvm.so+0x8d6550], sa_mask[0]=00100000000000000000000000000000, sa_flags=SA_RESTART|SA_SIGINFO
SIGHUP: [libjvm.so+0x8d6a00], sa_mask[0]=11111111011111111101111111111110, sa_flags=SA_RESTART|SA_SIGINFO
SIGINT: [libjvm.so+0x8d6a00], sa_mask[0]=11111111011111111101111111111110, sa_flags=SA_RESTART|SA_SIGINFO
SIGTERM: [libjvm.so+0x8d6a00], sa_mask[0]=11111111011111111101111111111110, sa_flags=SA_RESTART|SA_SIGINFO
SIGQUIT: [libjvm.so+0x8d6a00], sa_mask[0]=11111111011111111101111111111110, sa_flags=SA_RESTART|SA_SIGINFO


---------------  S Y S T E M  ---------------

OS:NAME="Arch Linux"
PRETTY_NAME="Arch Linux"
ID=arch
ID_LIKE=archlinux
ANSI_COLOR="0;36"
HOME_URL="https://www.archlinux.org/"
SUPPORT_URL="https://bbs.archlinux.org/"
BUG_REPORT_URL="https://bugs.archlinux.org/"

uname:Linux 4.15.6-1-ARCH #1 SMP PREEMPT Sun Feb 25 12:53:23 UTC 2018 x86_64
libc:glibc 2.26 NPTL 2.26 
rlimit: STACK 8192k, CORE infinity, NPROC 30906, NOFILE 4096, AS infinity
load average:1.43 0.97 0.85

/proc/meminfo:
MemTotal:        8076180 kB
MemFree:         2961680 kB
MemAvailable:    4753920 kB
Buffers:           83680 kB
Cached:          2373380 kB
SwapCached:            0 kB
Active:          3116712 kB
Inactive:        1707300 kB
Active(anon):    2495172 kB
Inactive(anon):   371884 kB
Active(file):     621540 kB
Inactive(file):  1335416 kB
Unevictable:           0 kB
Mlocked:               0 kB
SwapTotal:       8388604 kB
SwapFree:        8388604 kB
Dirty:              3344 kB
Writeback:             0 kB
AnonPages:       2367028 kB
Mapped:           314856 kB
Shmem:            500108 kB
Slab:             159544 kB
SReclaimable:     119420 kB
SUnreclaim:        40124 kB
KernelStack:       10864 kB
PageTables:        40344 kB
NFS_Unstable:          0 kB
Bounce:                0 kB
WritebackTmp:          0 kB
CommitLimit:    12426692 kB
Committed_AS:    7159156 kB
VmallocTotal:   34359738367 kB
VmallocUsed:           0 kB
VmallocChunk:          0 kB
HardwareCorrupted:     0 kB
AnonHugePages:         0 kB
ShmemHugePages:        0 kB
ShmemPmdMapped:        0 kB
HugePages_Total:       0
HugePages_Free:        0
HugePages_Rsvd:        0
HugePages_Surp:        0
Hugepagesize:       2048 kB
DirectMap4k:      184944 kB
DirectMap2M:     8108032 kB


CPU:total 4 (initial active 4) (2 cores per cpu, 2 threads per core) family 6 model 58 stepping 9, cmov, cx8, fxsr, mmx, sse, sse2, sse3, ssse3, sse4.1, sse4.2, popcnt, avx, aes, clmul, erms, ht, tsc, tscinvbit, tscinv

/proc/cpuinfo:
processor	: 0
vendor_id	: GenuineIntel
cpu family	: 6
model		: 58
model name	: Intel(R) Core(TM) i5-3210M CPU @ 2.50GHz
stepping	: 9
microcode	: 0x15
cpu MHz		: 2893.426
cache size	: 3072 KB
physical id	: 0
siblings	: 4
core id		: 0
cpu cores	: 2
apicid		: 0
initial apicid	: 0
fpu		: yes
fpu_exception	: yes
cpuid level	: 13
wp		: yes
flags		: fpu vme de pse tsc msr pae mce cx8 apic sep mtrr pge mca cmov pat pse36 clflush dts acpi mmx fxsr sse sse2 ss ht tm pbe syscall nx rdtscp lm constant_tsc arch_perfmon pebs bts rep_good nopl xtopology nonstop_tsc cpuid aperfmperf pni pclmulqdq dtes64 monitor ds_cpl vmx est tm2 ssse3 cx16 xtpr pdcm pcid sse4_1 sse4_2 x2apic popcnt tsc_deadline_timer aes xsave avx f16c rdrand lahf_lm cpuid_fault pti tpr_shadow vnmi flexpriority ept vpid fsgsbase smep erms xsaveopt dtherm ida arat pln pts
bugs		: cpu_meltdown spectre_v1 spectre_v2
bogomips	: 4988.66
clflush size	: 64
cache_alignment	: 64
address sizes	: 36 bits physical, 48 bits virtual
power management:

processor	: 1
vendor_id	: GenuineIntel
cpu family	: 6
model		: 58
model name	: Intel(R) Core(TM) i5-3210M CPU @ 2.50GHz
stepping	: 9
microcode	: 0x15
cpu MHz		: 2893.426
cache size	: 3072 KB
physical id	: 0
siblings	: 4
core id		: 1
cpu cores	: 2
apicid		: 2
initial apicid	: 2
fpu		: yes
fpu_exception	: yes
cpuid level	: 13
wp		: yes
flags		: fpu vme de pse tsc msr pae mce cx8 apic sep mtrr pge mca cmov pat pse36 clflush dts acpi mmx fxsr sse sse2 ss ht tm pbe syscall nx rdtscp lm constant_tsc arch_perfmon pebs bts rep_good nopl xtopology nonstop_tsc cpuid aperfmperf pni pclmulqdq dtes64 monitor ds_cpl vmx est tm2 ssse3 cx16 xtpr pdcm pcid sse4_1 sse4_2 x2apic popcnt tsc_deadline_timer aes xsave avx f16c rdrand lahf_lm cpuid_fault pti tpr_shadow vnmi flexpriority ept vpid fsgsbase smep erms xsaveopt dtherm ida arat pln pts
bugs		: cpu_meltdown spectre_v1 spectre_v2
bogomips	: 4988.66
clflush size	: 64
cache_alignment	: 64
address sizes	: 36 bits physical, 48 bits virtual
power management:

processor	: 2
vendor_id	: GenuineIntel
cpu family	: 6
model		: 58
model name	: Intel(R) Core(TM) i5-3210M CPU @ 2.50GHz
stepping	: 9
microcode	: 0x15
cpu MHz		: 2893.425
cache size	: 3072 KB
physical id	: 0
siblings	: 4
core id		: 0
cpu cores	: 2
apicid		: 1
initial apicid	: 1
fpu		: yes
fpu_exception	: yes
cpuid level	: 13
wp		: yes
flags		: fpu vme de pse tsc msr pae mce cx8 apic sep mtrr pge mca cmov pat pse36 clflush dts acpi mmx fxsr sse sse2 ss ht tm pbe syscall nx rdtscp lm constant_tsc arch_perfmon pebs bts rep_good nopl xtopology nonstop_tsc cpuid aperfmperf pni pclmulqdq dtes64 monitor ds_cpl vmx est tm2 ssse3 cx16 xtpr pdcm pcid sse4_1 sse4_2 x2apic popcnt tsc_deadline_timer aes xsave avx f16c rdrand lahf_lm cpuid_fault pti tpr_shadow vnmi flexpriority ept vpid fsgsbase smep erms xsaveopt dtherm ida arat pln pts
bugs		: cpu_meltdown spectre_v1 spectre_v2
bogomips	: 4988.66
clflush size	: 64
cache_alignment	: 64
address sizes	: 36 bits physical, 48 bits virtual
power management:

processor	: 3
vendor_id	: GenuineIntel
cpu family	: 6
model		: 58
model name	: Intel(R) Core(TM) i5-3210M CPU @ 2.50GHz
stepping	: 9
microcode	: 0x15
cpu MHz		: 2893.402
cache size	: 3072 KB
physical id	: 0
siblings	: 4
core id		: 1
cpu cores	: 2
apicid		: 3
initial apicid	: 3
fpu		: yes
fpu_exception	: yes
cpuid level	: 13
wp		: yes
flags		: fpu vme de pse tsc msr pae mce cx8 apic sep mtrr pge mca cmov pat pse36 clflush dts acpi mmx fxsr sse sse2 ss ht tm pbe syscall nx rdtscp lm constant_tsc arch_perfmon pebs bts rep_good nopl xtopology nonstop_tsc cpuid aperfmperf pni pclmulqdq dtes64 monitor ds_cpl vmx est tm2 ssse3 cx16 xtpr pdcm pcid sse4_1 sse4_2 x2apic popcnt tsc_deadline_timer aes xsave avx f16c rdrand lahf_lm cpuid_fault pti tpr_shadow vnmi flexpriority ept vpid fsgsbase smep erms xsaveopt dtherm ida arat pln pts
bugs		: cpu_meltdown spectre_v1 spectre_v2
bogomips	: 4988.66
clflush size	: 64
cache_alignment	: 64
address sizes	: 36 bits physical, 48 bits virtual
power management:



Memory: 4k page, physical 8076180k(2961308k free), swap 8388604k(8388604k free)

vm_info: OpenJDK 64-Bit Server VM (25.162-b12) for linux-amd64 JRE (1.8.0_162-b12), built on Feb 27 2018 12:14:51 by "builduser" with gcc 7.3.0

time: Sat Mar  3 00:34:46 2018
elapsed time: 17 seconds (0d 0h 0m 17s)

