#
# A fatal error has been detected by the Java Runtime Environment:
#
#  SIGSEGV (0xb) at pc=0x00007f08a16223b8, pid=10657, tid=0x00007f08a0197700
#
# JRE version: OpenJDK Runtime Environment (8.0_162-b12) (build 1.8.0_162-b12)
# Java VM: OpenJDK 64-Bit Server VM (25.162-b12 mixed mode linux-amd64 compressed oops)
# Problematic frame:
# V  [libjvm.so+0x6b73b8]
#
# Core dump written. Default location: /home/vogel/Documents/pse/PSE/server/treff_server/core or core.10657
#
# If you would like to submit a bug report, please visit:
#   http://bugreport.java.com/bugreport/crash.jsp
#

---------------  T H R E A D  ---------------

Current thread (0x00007f089c026000):  GCTaskThread [stack: 0x00007f08a0098000,0x00007f08a0198000] [id=10659]

siginfo: si_signo: 11 (SIGSEGV), si_code: 1 (SEGV_MAPERR), si_addr: 0x0000000000000100

Registers:
RAX=0x0000000000000000, RBX=0x00007f08a0196d30, RCX=0x00007f08a0196d50, RDX=0x0000000000000000
RSP=0x00007f08a0196670, RBP=0x00007f08a01966a0, RSI=0x00007f08a0196d30, RDI=0x0000000000000000
R8 =0x0000000000000009, R9 =0x0000000000000003, R10=0x00000000d932416d, R11=0x00000000d9324130
R12=0x0000000000000000, R13=0x0000000000000000, R14=0x0000000000000000, R15=0x00007f08a0196d30
RIP=0x00007f08a16223b8, EFLAGS=0x0000000000010202, CSGSFS=0x002b000000000033, ERR=0x0000000000000004
  TRAPNO=0x000000000000000e

Top of Stack: (sp=0x00007f08a0196670)
0x00007f08a0196670:   0000000000000000 00007f08a0196d30
0x00007f08a0196680:   00007f0830006800 00007f089c054c00
0x00007f08a0196690:   0000000000000000 00007f08a0196d50
0x00007f08a01966a0:   00007f08a0196d20 00007f08a19a1ea8
0x00007f08a01966b0:   00007f089c026000 00007f08a01966c0
0x00007f08a01966c0:   00007f08a2cde998 00007f088c83f4e7
0x00007f08a01966d0:   00007f088c83f3d0 0000000000000000
0x00007f08a01966e0:   00007f08a2cdea30 00007f08a2cde9c8
0x00007f08a01966f0:   00007f08a2cde998 00007f088c83f4e7
0x00007f08a0196700:   00007f088c83f3d0 0000000000000000
0x00007f08a0196710:   00007f08a2cdea30 00007f08a2cde9c8
0x00007f08a0196720:   0000000000000000 0000000000000000
0x00007f08a0196730:   0000000000000000 0000000000000000
0x00007f08a0196740:   0000000000000000 0000000000000000
0x00007f08a0196750:   0000000000000000 0000000000000000
0x00007f08a0196760:   0000000000000000 0000000000000000
0x00007f08a0196770:   00007f08a2cde988 00007f08a2cde988
0x00007f08a0196780:   0000000000000000 0000000000000000
0x00007f08a0196790:   0000000000000000 0000000000000000
0x00007f08a01967a0:   0000000000000000 0000000000000000
0x00007f08a01967b0:   0000000000000000 0000000000000000
0x00007f08a01967c0:   0000000000000000 0000000000000000
0x00007f08a01967d0:   0000000000000000 0000000000000000
0x00007f08a01967e0:   0000000000000000 0000000000000000
0x00007f08a01967f0:   0000000000000000 0000000000000000
0x00007f08a0196800:   0000000000000000 0000000000000000
0x00007f08a0196810:   0000000000000000 0000000000000000
0x00007f08a0196820:   0000000000000000 0000000000000000
0x00007f08a0196830:   0000000000000000 0000000000000000
0x00007f08a0196840:   0000000000000000 0000000000000000
0x00007f08a0196850:   0000000000000000 0000000000000000
0x00007f08a0196860:   0000000000000000 0000000000000000 

Instructions: (pc=0x00007f08a16223b8)
0x00007f08a1622398:   41 55 41 54 49 89 fd 53 49 89 f7 48 83 ec 08 66
0x00007f08a16223a8:   0f 1f 84 00 00 00 00 00 4d 89 ec 0f 1f 44 00 00
0x00007f08a16223b8:   41 8b b4 24 00 01 00 00 85 f6 7e 68 4d 8d 74 24
0x00007f08a16223c8:   f8 bb 01 00 00 00 66 90 49 8b 44 dc f8 48 85 c0 

Register to memory mapping:

RAX=0x0000000000000000 is an unknown value
RBX=0x00007f08a0196d30 is an unknown value
RCX=0x00007f08a0196d50 is an unknown value
RDX=0x0000000000000000 is an unknown value
RSP=0x00007f08a0196670 is an unknown value
RBP=0x00007f08a01966a0 is an unknown value
RSI=0x00007f08a0196d30 is an unknown value
RDI=0x0000000000000000 is an unknown value
R8 =0x0000000000000009 is an unknown value
R9 =0x0000000000000003 is an unknown value
R10=0x00000000d932416d is an unknown value
R11=0x00000000d9324130 is an oop
sun.instrument.TransformerManager 
 - klass: 'sun/instrument/TransformerManager'
R12=0x0000000000000000 is an unknown value
R13=0x0000000000000000 is an unknown value
R14=0x0000000000000000 is an unknown value
R15=0x00007f08a0196d30 is an unknown value


Stack: [0x00007f08a0098000,0x00007f08a0198000],  sp=0x00007f08a0196670,  free space=1017k
Native frames: (J=compiled Java code, j=interpreted, Vv=VM code, C=native code)
V  [libjvm.so+0x6b73b8]
V  [libjvm.so+0xa36ea8]
V  [libjvm.so+0x953b46]
V  [libjvm.so+0x5b3b86]
V  [libjvm.so+0x8d8432]


---------------  P R O C E S S  ---------------

Java Threads: ( => current thread )
  0x00007f0830006800 JavaThread "Exec Stream Pumper" daemon [_thread_blocked, id=10840, stack(0x00007f0888605000,0x00007f0888706000)]
  0x00007f0830005000 JavaThread "Exec Stream Pumper" daemon [_thread_blocked, id=10839, stack(0x00007f0888706000,0x00007f0888807000)]
  0x00007f0830003000 JavaThread "Exec Stream Pumper" daemon [_thread_blocked, id=10838, stack(0x00007f0888807000,0x00007f0888908000)]
  0x00007f0830002000 JavaThread "process reaper" daemon [_thread_in_native, id=10837, stack(0x00007f0888f22000,0x00007f0888f5b000)]
  0x00007f089c36e000 JavaThread "Exec Default Executor" [_thread_blocked, id=10835, stack(0x00007f0888908000,0x00007f0888a09000)]
  0x00007f0840049000 JavaThread "Exec Stream Pumper" daemon [_thread_in_native, id=10808, stack(0x00007f0888a09000,0x00007f0888b0a000)]
  0x00007f0840048800 JavaThread "Exec Stream Pumper" daemon [_thread_in_native, id=10807, stack(0x00007f0888b0a000,0x00007f0888c0b000)]
  0x00007f089c64c800 JavaThread "Exec Default Executor" [_thread_blocked, id=10805, stack(0x00007f0888c0b000,0x00007f0888d0c000)]
  0x00007f0840040800 JavaThread "process reaper" daemon [_thread_in_native, id=10685, stack(0x00007f0888f5b000,0x00007f0888f94000)]
  0x00007f089c381000 JavaThread "Service Thread" daemon [_thread_blocked, id=10675, stack(0x00007f0889095000,0x00007f0889196000)]
  0x00007f089c363800 JavaThread "C1 CompilerThread2" daemon [_thread_blocked, id=10674, stack(0x00007f0889197000,0x00007f0889297000)]
  0x00007f089c35d000 JavaThread "C2 CompilerThread1" daemon [_thread_blocked, id=10673, stack(0x00007f0889298000,0x00007f0889398000)]
  0x00007f089c35a800 JavaThread "C2 CompilerThread0" daemon [_thread_blocked, id=10672, stack(0x00007f0889399000,0x00007f0889499000)]
  0x00007f0860001000 JavaThread "JDWP Command Reader" daemon [_thread_in_native, id=10669, stack(0x00007f08894fd000,0x00007f08895fe000)]
  0x00007f089c194000 JavaThread "JDWP Event Helper Thread" daemon [_thread_blocked, id=10668, stack(0x00007f08895fe000,0x00007f08896ff000)]
  0x00007f089c190800 JavaThread "JDWP Transport Listener: dt_socket" daemon [_thread_blocked, id=10667, stack(0x00007f08896ff000,0x00007f0889800000)]
  0x00007f089c183000 JavaThread "Signal Dispatcher" daemon [_thread_blocked, id=10666, stack(0x00007f0889a05000,0x00007f0889b06000)]
  0x00007f089c151800 JavaThread "Finalizer" daemon [_thread_blocked, id=10665, stack(0x00007f0889b06000,0x00007f0889c07000)]
  0x00007f089c14d000 JavaThread "Reference Handler" daemon [_thread_blocked, id=10664, stack(0x00007f0889c07000,0x00007f0889d08000)]
  0x00007f089c011000 JavaThread "main" [_thread_blocked, id=10658, stack(0x00007f08a2be0000,0x00007f08a2ce0000)]

Other Threads:
  0x00007f089c145000 VMThread [stack: 0x00007f0889d09000,0x00007f0889e09000] [id=10663]
  0x00007f089c383800 WatcherThread [stack: 0x00007f0888f95000,0x00007f0889095000] [id=10676]

=>0x00007f089c026000 (exited) GCTaskThread [stack: 0x00007f08a0098000,0x00007f08a0198000] [id=10659]

VM state:at safepoint (normal execution)

VM Mutex/Monitor currently owned by a thread:  ([mutex/lock_event])
[0x00007f089c00e540] Threads_lock - owner thread: 0x00007f089c145000
[0x00007f089c00ea40] Heap_lock - owner thread: 0x00007f0830005000

Heap:
 PSYoungGen      total 36864K, used 35879K [0x00000000d6f00000, 0x00000000d9800000, 0x0000000100000000)
  eden space 31744K, 100% used [0x00000000d6f00000,0x00000000d8e00000,0x00000000d8e00000)
  from space 5120K, 80% used [0x00000000d8e00000,0x00000000d9209ef0,0x00000000d9300000)
  to   space 5120K, 21% used [0x00000000d9300000,0x00000000d9410000,0x00000000d9800000)
 ParOldGen       total 84992K, used 16K [0x0000000084c00000, 0x0000000089f00000, 0x00000000d6f00000)
  object space 84992K, 0% used [0x0000000084c00000,0x0000000084c04000,0x0000000089f00000)
 Metaspace       used 10832K, capacity 11028K, committed 11264K, reserved 1058816K
  class space    used 1142K, capacity 1220K, committed 1280K, reserved 1048576K

Card table byte_map: [0x00007f088c0a4000,0x00007f088c47f000] byte_map_base: 0x00007f088bc7e000

Marking Bits: (ParMarkBitMap*) 0x00007f08a1ed20c0
 Begin Bits: [0x00007f0880260000, 0x00007f0882130000)
 End Bits:   [0x00007f0882130000, 0x00007f0884000000)

Polling page: 0x00007f08a2d11000

CodeCache: size=245760Kb used=3301Kb max_used=3304Kb free=242458Kb
 bounds [0x00007f088c83f000, 0x00007f088cb7f000, 0x00007f089b83f000]
 total_blobs=1125 nmethods=810 adapters=238
 compilation: enabled

Compilation events (10 events):
Event: 12.835 Thread 0x00007f089c363800  807       3       org.apache.commons.exec.LogOutputStream::write (119 bytes)
Event: 12.836 Thread 0x00007f089c363800 nmethod 807 0x00007f088cb76690 code [0x00007f088cb76840, 0x00007f088cb76e78]
Event: 13.031 Thread 0x00007f089c35d000  808       4       java.util.LinkedList$ListItr::hasNext (20 bytes)
Event: 13.033 Thread 0x00007f089c35d000 nmethod 808 0x00007f088cb79ed0 code [0x00007f088cb7a020, 0x00007f088cb7a0d8]
Event: 13.083 Thread 0x00007f089c363800  809       3       java.lang.ProcessEnvironment$ExternalData::<init> (15 bytes)
Event: 13.083 Thread 0x00007f089c363800 nmethod 809 0x00007f088cb79ad0 code [0x00007f088cb79c40, 0x00007f088cb79e10]
Event: 13.083 Thread 0x00007f089c363800  810       3       java.lang.String::getBytes (14 bytes)
Event: 13.084 Thread 0x00007f089c363800 nmethod 810 0x00007f088cb79710 code [0x00007f088cb79880, 0x00007f088cb79a28]
Event: 13.084 Thread 0x00007f089c363800  811   !   3       java.lang.StringCoding::encode (64 bytes)
Event: 13.087 Thread 0x00007f089c363800 nmethod 811 0x00007f088cb78090 code [0x00007f088cb78300, 0x00007f088cb79008]

GC Heap History (3 events):
Event: 1.168 GC heap before
{Heap before GC invocations=1 (full 0):
 PSYoungGen      total 36864K, used 31744K [0x00000000d6f00000, 0x00000000d9800000, 0x0000000100000000)
  eden space 31744K, 100% used [0x00000000d6f00000,0x00000000d8e00000,0x00000000d8e00000)
  from space 5120K, 0% used [0x00000000d9300000,0x00000000d9300000,0x00000000d9800000)
  to   space 5120K, 0% used [0x00000000d8e00000,0x00000000d8e00000,0x00000000d9300000)
 ParOldGen       total 84992K, used 0K [0x0000000084c00000, 0x0000000089f00000, 0x00000000d6f00000)
  object space 84992K, 0% used [0x0000000084c00000,0x0000000084c00000,0x0000000089f00000)
 Metaspace       used 7813K, capacity 7926K, committed 8064K, reserved 1056768K
  class space    used 820K, capacity 849K, committed 896K, reserved 1048576K
Event: 1.174 GC heap after
Heap after GC invocations=1 (full 0):
 PSYoungGen      total 36864K, used 4135K [0x00000000d6f00000, 0x00000000d9800000, 0x0000000100000000)
  eden space 31744K, 0% used [0x00000000d6f00000,0x00000000d6f00000,0x00000000d8e00000)
  from space 5120K, 80% used [0x00000000d8e00000,0x00000000d9209ef0,0x00000000d9300000)
  to   space 5120K, 0% used [0x00000000d9300000,0x00000000d9300000,0x00000000d9800000)
 ParOldGen       total 84992K, used 8K [0x0000000084c00000, 0x0000000089f00000, 0x00000000d6f00000)
  object space 84992K, 0% used [0x0000000084c00000,0x0000000084c02000,0x0000000089f00000)
 Metaspace       used 7813K, capacity 7926K, committed 8064K, reserved 1056768K
  class space    used 820K, capacity 849K, committed 896K, reserved 1048576K
}
Event: 13.087 GC heap before
{Heap before GC invocations=2 (full 0):
 PSYoungGen      total 36864K, used 35879K [0x00000000d6f00000, 0x00000000d9800000, 0x0000000100000000)
  eden space 31744K, 100% used [0x00000000d6f00000,0x00000000d8e00000,0x00000000d8e00000)
  from space 5120K, 80% used [0x00000000d8e00000,0x00000000d9209ef0,0x00000000d9300000)
  to   space 5120K, 0% used [0x00000000d9300000,0x00000000d9300000,0x00000000d9800000)
 ParOldGen       total 84992K, used 8K [0x0000000084c00000, 0x0000000089f00000, 0x00000000d6f00000)
  object space 84992K, 0% used [0x0000000084c00000,0x0000000084c02000,0x0000000089f00000)
 Metaspace       used 10832K, capacity 11028K, committed 11264K, reserved 1058816K
  class space    used 1142K, capacity 1220K, committed 1280K, reserved 1048576K

Deoptimization events (5 events):
Event: 1.320 Thread 0x00007f089c011000 Uncommon trap: reason=unstable_if action=reinterpret pc=0x00007f088c9cab10 method=java.lang.String.indexOf([CII[CIII)I @ 3
Event: 5.221 Thread 0x00007f0840049000 Uncommon trap: reason=class_check action=maybe_recompile pc=0x00007f088cad043c method=java.io.FilterInputStream.read([B)I @ 5
Event: 5.221 Thread 0x00007f084004a000 Uncommon trap: reason=class_check action=maybe_recompile pc=0x00007f088cad043c method=java.io.FilterInputStream.read([B)I @ 5
Event: 5.248 Thread 0x00007f0840049000 Uncommon trap: reason=class_check action=maybe_recompile pc=0x00007f088cad043c method=java.io.FilterInputStream.read([B)I @ 5
Event: 5.356 Thread 0x00007f084004a000 Uncommon trap: reason=class_check action=maybe_recompile pc=0x00007f088cad043c method=java.io.FilterInputStream.read([B)I @ 5

Classes redefined (0 events):
No events

Internal exceptions (10 events):
Event: 0.517 Thread 0x00007f089c011000 Exception <a 'java/security/PrivilegedActionException'> (0x00000000d73ca0b0) thrown at [/build/java8-openjdk/src/jdk8u-jdk8u162-b12/hotspot/src/share/vm/prims/jvm.cpp, line 1390]
Event: 0.517 Thread 0x00007f089c011000 Exception <a 'java/security/PrivilegedActionException'> (0x00000000d73ca2c0) thrown at [/build/java8-openjdk/src/jdk8u-jdk8u162-b12/hotspot/src/share/vm/prims/jvm.cpp, line 1390]
Event: 0.518 Thread 0x00007f089c011000 Exception <a 'java/security/PrivilegedActionException'> (0x00000000d73cc160) thrown at [/build/java8-openjdk/src/jdk8u-jdk8u162-b12/hotspot/src/share/vm/prims/jvm.cpp, line 1390]
Event: 0.518 Thread 0x00007f089c011000 Exception <a 'java/security/PrivilegedActionException'> (0x00000000d73cc370) thrown at [/build/java8-openjdk/src/jdk8u-jdk8u162-b12/hotspot/src/share/vm/prims/jvm.cpp, line 1390]
Event: 0.518 Thread 0x00007f089c011000 Exception <a 'java/security/PrivilegedActionException'> (0x00000000d73ccdd0) thrown at [/build/java8-openjdk/src/jdk8u-jdk8u162-b12/hotspot/src/share/vm/prims/jvm.cpp, line 1390]
Event: 0.518 Thread 0x00007f089c011000 Exception <a 'java/security/PrivilegedActionException'> (0x00000000d73ccfe0) thrown at [/build/java8-openjdk/src/jdk8u-jdk8u162-b12/hotspot/src/share/vm/prims/jvm.cpp, line 1390]
Event: 1.243 Thread 0x00007f089c011000 Exception <a 'java/lang/NoClassDefFoundError': org/slf4j/impl/StaticLoggerBinder> (0x00000000d748afb0) thrown at [/build/java8-openjdk/src/jdk8u-jdk8u162-b12/hotspot/src/share/vm/classfile/systemDictionary.cpp, line 199]
Event: 1.311 Thread 0x00007f089c011000 Exception <a 'java/lang/NoClassDefFoundError': org/apache/log4j/Priority> (0x00000000d76dce48) thrown at [/build/java8-openjdk/src/jdk8u-jdk8u162-b12/hotspot/src/share/vm/classfile/systemDictionary.cpp, line 199]
Event: 5.159 Thread 0x00007f089c64c800 Exception <a 'java/lang/NoSuchFieldError': method resolution failed> (0x00000000d89124d8) thrown at [/build/java8-openjdk/src/jdk8u-jdk8u162-b12/hotspot/src/share/vm/prims/methodHandles.cpp, line 1167]
Event: 5.162 Thread 0x00007f089c64c800 Exception <a 'java/lang/NoSuchFieldError': method resolution failed> (0x00000000d8920b18) thrown at [/build/java8-openjdk/src/jdk8u-jdk8u162-b12/hotspot/src/share/vm/prims/methodHandles.cpp, line 1167]

Events (10 events):
Event: 13.082 Thread 0x00007f089c36e000 Thread added: 0x00007f089c36e000
Event: 13.082 Executing VM operation: RevokeBias
Event: 13.082 Executing VM operation: RevokeBias done
Event: 13.084 Executing VM operation: RevokeBias
Event: 13.084 Executing VM operation: RevokeBias done
Event: 13.084 Thread 0x00007f0830002000 Thread added: 0x00007f0830002000
Event: 13.085 Thread 0x00007f0830003000 Thread added: 0x00007f0830003000
Event: 13.085 Thread 0x00007f0830005000 Thread added: 0x00007f0830005000
Event: 13.086 Executing VM operation: ParallelGCFailedAllocation
Event: 13.087 Thread 0x00007f0830006800 Thread added: 0x00007f0830006800


Dynamic libraries:
84c00000-89f00000 rw-p 00000000 00:00 0 
89f00000-d6f00000 ---p 00000000 00:00 0 
d6f00000-d9800000 rw-p 00000000 00:00 0 
d9800000-100000000 ---p 00000000 00:00 0 
100000000-100140000 rw-p 00000000 00:00 0 
100140000-140000000 ---p 00000000 00:00 0 
5566b3a01000-5566b3a02000 r-xp 00000000 fe:02 8660245                    /usr/lib/jvm/java-8-openjdk/jre/bin/java
5566b3c01000-5566b3c02000 r--p 00000000 fe:02 8660245                    /usr/lib/jvm/java-8-openjdk/jre/bin/java
5566b3c02000-5566b3c03000 rw-p 00001000 fe:02 8660245                    /usr/lib/jvm/java-8-openjdk/jre/bin/java
5566b4c0a000-5566b4c2b000 rw-p 00000000 00:00 0                          [heap]
7f081c000000-7f081c021000 rw-p 00000000 00:00 0 
7f081c021000-7f0820000000 ---p 00000000 00:00 0 
7f0820000000-7f0820021000 rw-p 00000000 00:00 0 
7f0820021000-7f0824000000 ---p 00000000 00:00 0 
7f0824000000-7f0824021000 rw-p 00000000 00:00 0 
7f0824021000-7f0828000000 ---p 00000000 00:00 0 
7f0828000000-7f0828021000 rw-p 00000000 00:00 0 
7f0828021000-7f082c000000 ---p 00000000 00:00 0 
7f082c000000-7f082c021000 rw-p 00000000 00:00 0 
7f082c021000-7f0830000000 ---p 00000000 00:00 0 
7f0830000000-7f0830021000 rw-p 00000000 00:00 0 
7f0830021000-7f0834000000 ---p 00000000 00:00 0 
7f0834000000-7f0834021000 rw-p 00000000 00:00 0 
7f0834021000-7f0838000000 ---p 00000000 00:00 0 
7f0838000000-7f0838021000 rw-p 00000000 00:00 0 
7f0838021000-7f083c000000 ---p 00000000 00:00 0 
7f083c000000-7f083c021000 rw-p 00000000 00:00 0 
7f083c021000-7f0840000000 ---p 00000000 00:00 0 
7f0840000000-7f08400f9000 rw-p 00000000 00:00 0 
7f08400f9000-7f0844000000 ---p 00000000 00:00 0 
7f0844000000-7f08443dd000 rw-p 00000000 00:00 0 
7f08443dd000-7f0848000000 ---p 00000000 00:00 0 
7f0848000000-7f0848021000 rw-p 00000000 00:00 0 
7f0848021000-7f084c000000 ---p 00000000 00:00 0 
7f084c000000-7f084c3c5000 rw-p 00000000 00:00 0 
7f084c3c5000-7f0850000000 ---p 00000000 00:00 0 
7f0850000000-7f08502ad000 rw-p 00000000 00:00 0 
7f08502ad000-7f0854000000 ---p 00000000 00:00 0 
7f0854000000-7f0854021000 rw-p 00000000 00:00 0 
7f0854021000-7f0858000000 ---p 00000000 00:00 0 
7f0858000000-7f0858021000 rw-p 00000000 00:00 0 
7f0858021000-7f085c000000 ---p 00000000 00:00 0 
7f085c000000-7f085c021000 rw-p 00000000 00:00 0 
7f085c021000-7f0860000000 ---p 00000000 00:00 0 
7f0860000000-7f0860021000 rw-p 00000000 00:00 0 
7f0860021000-7f0864000000 ---p 00000000 00:00 0 
7f0864000000-7f0864021000 rw-p 00000000 00:00 0 
7f0864021000-7f0868000000 ---p 00000000 00:00 0 
7f0868000000-7f0868021000 rw-p 00000000 00:00 0 
7f0868021000-7f086c000000 ---p 00000000 00:00 0 
7f086c000000-7f086c021000 rw-p 00000000 00:00 0 
7f086c021000-7f0870000000 ---p 00000000 00:00 0 
7f0870000000-7f0870021000 rw-p 00000000 00:00 0 
7f0870021000-7f0874000000 ---p 00000000 00:00 0 
7f0874000000-7f0874021000 rw-p 00000000 00:00 0 
7f0874021000-7f0878000000 ---p 00000000 00:00 0 
7f087c000000-7f087c021000 rw-p 00000000 00:00 0 
7f087c021000-7f0880000000 ---p 00000000 00:00 0 
7f0880260000-7f0884000000 rw-p 00000000 00:00 0 
7f0884000000-7f0884021000 rw-p 00000000 00:00 0 
7f0884021000-7f0888000000 ---p 00000000 00:00 0 
7f0888605000-7f0888608000 ---p 00000000 00:00 0 
7f0888608000-7f0888706000 rw-p 00000000 00:00 0 
7f0888706000-7f0888709000 ---p 00000000 00:00 0 
7f0888709000-7f0888807000 rw-p 00000000 00:00 0 
7f0888807000-7f088880a000 ---p 00000000 00:00 0 
7f088880a000-7f0888908000 rw-p 00000000 00:00 0 
7f0888908000-7f088890b000 ---p 00000000 00:00 0 
7f088890b000-7f0888a09000 rw-p 00000000 00:00 0 
7f0888a09000-7f0888a0c000 ---p 00000000 00:00 0 
7f0888a0c000-7f0888b0a000 rw-p 00000000 00:00 0 
7f0888b0a000-7f0888b0d000 ---p 00000000 00:00 0 
7f0888b0d000-7f0888c0b000 rw-p 00000000 00:00 0 
7f0888c0b000-7f0888c0e000 ---p 00000000 00:00 0 
7f0888c0e000-7f0888ecc000 rw-p 00000000 00:00 0 
7f0888ecc000-7f0888f0c000 ---p 00000000 00:00 0 
7f0888f22000-7f0888f25000 ---p 00000000 00:00 0 
7f0888f25000-7f0888f5b000 rw-p 00000000 00:00 0 
7f0888f5b000-7f0888f5e000 ---p 00000000 00:00 0 
7f0888f5e000-7f0888f94000 rw-p 00000000 00:00 0 
7f0888f94000-7f0888f95000 ---p 00000000 00:00 0 
7f0888f95000-7f0889095000 rw-p 00000000 00:00 0 
7f0889095000-7f0889098000 ---p 00000000 00:00 0 
7f0889098000-7f0889196000 rw-p 00000000 00:00 0 
7f0889196000-7f0889197000 ---p 00000000 00:00 0 
7f0889197000-7f088919a000 ---p 00000000 00:00 0 
7f088919a000-7f0889297000 rw-p 00000000 00:00 0 
7f0889297000-7f0889298000 ---p 00000000 00:00 0 
7f0889298000-7f088929b000 ---p 00000000 00:00 0 
7f088929b000-7f0889398000 rw-p 00000000 00:00 0 
7f0889398000-7f0889399000 ---p 00000000 00:00 0 
7f0889399000-7f088939c000 ---p 00000000 00:00 0 
7f088939c000-7f0889499000 rw-p 00000000 00:00 0 
7f0889499000-7f08894a0000 r--s 0005e000 fe:02 6032687                    /opt/intellij-idea-ultimate-edition/lib/asm-all.jar
7f08894a0000-7f08894a2000 r--s 00003000 fe:02 6032832                    /opt/intellij-idea-ultimate-edition/lib/rt/debugger-agent.jar
7f08894a2000-7f08894a4000 r--s 0000a000 fe:02 8915268                    /opt/intellij-idea-ultimate-edition/plugins/Groovy/lib/agent/gragent.jar
7f08894a4000-7f08894a6000 r--s 00009000 fe:02 9971722                    /home/vogel/.gradle/caches/modules-2/files-2.1/org.slf4j/slf4j-api/1.7.22/a1c83373863cec7ae8d89dc1c5722d8cb6ec0309/slf4j-api-1.7.22.jar
7f08894a6000-7f08894aa000 r--s 0000c000 fe:02 7218912                    /home/vogel/.gradle/caches/modules-2/files-2.1/javax.validation/validation-api/1.1.0.Final/8613ae82954779d518631e05daa73a6a954817d5/validation-api-1.1.0.Final.jar
7f08894aa000-7f08894ae000 r--s 00019000 fe:02 7218910                    /home/vogel/.gradle/caches/modules-2/files-2.1/org.aspectj/aspectjrt/1.8.0/302d0fe0abba26bbf5f31c3cd5337b3125c744e3/aspectjrt-1.8.0.jar
7f08894ae000-7f08894c4000 r--s 000fb000 fe:02 9971732                    /home/vogel/.gradle/caches/modules-2/files-2.1/org.springframework/spring-core/4.3.6.RELEASE/690da099c3c2d2536210f0fd06ff3f336de43ad9/spring-core-4.3.6.RELEASE.jar
7f08894c4000-7f08894c8000 r--s 0002f000 fe:02 9971730                    /home/vogel/.gradle/caches/modules-2/files-2.1/commons-io/commons-io/2.5/2852e6e05fbb95076fc091f6d1780f1f8fe35e0f/commons-io-2.5.jar
7f08894c8000-7f08894cf000 r--s 00064000 fe:02 9971728                    /home/vogel/.gradle/caches/modules-2/files-2.1/org.apache.commons/commons-lang3/3.4/5fe28b9518e58819180a43a850fbc0dd24b7c050/commons-lang3-3.4.jar
7f08894cf000-7f08894df000 r--s 000a8000 fe:02 9971724                    /home/vogel/.gradle/caches/modules-2/files-2.1/org.apache.commons/commons-collections4/4.1/a4cf4688fe1c7e3a63aa636cc96d013af537768e/commons-collections4-4.1.jar
7f08894df000-7f08894fd000 r--s 00110000 fe:02 9972760                    /home/vogel/.gradle/caches/modules-2/files-2.1/org.mockito/mockito-all/1.10.19/539df70269cc254a58cccc5d8e43286b4a73bf30/mockito-all-1.10.19.jar
7f08894fd000-7f0889500000 ---p 00000000 00:00 0 
7f0889500000-7f08895fe000 rw-p 00000000 00:00 0 
7f08895fe000-7f0889601000 ---p 00000000 00:00 0 
7f0889601000-7f08896ff000 rw-p 00000000 00:00 0 
7f08896ff000-7f0889702000 ---p 00000000 00:00 0 
7f0889702000-7f0889800000 rw-p 00000000 00:00 0 
7f0889800000-7f0889804000 r-xp 00000000 fe:02 8660327                    /usr/lib/jvm/java-8-openjdk/jre/lib/amd64/libdt_socket.so
7f0889804000-7f0889a03000 ---p 00004000 fe:02 8660327                    /usr/lib/jvm/java-8-openjdk/jre/lib/amd64/libdt_socket.so
7f0889a03000-7f0889a04000 r--p 00003000 fe:02 8660327                    /usr/lib/jvm/java-8-openjdk/jre/lib/amd64/libdt_socket.so
7f0889a04000-7f0889a05000 rw-p 00004000 fe:02 8660327                    /usr/lib/jvm/java-8-openjdk/jre/lib/amd64/libdt_socket.so
7f0889a05000-7f0889a08000 ---p 00000000 00:00 0 
7f0889a08000-7f0889b06000 rw-p 00000000 00:00 0 
7f0889b06000-7f0889b09000 ---p 00000000 00:00 0 
7f0889b09000-7f0889c07000 rw-p 00000000 00:00 0 
7f0889c07000-7f0889c0a000 ---p 00000000 00:00 0 
7f0889c0a000-7f0889d08000 rw-p 00000000 00:00 0 
7f0889d08000-7f0889d09000 ---p 00000000 00:00 0 
7f0889d09000-7f088ad66000 rw-p 00000000 00:00 0 
7f088ad66000-7f088af35000 r--s 03c2b000 fe:02 8660287                    /usr/lib/jvm/java-8-openjdk/jre/lib/rt.jar
7f088af35000-7f088bb0f000 rw-p 00000000 00:00 0 
7f088bb0f000-7f088bb10000 ---p 00000000 00:00 0 
7f088bb10000-7f088bc10000 rw-p 00000000 00:00 0 
7f088bc10000-7f088bc11000 ---p 00000000 00:00 0 
7f088bc11000-7f088bd11000 rw-p 00000000 00:00 0 
7f088bd11000-7f088bd12000 ---p 00000000 00:00 0 
7f088bd12000-7f088be3c000 rw-p 00000000 00:00 0 
7f088be3c000-7f088c0a4000 ---p 00000000 00:00 0 
7f088c0a4000-7f088c0ce000 rw-p 00000000 00:00 0 
7f088c0ce000-7f088c335000 ---p 00000000 00:00 0 
7f088c335000-7f088c34a000 rw-p 00000000 00:00 0 
7f088c34a000-7f088c47e000 ---p 00000000 00:00 0 
7f088c47e000-7f088c48c000 rw-p 00000000 00:00 0 
7f088c48c000-7f088c83f000 ---p 00000000 00:00 0 
7f088c83f000-7f088cb7f000 rwxp 00000000 00:00 0 
7f088cb7f000-7f089b83f000 ---p 00000000 00:00 0 
7f089b83f000-7f089b847000 r-xp 00000000 fe:02 8660347                    /usr/lib/jvm/java-8-openjdk/jre/lib/amd64/libzip.so
7f089b847000-7f089ba46000 ---p 00008000 fe:02 8660347                    /usr/lib/jvm/java-8-openjdk/jre/lib/amd64/libzip.so
7f089ba46000-7f089ba47000 r--p 00007000 fe:02 8660347                    /usr/lib/jvm/java-8-openjdk/jre/lib/amd64/libzip.so
7f089ba47000-7f089ba48000 rw-p 00008000 fe:02 8660347                    /usr/lib/jvm/java-8-openjdk/jre/lib/amd64/libzip.so
7f089ba48000-7f089ba53000 r-xp 00000000 fe:02 8521894                    /usr/lib/libnss_files-2.26.so
7f089ba53000-7f089bc52000 ---p 0000b000 fe:02 8521894                    /usr/lib/libnss_files-2.26.so
7f089bc52000-7f089bc53000 r--p 0000a000 fe:02 8521894                    /usr/lib/libnss_files-2.26.so
7f089bc53000-7f089bc54000 rw-p 0000b000 fe:02 8521894                    /usr/lib/libnss_files-2.26.so
7f089bc54000-7f089bc5a000 rw-p 00000000 00:00 0 
7f089bc5a000-7f089bc64000 r-xp 00000000 fe:02 8660345                    /usr/lib/jvm/java-8-openjdk/jre/lib/amd64/libinstrument.so
7f089bc64000-7f089be63000 ---p 0000a000 fe:02 8660345                    /usr/lib/jvm/java-8-openjdk/jre/lib/amd64/libinstrument.so
7f089be63000-7f089be64000 r--p 00009000 fe:02 8660345                    /usr/lib/jvm/java-8-openjdk/jre/lib/amd64/libinstrument.so
7f089be64000-7f089be65000 rw-p 0000a000 fe:02 8660345                    /usr/lib/jvm/java-8-openjdk/jre/lib/amd64/libinstrument.so
7f089be65000-7f089c000000 r--p 00000000 fe:02 8559258                    /usr/lib/locale/locale-archive
7f089c000000-7f089c655000 rw-p 00000000 00:00 0 
7f089c655000-7f08a0000000 ---p 00000000 00:00 0 
7f08a0000000-7f08a0002000 r--s 0000e000 fe:02 9971734                    /home/vogel/.gradle/caches/modules-2/files-2.1/commons-logging/commons-logging/1.2/4bfc12adfe4842bf07b657f0369c4cb522955686/commons-logging-1.2.jar
7f08a0002000-7f08a0004000 r--s 0000c000 fe:02 9971726                    /home/vogel/.gradle/caches/modules-2/files-2.1/org.apache.commons/commons-exec/1.3/8dfb9facd0830a27b1b5f29f84593f0aeee7773b/commons-exec-1.3.jar
7f08a0004000-7f08a0006000 r--s 00011000 fe:02 7218908                    /home/vogel/.gradle/caches/modules-2/files-2.1/com.jcabi/jcabi-aspects/0.17.1/2d9bac51d83b7fc46b0aad27a5327b1fdd58db61/jcabi-aspects-0.17.1.jar
7f08a0006000-7f08a000a000 r--s 007d3000 fe:02 9971720                    /home/vogel/.gradle/caches/modules-2/files-2.1/ch.vorburger.mariaDB4j/mariaDB4j-db-mac64/10.1.9/ea3899ee7639f5c0e24cd3100243d18564087d21/mariaDB4j-db-mac64-10.1.9.jar
7f08a000a000-7f08a000c000 r--s 0076b000 fe:02 9971718                    /home/vogel/.gradle/caches/modules-2/files-2.1/ch.vorburger.mariaDB4j/mariaDB4j-db-win32/10.1.20/c65aaf852c9ec7199649a7fab494797ebff6055a/mariaDB4j-db-win32-10.1.20.jar
7f08a000c000-7f08a0010000 r--s 02964000 fe:02 9971716                    /home/vogel/.gradle/caches/modules-2/files-2.1/ch.vorburger.mariaDB4j/mariaDB4j-db-linux64/10.1.13/1bde3f6f545249ac32a98bd459669b50a5c9fe0c/mariaDB4j-db-linux64-10.1.13.jar
7f08a0010000-7f08a0012000 r--s 0000c000 fe:02 9971714                    /home/vogel/.gradle/caches/modules-2/files-2.1/ch.vorburger.mariaDB4j/mariaDB4j-core/2.2.3/74b4a5e035c3a0e583852852e277609a6f0e909a/mariaDB4j-core-2.2.3.jar
7f08a0012000-7f08a0014000 r--s 00009000 fe:02 5640741                    /home/vogel/.gradle/caches/modules-2/files-2.1/org.hamcrest/hamcrest-core/1.3/42a25dc3219429f0e5d060061f71acb49bf010a0/hamcrest-core-1.3.jar
7f08a0014000-7f08a0016000 r--s 00003000 fe:02 9971712                    /home/vogel/.gradle/caches/modules-2/files-2.1/ch.vorburger.mariaDB4j/mariaDB4j/2.2.3/85e7be5e374935bc81cb408211644422e607af29/mariaDB4j-2.2.3.jar
7f08a0016000-7f08a001e000 r--s 00045000 fe:02 5640711                    /home/vogel/.gradle/caches/modules-2/files-2.1/junit/junit/4.12/2973d150c0dc1fefe998f834810d68f278ea58ec/junit-4.12.jar
7f08a001e000-7f08a0021000 r--s 0000e000 fe:02 9719172                    /home/vogel/.gradle/caches/modules-2/files-2.1/com.fasterxml.jackson.core/jackson-annotations/2.9.0/7c10d545325e3a6e72e06381afe469fd40eb701/jackson-annotations-2.9.0.jar
7f08a0021000-7f08a0097000 rw-p 00000000 00:00 0 
7f08a0097000-7f08a0098000 ---p 00000000 00:00 0 
7f08a0098000-7f08a0198000 rw-p 00000000 00:00 0 
7f08a0198000-7f08a019a000 r-xp 00000000 fe:02 8660332                    /usr/lib/jvm/java-8-openjdk/jre/lib/amd64/libnpt.so
7f08a019a000-7f08a039a000 ---p 00002000 fe:02 8660332                    /usr/lib/jvm/java-8-openjdk/jre/lib/amd64/libnpt.so
7f08a039a000-7f08a039b000 r--p 00002000 fe:02 8660332                    /usr/lib/jvm/java-8-openjdk/jre/lib/amd64/libnpt.so
7f08a039b000-7f08a039c000 rw-p 00003000 fe:02 8660332                    /usr/lib/jvm/java-8-openjdk/jre/lib/amd64/libnpt.so
7f08a039c000-7f08a03d7000 r-xp 00000000 fe:02 8660294                    /usr/lib/jvm/java-8-openjdk/jre/lib/amd64/libjdwp.so
7f08a03d7000-7f08a05d6000 ---p 0003b000 fe:02 8660294                    /usr/lib/jvm/java-8-openjdk/jre/lib/amd64/libjdwp.so
7f08a05d6000-7f08a05d7000 r--p 0003a000 fe:02 8660294                    /usr/lib/jvm/java-8-openjdk/jre/lib/amd64/libjdwp.so
7f08a05d7000-7f08a05d8000 rw-p 0003b000 fe:02 8660294                    /usr/lib/jvm/java-8-openjdk/jre/lib/amd64/libjdwp.so
7f08a05d8000-7f08a0606000 r-xp 00000000 fe:02 8660323                    /usr/lib/jvm/java-8-openjdk/jre/lib/amd64/libjava.so
7f08a0606000-7f08a0805000 ---p 0002e000 fe:02 8660323                    /usr/lib/jvm/java-8-openjdk/jre/lib/amd64/libjava.so
7f08a0805000-7f08a0806000 r--p 0002d000 fe:02 8660323                    /usr/lib/jvm/java-8-openjdk/jre/lib/amd64/libjava.so
7f08a0806000-7f08a0808000 rw-p 0002e000 fe:02 8660323                    /usr/lib/jvm/java-8-openjdk/jre/lib/amd64/libjava.so
7f08a0808000-7f08a0815000 r-xp 00000000 fe:02 8660300                    /usr/lib/jvm/java-8-openjdk/jre/lib/amd64/libverify.so
7f08a0815000-7f08a0a14000 ---p 0000d000 fe:02 8660300                    /usr/lib/jvm/java-8-openjdk/jre/lib/amd64/libverify.so
7f08a0a14000-7f08a0a16000 r--p 0000c000 fe:02 8660300                    /usr/lib/jvm/java-8-openjdk/jre/lib/amd64/libverify.so
7f08a0a16000-7f08a0a17000 rw-p 0000e000 fe:02 8660300                    /usr/lib/jvm/java-8-openjdk/jre/lib/amd64/libverify.so
7f08a0a17000-7f08a0a1e000 r-xp 00000000 fe:02 8521883                    /usr/lib/librt-2.26.so
7f08a0a1e000-7f08a0c1d000 ---p 00007000 fe:02 8521883                    /usr/lib/librt-2.26.so
7f08a0c1d000-7f08a0c1e000 r--p 00006000 fe:02 8521883                    /usr/lib/librt-2.26.so
7f08a0c1e000-7f08a0c1f000 rw-p 00007000 fe:02 8521883                    /usr/lib/librt-2.26.so
7f08a0c1f000-7f08a0d6a000 r-xp 00000000 fe:02 8521888                    /usr/lib/libm-2.26.so
7f08a0d6a000-7f08a0f69000 ---p 0014b000 fe:02 8521888                    /usr/lib/libm-2.26.so
7f08a0f69000-7f08a0f6a000 r--p 0014a000 fe:02 8521888                    /usr/lib/libm-2.26.so
7f08a0f6a000-7f08a0f6b000 rw-p 0014b000 fe:02 8521888                    /usr/lib/libm-2.26.so
7f08a0f6b000-7f08a1c03000 r-xp 00000000 fe:02 8660352                    /usr/lib/jvm/java-8-openjdk/jre/lib/amd64/server/libjvm.so
7f08a1c03000-7f08a1e02000 ---p 00c98000 fe:02 8660352                    /usr/lib/jvm/java-8-openjdk/jre/lib/amd64/server/libjvm.so
7f08a1e02000-7f08a1e96000 r--p 00c97000 fe:02 8660352                    /usr/lib/jvm/java-8-openjdk/jre/lib/amd64/server/libjvm.so
7f08a1e96000-7f08a1ebe000 rw-p 00d2b000 fe:02 8660352                    /usr/lib/jvm/java-8-openjdk/jre/lib/amd64/server/libjvm.so
7f08a1ebe000-7f08a1eef000 rw-p 00000000 00:00 0 
7f08a1eef000-7f08a209d000 r-xp 00000000 fe:02 8521959                    /usr/lib/libc-2.26.so
7f08a209d000-7f08a229c000 ---p 001ae000 fe:02 8521959                    /usr/lib/libc-2.26.so
7f08a229c000-7f08a22a0000 r--p 001ad000 fe:02 8521959                    /usr/lib/libc-2.26.so
7f08a22a0000-7f08a22a2000 rw-p 001b1000 fe:02 8521959                    /usr/lib/libc-2.26.so
7f08a22a2000-7f08a22a6000 rw-p 00000000 00:00 0 
7f08a22a6000-7f08a22a9000 r-xp 00000000 fe:02 8521890                    /usr/lib/libdl-2.26.so
7f08a22a9000-7f08a24a8000 ---p 00003000 fe:02 8521890                    /usr/lib/libdl-2.26.so
7f08a24a8000-7f08a24a9000 r--p 00002000 fe:02 8521890                    /usr/lib/libdl-2.26.so
7f08a24a9000-7f08a24aa000 rw-p 00003000 fe:02 8521890                    /usr/lib/libdl-2.26.so
7f08a24aa000-7f08a24b8000 r-xp 00000000 fe:02 8660351                    /usr/lib/jvm/java-8-openjdk/jre/lib/amd64/jli/libjli.so
7f08a24b8000-7f08a26b7000 ---p 0000e000 fe:02 8660351                    /usr/lib/jvm/java-8-openjdk/jre/lib/amd64/jli/libjli.so
7f08a26b7000-7f08a26b8000 r--p 0000d000 fe:02 8660351                    /usr/lib/jvm/java-8-openjdk/jre/lib/amd64/jli/libjli.so
7f08a26b8000-7f08a26b9000 rw-p 0000e000 fe:02 8660351                    /usr/lib/jvm/java-8-openjdk/jre/lib/amd64/jli/libjli.so
7f08a26b9000-7f08a26cf000 r-xp 00000000 fe:02 8532446                    /usr/lib/libz.so.1.2.11
7f08a26cf000-7f08a28ce000 ---p 00016000 fe:02 8532446                    /usr/lib/libz.so.1.2.11
7f08a28ce000-7f08a28cf000 r--p 00015000 fe:02 8532446                    /usr/lib/libz.so.1.2.11
7f08a28cf000-7f08a28d0000 rw-p 00016000 fe:02 8532446                    /usr/lib/libz.so.1.2.11
7f08a28d0000-7f08a28e9000 r-xp 00000000 fe:02 8521979                    /usr/lib/libpthread-2.26.so
7f08a28e9000-7f08a2ae8000 ---p 00019000 fe:02 8521979                    /usr/lib/libpthread-2.26.so
7f08a2ae8000-7f08a2ae9000 r--p 00018000 fe:02 8521979                    /usr/lib/libpthread-2.26.so
7f08a2ae9000-7f08a2aea000 rw-p 00019000 fe:02 8521979                    /usr/lib/libpthread-2.26.so
7f08a2aea000-7f08a2aee000 rw-p 00000000 00:00 0 
7f08a2aee000-7f08a2b13000 r-xp 00000000 fe:02 8521960                    /usr/lib/ld-2.26.so
7f08a2b13000-7f08a2b14000 r--s 00009000 fe:02 7084286                    /home/vogel/.gradle/caches/modules-2/files-2.1/com.jcabi/jcabi-log/0.14.3/104b227745ac9800f076667e06f60db6d32f89dd/jcabi-log-0.14.3.jar
7f08a2b14000-7f08a2b27000 r--s 00136000 fe:02 8391305                    /home/vogel/.gradle/caches/modules-2/files-2.1/com.fasterxml.jackson.core/jackson-databind/2.9.4/498bbc3b94f566982c7f7c6d4d303fce365529be/jackson-databind-2.9.4.jar
7f08a2b27000-7f08a2b2b000 r--s 0004b000 fe:02 7870462                    /home/vogel/.gradle/caches/modules-2/files-2.1/com.fasterxml.jackson.core/jackson-core/2.9.4/a9a71ec1aa37da47db168fede9a4a5fb5e374320/jackson-core-2.9.4.jar
7f08a2b2b000-7f08a2b32000 r--s 0004b000 fe:02 5641268                    /home/vogel/.gradle/caches/modules-2/files-2.1/commons-codec/commons-codec/1.11/3acb4705652e16236558f0f4f2192cc33c3bd189/commons-codec-1.11.jar
7f08a2b32000-7f08a2b4a000 r--s 001d3000 fe:02 4590006                    /home/vogel/.gradle/caches/modules-2/files-2.1/mysql/mysql-connector-java/8.0.8-dmr/2b1c562057c48d99ac71d1dea7c8ccebe1e43812/mysql-connector-java-8.0.8-dmr.jar
7f08a2b4a000-7f08a2b5d000 r--s 00346000 fe:02 8660279                    /usr/lib/jvm/java-8-openjdk/jre/lib/resources.jar
7f08a2b5d000-7f08a2bdf000 rw-p 00000000 00:00 0 
7f08a2bdf000-7f08a2be0000 ---p 00000000 00:00 0 
7f08a2be0000-7f08a2be3000 ---p 00000000 00:00 0 
7f08a2be3000-7f08a2ce4000 rw-p 00000000 00:00 0 
7f08a2ce4000-7f08a2ce5000 r--s 0000c000 fe:02 5640709                    /home/vogel/.gradle/caches/modules-2/files-2.1/org.hamcrest/hamcrest-library/1.3/4785a3c21320980282f9f33d0d1264a69040538f/hamcrest-library-1.3.jar
7f08a2ce5000-7f08a2ce6000 r--s 00004000 fe:02 7084284                    /home/vogel/.gradle/caches/modules-2/files-2.1/com.jcabi/jcabi-matchers/1.3/4a6442cfadc6f2d4e8def087e32c4f9948044aa5/jcabi-matchers-1.3.jar
7f08a2ce6000-7f08a2ce9000 r--s 00015000 fe:02 9971708                    /home/vogel/.gradle/caches/modules-2/files-2.1/commons-dbutils/commons-dbutils/1.7/a2d6e515aa87e5d38f6b3003e70b13c1b1f19ca0/commons-dbutils-1.7.jar
7f08a2ce9000-7f08a2cec000 r--s 00011000 fe:02 9584974                    /home/vogel/.gradle/caches/modules-2/files-2.1/org.glassfish/javax.json/1.0.2/e8a419fdc37481f2b54c6b711eb36708b70a204b/javax.json-1.0.2.jar
7f08a2cec000-7f08a2ced000 r--s 00004000 fe:02 4589819                    /home/vogel/.gradle/caches/modules-2/files-2.1/javax.json/javax.json-api/1.0/a74939ecbf7294b40accb4048929577f5ddcee2/javax.json-api-1.0.jar
7f08a2ced000-7f08a2cef000 r--s 00007000 fe:02 10094437                   /home/vogel/.gradle/caches/modules-2/files-2.1/javax.websocket/javax.websocket-api/1.0/fc843b649d4a1dcb0497669d262befa3918c7ba8/javax.websocket-api-1.0.jar
7f08a2cef000-7f08a2cf2000 r--s 00015000 fe:02 10094435                   /home/vogel/.gradle/caches/modules-2/files-2.1/javax.servlet/javax.servlet-api/3.1.0/3cd63d075497751784b2fa84be59432f4905bf7c/javax.servlet-api-3.1.0.jar
7f08a2cf2000-7f08a2cf3000 r--s 00000000 fe:02 8660268                    /usr/lib/jvm/java-8-openjdk/jre/lib/management-agent.jar
7f08a2cf3000-7f08a2cf8000 r--s 0009d000 fe:02 8660269                    /usr/lib/jvm/java-8-openjdk/jre/lib/jsse.jar
7f08a2cf8000-7f08a2cfb000 r--s 00015000 fe:02 8660276                    /usr/lib/jvm/java-8-openjdk/jre/lib/jce.jar
7f08a2cfb000-7f08a2d00000 r--s 002f9000 fe:02 8660277                    /usr/lib/jvm/java-8-openjdk/jre/lib/charsets.jar
7f08a2d00000-7f08a2d01000 r--s 00008000 fe:02 6691859                    /opt/intellij-idea-ultimate-edition/plugins/junit/lib/junit5-rt.jar
7f08a2d01000-7f08a2d04000 r--s 0001f000 fe:02 6691861                    /opt/intellij-idea-ultimate-edition/plugins/junit/lib/junit-rt.jar
7f08a2d04000-7f08a2d06000 r--s 0001a000 fe:02 6032698                    /opt/intellij-idea-ultimate-edition/lib/idea_rt.jar
7f08a2d06000-7f08a2d08000 r--s 00001000 fe:02 6032835                    /opt/intellij-idea-ultimate-edition/lib/rt/debugger-agent-storage.jar
7f08a2d08000-7f08a2d10000 rw-s 00000000 00:29 105330                     /tmp/hsperfdata_vogel/10657
7f08a2d10000-7f08a2d11000 rw-p 00000000 00:00 0 
7f08a2d11000-7f08a2d12000 ---p 00000000 00:00 0 
7f08a2d12000-7f08a2d13000 r--p 00024000 fe:02 8521960                    /usr/lib/ld-2.26.so
7f08a2d13000-7f08a2d14000 rw-p 00025000 fe:02 8521960                    /usr/lib/ld-2.26.so
7f08a2d14000-7f08a2d15000 rw-p 00000000 00:00 0 
7ffe71d7e000-7ffe71da0000 rw-p 00000000 00:00 0                          [stack]
7ffe71daf000-7ffe71db2000 r--p 00000000 00:00 0                          [vvar]
7ffe71db2000-7ffe71db4000 r-xp 00000000 00:00 0                          [vdso]

VM Arguments:
jvm_args: -agentlib:jdwp=transport=dt_socket,address=127.0.0.1:40895,suspend=y,server=n -ea -Didea.test.cyclic.buffer.size=1048576 -javaagent:/opt/intellij-idea-ultimate-edition/plugins/Groovy/lib/agent/gragent.jar -javaagent:/opt/intellij-idea-ultimate-edition/lib/rt/debugger-agent.jar=/tmp/capture.props -Dfile.encoding=UTF-8 
java_command: com.intellij.rt.execution.junit.JUnitStarter -ideVersion5 -junit4 org.pispeb.treff_server.commands.GetGroupDetailsCommandTest,invalidGroupId
java_class_path (initial): /opt/intellij-idea-ultimate-edition/lib/idea_rt.jar:/opt/intellij-idea-ultimate-edition/plugins/junit/lib/junit-rt.jar:/opt/intellij-idea-ultimate-edition/plugins/junit/lib/junit5-rt.jar:/usr/lib/jvm/default-runtime/jre/lib/charsets.jar:/usr/lib/jvm/default-runtime/jre/lib/ext/cldrdata.jar:/usr/lib/jvm/default-runtime/jre/lib/ext/dnsns.jar:/usr/lib/jvm/default-runtime/jre/lib/ext/jaccess.jar:/usr/lib/jvm/default-runtime/jre/lib/ext/localedata.jar:/usr/lib/jvm/default-runtime/jre/lib/ext/nashorn.jar:/usr/lib/jvm/default-runtime/jre/lib/ext/sunec.jar:/usr/lib/jvm/default-runtime/jre/lib/ext/sunjce_provider.jar:/usr/lib/jvm/default-runtime/jre/lib/ext/sunpkcs11.jar:/usr/lib/jvm/default-runtime/jre/lib/ext/zipfs.jar:/usr/lib/jvm/default-runtime/jre/lib/jce.jar:/usr/lib/jvm/default-runtime/jre/lib/jsse.jar:/usr/lib/jvm/default-runtime/jre/lib/management-agent.jar:/usr/lib/jvm/default-runtime/jre/lib/resources.jar:/usr/lib/jvm/default-runtime/jre/lib/rt.jar:/home/vogel/Documents/pse/PSE/server/treff_server/out/test/classes:/home/vogel/Documents/pse/PSE/server/treff_server/out/production/classes:/home/vogel/Documents/pse/PSE/server/treff_server/out/production/resources:/home/vogel/.gradle/caches/modules-2/files-2.1/javax.servlet/javax.servlet-api/3.1.0/3cd63d075497751784b2fa84be59432f4905bf7c/javax.servlet-api-3.1.0.jar:/home/vogel/.gradle/caches/modules-2/files-2.1/javax.websocket/javax.websocket-api/1.0/fc843b649d4a1dcb0497669d262befa3918c7ba8/javax.websocket-api-1.0.jar:/home/vogel/.gradle/caches/modules-2/files-2.1/javax.json/javax.json-api/1.0/a74939ecbf7294b40accb4048929577f5ddcee2/javax.json-api-1.0.jar:/home/vogel/.gradle/caches/modules-2/files-2.1/org.glassfish/javax.json/1.0.2/e8a419fdc37481f2b54c6b711eb36708b70a204b/javax.json-1.0.2.jar:/home/vogel/.gradle/caches/modules-2/files-2.1/mysql/mysql-connector-java/8.0.8-dmr/2b1c562057c48d99ac71d1dea7c8ccebe1e43812/mysql-connector-java-8.0.8-dmr.jar:/home/vogel/.gradle/caches/modules-2/fil
Launcher Type: SUN_STANDARD

Environment Variables:
PATH=/usr/local/bin:/usr/local/sbin:/usr/bin:/usr/lib/jvm/default/bin:/usr/bin/site_perl:/usr/bin/vendor_perl:/usr/bin/core_perl:/opt/staruml/
USERNAME=vogel
SHELL=/bin/bash
DISPLAY=:0

Signal Handlers:
SIGSEGV: [libjvm.so+0xa9e370], sa_mask[0]=11111111011111111101111111111110, sa_flags=SA_RESTART|SA_SIGINFO
SIGBUS: [libjvm.so+0xa9e370], sa_mask[0]=11111111011111111101111111111110, sa_flags=SA_RESTART|SA_SIGINFO
SIGFPE: [libjvm.so+0x8d66a0], sa_mask[0]=11111111011111111101111111111110, sa_flags=SA_RESTART|SA_SIGINFO
SIGPIPE: [libjvm.so+0x8d66a0], sa_mask[0]=11111111011111111101111111111110, sa_flags=SA_RESTART|SA_SIGINFO
SIGXFSZ: [libjvm.so+0x8d66a0], sa_mask[0]=11111111011111111101111111111110, sa_flags=SA_RESTART|SA_SIGINFO
SIGILL: [libjvm.so+0x8d66a0], sa_mask[0]=11111111011111111101111111111110, sa_flags=SA_RESTART|SA_SIGINFO
SIGUSR1: SIG_DFL, sa_mask[0]=00000000000000000000000000000000, sa_flags=none
SIGUSR2: [libjvm.so+0x8d6550], sa_mask[0]=00100000000000000000000000000000, sa_flags=SA_RESTART|SA_SIGINFO
SIGHUP: [libjvm.so+0x8d6a00], sa_mask[0]=11111111011111111101111111111110, sa_flags=SA_RESTART|SA_SIGINFO
SIGINT: [libjvm.so+0x8d6a00], sa_mask[0]=11111111011111111101111111111110, sa_flags=SA_RESTART|SA_SIGINFO
SIGTERM: [libjvm.so+0x8d6a00], sa_mask[0]=11111111011111111101111111111110, sa_flags=SA_RESTART|SA_SIGINFO
SIGQUIT: [libjvm.so+0x8d6a00], sa_mask[0]=11111111011111111101111111111110, sa_flags=SA_RESTART|SA_SIGINFO


---------------  S Y S T E M  ---------------

OS:NAME="Arch Linux"
PRETTY_NAME="Arch Linux"
ID=arch
ID_LIKE=archlinux
ANSI_COLOR="0;36"
HOME_URL="https://www.archlinux.org/"
SUPPORT_URL="https://bbs.archlinux.org/"
BUG_REPORT_URL="https://bugs.archlinux.org/"

uname:Linux 4.15.6-1-ARCH #1 SMP PREEMPT Sun Feb 25 12:53:23 UTC 2018 x86_64
libc:glibc 2.26 NPTL 2.26 
rlimit: STACK 8192k, CORE infinity, NPROC 30906, NOFILE 4096, AS infinity
load average:1.04 0.74 0.67

/proc/meminfo:
MemTotal:        8076180 kB
MemFree:         3956724 kB
MemAvailable:    4926872 kB
Buffers:           82084 kB
Cached:          1501888 kB
SwapCached:            0 kB
Active:          2891448 kB
Inactive:         989412 kB
Active(anon):    2422568 kB
Inactive(anon):   299144 kB
Active(file):     468880 kB
Inactive(file):   690268 kB
Unevictable:           0 kB
Mlocked:               0 kB
SwapTotal:       8388604 kB
SwapFree:        8388604 kB
Dirty:              3172 kB
Writeback:             0 kB
AnonPages:       2296988 kB
Mapped:           335684 kB
Shmem:            424828 kB
Slab:             108332 kB
SReclaimable:      70856 kB
SUnreclaim:        37476 kB
KernelStack:       10880 kB
PageTables:        40024 kB
NFS_Unstable:          0 kB
Bounce:                0 kB
WritebackTmp:          0 kB
CommitLimit:    12426692 kB
Committed_AS:    6997920 kB
VmallocTotal:   34359738367 kB
VmallocUsed:           0 kB
VmallocChunk:          0 kB
HardwareCorrupted:     0 kB
AnonHugePages:         0 kB
ShmemHugePages:        0 kB
ShmemPmdMapped:        0 kB
HugePages_Total:       0
HugePages_Free:        0
HugePages_Rsvd:        0
HugePages_Surp:        0
Hugepagesize:       2048 kB
DirectMap4k:      127600 kB
DirectMap2M:     8165376 kB


CPU:total 4 (initial active 4) (2 cores per cpu, 2 threads per core) family 6 model 58 stepping 9, cmov, cx8, fxsr, mmx, sse, sse2, sse3, ssse3, sse4.1, sse4.2, popcnt, avx, aes, clmul, erms, ht, tsc, tscinvbit, tscinv

/proc/cpuinfo:
processor	: 0
vendor_id	: GenuineIntel
cpu family	: 6
model		: 58
model name	: Intel(R) Core(TM) i5-3210M CPU @ 2.50GHz
stepping	: 9
microcode	: 0x15
cpu MHz		: 2893.685
cache size	: 3072 KB
physical id	: 0
siblings	: 4
core id		: 0
cpu cores	: 2
apicid		: 0
initial apicid	: 0
fpu		: yes
fpu_exception	: yes
cpuid level	: 13
wp		: yes
flags		: fpu vme de pse tsc msr pae mce cx8 apic sep mtrr pge mca cmov pat pse36 clflush dts acpi mmx fxsr sse sse2 ss ht tm pbe syscall nx rdtscp lm constant_tsc arch_perfmon pebs bts rep_good nopl xtopology nonstop_tsc cpuid aperfmperf pni pclmulqdq dtes64 monitor ds_cpl vmx est tm2 ssse3 cx16 xtpr pdcm pcid sse4_1 sse4_2 x2apic popcnt tsc_deadline_timer aes xsave avx f16c rdrand lahf_lm cpuid_fault pti tpr_shadow vnmi flexpriority ept vpid fsgsbase smep erms xsaveopt dtherm ida arat pln pts
bugs		: cpu_meltdown spectre_v1 spectre_v2
bogomips	: 4988.82
clflush size	: 64
cache_alignment	: 64
address sizes	: 36 bits physical, 48 bits virtual
power management:

processor	: 1
vendor_id	: GenuineIntel
cpu family	: 6
model		: 58
model name	: Intel(R) Core(TM) i5-3210M CPU @ 2.50GHz
stepping	: 9
microcode	: 0x15
cpu MHz		: 2893.516
cache size	: 3072 KB
physical id	: 0
siblings	: 4
core id		: 1
cpu cores	: 2
apicid		: 2
initial apicid	: 2
fpu		: yes
fpu_exception	: yes
cpuid level	: 13
wp		: yes
flags		: fpu vme de pse tsc msr pae mce cx8 apic sep mtrr pge mca cmov pat pse36 clflush dts acpi mmx fxsr sse sse2 ss ht tm pbe syscall nx rdtscp lm constant_tsc arch_perfmon pebs bts rep_good nopl xtopology nonstop_tsc cpuid aperfmperf pni pclmulqdq dtes64 monitor ds_cpl vmx est tm2 ssse3 cx16 xtpr pdcm pcid sse4_1 sse4_2 x2apic popcnt tsc_deadline_timer aes xsave avx f16c rdrand lahf_lm cpuid_fault pti tpr_shadow vnmi flexpriority ept vpid fsgsbase smep erms xsaveopt dtherm ida arat pln pts
bugs		: cpu_meltdown spectre_v1 spectre_v2
bogomips	: 4988.82
clflush size	: 64
cache_alignment	: 64
address sizes	: 36 bits physical, 48 bits virtual
power management:

processor	: 2
vendor_id	: GenuineIntel
cpu family	: 6
model		: 58
model name	: Intel(R) Core(TM) i5-3210M CPU @ 2.50GHz
stepping	: 9
microcode	: 0x15
cpu MHz		: 2893.515
cache size	: 3072 KB
physical id	: 0
siblings	: 4
core id		: 0
cpu cores	: 2
apicid		: 1
initial apicid	: 1
fpu		: yes
fpu_exception	: yes
cpuid level	: 13
wp		: yes
flags		: fpu vme de pse tsc msr pae mce cx8 apic sep mtrr pge mca cmov pat pse36 clflush dts acpi mmx fxsr sse sse2 ss ht tm pbe syscall nx rdtscp lm constant_tsc arch_perfmon pebs bts rep_good nopl xtopology nonstop_tsc cpuid aperfmperf pni pclmulqdq dtes64 monitor ds_cpl vmx est tm2 ssse3 cx16 xtpr pdcm pcid sse4_1 sse4_2 x2apic popcnt tsc_deadline_timer aes xsave avx f16c rdrand lahf_lm cpuid_fault pti tpr_shadow vnmi flexpriority ept vpid fsgsbase smep erms xsaveopt dtherm ida arat pln pts
bugs		: cpu_meltdown spectre_v1 spectre_v2
bogomips	: 4988.82
clflush size	: 64
cache_alignment	: 64
address sizes	: 36 bits physical, 48 bits virtual
power management:

processor	: 3
vendor_id	: GenuineIntel
cpu family	: 6
model		: 58
model name	: Intel(R) Core(TM) i5-3210M CPU @ 2.50GHz
stepping	: 9
microcode	: 0x15
cpu MHz		: 2893.515
cache size	: 3072 KB
physical id	: 0
siblings	: 4
core id		: 1
cpu cores	: 2
apicid		: 3
initial apicid	: 3
fpu		: yes
fpu_exception	: yes
cpuid level	: 13
wp		: yes
flags		: fpu vme de pse tsc msr pae mce cx8 apic sep mtrr pge mca cmov pat pse36 clflush dts acpi mmx fxsr sse sse2 ss ht tm pbe syscall nx rdtscp lm constant_tsc arch_perfmon pebs bts rep_good nopl xtopology nonstop_tsc cpuid aperfmperf pni pclmulqdq dtes64 monitor ds_cpl vmx est tm2 ssse3 cx16 xtpr pdcm pcid sse4_1 sse4_2 x2apic popcnt tsc_deadline_timer aes xsave avx f16c rdrand lahf_lm cpuid_fault pti tpr_shadow vnmi flexpriority ept vpid fsgsbase smep erms xsaveopt dtherm ida arat pln pts
bugs		: cpu_meltdown spectre_v1 spectre_v2
bogomips	: 4988.82
clflush size	: 64
cache_alignment	: 64
address sizes	: 36 bits physical, 48 bits virtual
power management:



Memory: 4k page, physical 8076180k(3956724k free), swap 8388604k(8388604k free)

vm_info: OpenJDK 64-Bit Server VM (25.162-b12) for linux-amd64 JRE (1.8.0_162-b12), built on Feb 27 2018 12:14:51 by "builduser" with gcc 7.3.0

time: Thu Mar  1 21:32:06 2018
elapsed time: 13 seconds (0d 0h 0m 13s)

